#
# There is insufficient memory for the Java Runtime Environment to continue.
# Native memory allocation (malloc) failed to allocate 908656 bytes. Error detail: Chunk::new
# Possible reasons:
#   The system is out of physical RAM or swap space
#   This process is running with CompressedOops enabled, and the Java Heap may be blocking the growth of the native heap
# Possible solutions:
#   Reduce memory load on the system
#   Increase physical memory or swap space
#   Check if swap backing store is full
#   Decrease Java heap size (-Xmx/-Xms)
#   Decrease number of Java threads
#   Decrease Java thread stack sizes (-Xss)
#   Set larger code cache with -XX:ReservedCodeCacheSize=
#   JVM is running with Unscaled Compressed Oops mode in which the Java heap is
#     placed in the first 4GB address space. The Java Heap base address is the
#     maximum limit for the native heap growth. Please use -XX:HeapBaseMinAddress
#     to set the Java Heap base and to place the Java Heap above 4GB virtual address.
# This output file may be truncated or incomplete.
#
#  Out of Memory Error (arena.cpp:150), pid=30660, tid=25612
#
# JRE version: Java(TM) SE Runtime Environment (22.0.1+8) (build 22.0.1+8-16)
# Java VM: Java HotSpot(TM) 64-Bit Server VM (22.0.1+8-16, mixed mode, sharing, tiered, compressed oops, compressed class ptrs, g1 gc, windows-amd64)
# No core dump will be written. Minidumps are not enabled by default on client versions of Windows
#

---------------  S U M M A R Y ------------

Command Line: -XX:MaxMetaspaceSize=512m --add-opens=java.base/java.util=ALL-UNNAMED --add-opens=java.base/java.lang=ALL-UNNAMED --add-opens=java.base/java.lang.invoke=ALL-UNNAMED --add-opens=java.prefs/java.util.prefs=ALL-UNNAMED --add-opens=java.base/java.nio.charset=ALL-UNNAMED --add-opens=java.base/java.net=ALL-UNNAMED --add-opens=java.base/java.util.concurrent.atomic=ALL-UNNAMED -Xmx2048m -Dfile.encoding=UTF-8 -Duser.country=US -Duser.language=en -Duser.variant org.gradle.launcher.daemon.bootstrap.GradleDaemon 8.0.1

Host: Intel(R) Core(TM) i5-7300U CPU @ 2.60GHz, 4 cores, 7G,  Windows 10 , 64 bit Build 19041 (10.0.19041.5915)
Time: Mon Sep 29 09:08:18 2025 SE Asia Standard Time elapsed time: 144.519647 seconds (0d 0h 2m 24s)

---------------  T H R E A D  ---------------

Current thread (0x000001fdfeb24250):  JavaThread "C2 CompilerThread0" daemon [_thread_in_native, id=25612, stack(0x000000da42300000,0x000000da42400000) (1024K)]


Current CompileTask:
C2:144519 4168       4       java.util.regex.Pattern::compile (537 bytes)

Stack: [0x000000da42300000,0x000000da42400000]
Native frames: (J=compiled Java code, j=interpreted, Vv=VM code, C=native code)
V  [jvm.dll+0x6e2279]  (no source info available)
V  [jvm.dll+0x874e33]  (no source info available)
V  [jvm.dll+0x87725e]  (no source info available)
V  [jvm.dll+0x877933]  (no source info available)
V  [jvm.dll+0x27fd76]  (no source info available)
V  [jvm.dll+0xc3d0f]  (no source info available)
V  [jvm.dll+0xc3f6b]  (no source info available)
V  [jvm.dll+0x3bb0d2]  (no source info available)
V  [jvm.dll+0x387b6b]  (no source info available)
V  [jvm.dll+0x386fda]  (no source info available)
V  [jvm.dll+0x247918]  (no source info available)
V  [jvm.dll+0x246fbf]  (no source info available)
V  [jvm.dll+0x1c4e90]  (no source info available)
V  [jvm.dll+0x2569fe]  (no source info available)
V  [jvm.dll+0x254cba]  (no source info available)
V  [jvm.dll+0x3f5336]  (no source info available)
V  [jvm.dll+0x81d44b]  (no source info available)
V  [jvm.dll+0x6e0915]  (no source info available)
C  [ucrtbase.dll+0x21bb2]  (no source info available)
C  [KERNEL32.DLL+0x17374]  (no source info available)
C  [ntdll.dll+0x4cc91]  (no source info available)


---------------  P R O C E S S  ---------------

Threads class SMR info:
_java_thread_list=0x000001fdbb183da0, length=32, elements={
0x000001fdf9bd4560, 0x000001fdfeb1c440, 0x000001fdfeb1d510, 0x000001fdfeb1f490,
0x000001fdfeb22000, 0x000001fdfeb22a60, 0x000001fdfeb234c0, 0x000001fdfeb24250,
0x000001fdfeb26f90, 0x000001fd993eaca0, 0x000001fd993ed320, 0x000001fdb9274510,
0x000001fdb9577e70, 0x000001fd99d045d0, 0x000001fdb9741920, 0x000001fdb9aca8a0,
0x000001fdb9ab4690, 0x000001fdb9ab32e0, 0x000001fdb9ab5a40, 0x000001fdb9ab4d20,
0x000001fdb9ab4000, 0x000001fdb9ab53b0, 0x000001fdb9ab60d0, 0x000001fdb9ab6760,
0x000001fdb9d1e7f0, 0x000001fdb9d1e160, 0x000001fdb9d1ee80, 0x000001fdb9d1cdb0,
0x000001fdb9d1ba00, 0x000001fdb9d1c090, 0x000001fdb9d1c720, 0x000001fdbb012220
}

Java Threads: ( => current thread )
  0x000001fdf9bd4560 JavaThread "main"                              [_thread_blocked, id=27456, stack(0x000000da41500000,0x000000da41600000) (1024K)]
  0x000001fdfeb1c440 JavaThread "Reference Handler"          daemon [_thread_blocked, id=22636, stack(0x000000da41d00000,0x000000da41e00000) (1024K)]
  0x000001fdfeb1d510 JavaThread "Finalizer"                  daemon [_thread_blocked, id=29200, stack(0x000000da41e00000,0x000000da41f00000) (1024K)]
  0x000001fdfeb1f490 JavaThread "Signal Dispatcher"          daemon [_thread_blocked, id=30648, stack(0x000000da41f00000,0x000000da42000000) (1024K)]
  0x000001fdfeb22000 JavaThread "Attach Listener"            daemon [_thread_blocked, id=22656, stack(0x000000da42000000,0x000000da42100000) (1024K)]
  0x000001fdfeb22a60 JavaThread "Service Thread"             daemon [_thread_blocked, id=28688, stack(0x000000da42100000,0x000000da42200000) (1024K)]
  0x000001fdfeb234c0 JavaThread "Monitor Deflation Thread"   daemon [_thread_blocked, id=27364, stack(0x000000da42200000,0x000000da42300000) (1024K)]
=>0x000001fdfeb24250 JavaThread "C2 CompilerThread0"         daemon [_thread_in_native, id=25612, stack(0x000000da42300000,0x000000da42400000) (1024K)]
  0x000001fdfeb26f90 JavaThread "C1 CompilerThread0"         daemon [_thread_blocked, id=30408, stack(0x000000da42400000,0x000000da42500000) (1024K)]
  0x000001fd993eaca0 JavaThread "Common-Cleaner"             daemon [_thread_blocked, id=16952, stack(0x000000da42500000,0x000000da42600000) (1024K)]
  0x000001fd993ed320 JavaThread "Notification Thread"        daemon [_thread_blocked, id=29212, stack(0x000000da42600000,0x000000da42700000) (1024K)]
  0x000001fdb9274510 JavaThread "Daemon health stats"               [_thread_blocked, id=22800, stack(0x000000da42a00000,0x000000da42b00000) (1024K)]
  0x000001fdb9577e70 JavaThread "Incoming local TCP Connector on port 57534"        [_thread_in_native, id=29340, stack(0x000000da42b00000,0x000000da42c00000) (1024K)]
  0x000001fd99d045d0 JavaThread "Daemon periodic checks"            [_thread_blocked, id=10512, stack(0x000000da42c00000,0x000000da42d00000) (1024K)]
  0x000001fdb9741920 JavaThread "Daemon"                            [_thread_blocked, id=10828, stack(0x000000da42d00000,0x000000da42e00000) (1024K)]
  0x000001fdb9aca8a0 JavaThread "Handler for socket connection from /127.0.0.1:57534 to /127.0.0.1:57535"        [_thread_in_native, id=4160, stack(0x000000da42e00000,0x000000da42f00000) (1024K)]
  0x000001fdb9ab4690 JavaThread "Cancel handler"                    [_thread_blocked, id=26452, stack(0x000000da42f00000,0x000000da43000000) (1024K)]
  0x000001fdb9ab32e0 JavaThread "Daemon worker"                     [_thread_in_Java, id=26080, stack(0x000000da43000000,0x000000da43100000) (1024K)]
  0x000001fdb9ab5a40 JavaThread "Asynchronous log dispatcher for DefaultDaemonConnection: socket connection from /127.0.0.1:57534 to /127.0.0.1:57535"        [_thread_blocked, id=7388, stack(0x000000da43100000,0x000000da43200000) (1024K)]
  0x000001fdb9ab4d20 JavaThread "Daemon client event forwarder"        [_thread_blocked, id=12936, stack(0x000000da43300000,0x000000da43400000) (1024K)]
  0x000001fdb9ab4000 JavaThread "Cache worker for journal cache (C:\Users\admin\.gradle\caches\journal-1)"        [_thread_blocked, id=21756, stack(0x000000da43400000,0x000000da43500000) (1024K)]
  0x000001fdb9ab53b0 JavaThread "File lock request listener"        [_thread_in_native, id=16096, stack(0x000000da41300000,0x000000da41400000) (1024K)]
  0x000001fdb9ab60d0 JavaThread "File lock release action executor"        [_thread_blocked, id=32100, stack(0x000000da41400000,0x000000da41500000) (1024K)]
  0x000001fdb9ab6760 JavaThread "Cache worker for file hash cache (C:\Users\admin\.gradle\caches\8.0.1\fileHashes)"        [_thread_blocked, id=15048, stack(0x000000da43500000,0x000000da43600000) (1024K)]
  0x000001fdb9d1e7f0 JavaThread "File watcher server"        daemon [_thread_in_native, id=14196, stack(0x000000da43600000,0x000000da43700000) (1024K)]
  0x000001fdb9d1e160 JavaThread "File watcher consumer"      daemon [_thread_blocked, id=17008, stack(0x000000da43700000,0x000000da43800000) (1024K)]
  0x000001fdb9d1ee80 JavaThread "Cache worker for checksums cache (D:\LearnReactNative\android\.gradle\8.0.1\checksums)"        [_thread_blocked, id=29312, stack(0x000000da43800000,0x000000da43900000) (1024K)]
  0x000001fdb9d1cdb0 JavaThread "Cache worker for cache directory md-rule (C:\Users\admin\.gradle\caches\8.0.1\md-rule)"        [_thread_blocked, id=28384, stack(0x000000da43900000,0x000000da43a00000) (1024K)]
  0x000001fdb9d1ba00 JavaThread "Cache worker for file content cache (C:\Users\admin\.gradle\caches\8.0.1\fileContent)"        [_thread_blocked, id=9736, stack(0x000000da43a00000,0x000000da43b00000) (1024K)]
  0x000001fdb9d1c090 JavaThread "Cache worker for file hash cache (D:\LearnReactNative\android\.gradle\8.0.1\fileHashes)"        [_thread_blocked, id=16864, stack(0x000000da43b00000,0x000000da43c00000) (1024K)]
  0x000001fdb9d1c720 JavaThread "Cache worker for cache directory md-supplier (C:\Users\admin\.gradle\caches\8.0.1\md-supplier)"        [_thread_blocked, id=11020, stack(0x000000da43c00000,0x000000da43d00000) (1024K)]
  0x000001fdbb012220 JavaThread "Cache worker for execution history cache (C:\Users\admin\.gradle\caches\8.0.1\executionHistory)"        [_thread_blocked, id=32776, stack(0x000000da43d00000,0x000000da43e00000) (1024K)]
Total: 32

Other Threads:
  0x000001fdfeafe320 VMThread "VM Thread"                           [id=27876, stack(0x000000da41c00000,0x000000da41d00000) (1024K)]
  0x000001fdfeae8ab0 WatcherThread "VM Periodic Task Thread"        [id=27492, stack(0x000000da41b00000,0x000000da41c00000) (1024K)]
  0x000001fdfbddddd0 WorkerThread "GC Thread#0"                     [id=30348, stack(0x000000da41600000,0x000000da41700000) (1024K)]
  0x000001fd99964e70 WorkerThread "GC Thread#1"                     [id=31608, stack(0x000000da42700000,0x000000da42800000) (1024K)]
  0x000001fd9995a490 WorkerThread "GC Thread#2"                     [id=31612, stack(0x000000da42800000,0x000000da42900000) (1024K)]
  0x000001fd99827f90 WorkerThread "GC Thread#3"                     [id=31588, stack(0x000000da42900000,0x000000da42a00000) (1024K)]
  0x000001fdfbdeedc0 ConcurrentGCThread "G1 Main Marker"            [id=17796, stack(0x000000da41700000,0x000000da41800000) (1024K)]
  0x000001fdfbdf08e0 WorkerThread "G1 Conc#0"                       [id=13308, stack(0x000000da41800000,0x000000da41900000) (1024K)]
  0x000001fdfe9ab510 ConcurrentGCThread "G1 Refine#0"               [id=18068, stack(0x000000da41900000,0x000000da41a00000) (1024K)]
  0x000001fdfe9abd40 ConcurrentGCThread "G1 Service"                [id=17816, stack(0x000000da41a00000,0x000000da41b00000) (1024K)]
Total: 10

Threads with active compile tasks:
C2 CompilerThread0  144650 4168       4       java.util.regex.Pattern::compile (537 bytes)
Total: 1

VM state: not at safepoint (normal execution)

VM Mutex/Monitor currently owned by a thread: None

Heap address: 0x0000000080000000, size: 2048 MB, Compressed Oops mode: 32-bit

CDS archive(s) mapped at: [0x000001fd9a000000-0x000001fd9ac60000-0x000001fd9ac60000), size 12976128, SharedBaseAddress: 0x000001fd9a000000, ArchiveRelocationMode: 1.
Compressed class space mapped at: 0x000001fd9b000000-0x000001fdb5000000, reserved size: 436207616
Narrow klass base: 0x000001fd9a000000, Narrow klass shift: 0, Narrow klass range: 0x1b000000

GC Precious Log:
 CardTable entry size: 512
 Card Set container configuration: InlinePtr #cards 5 size 8 Array Of Cards #cards 12 size 40 Howl #buckets 4 coarsen threshold 1843 Howl Bitmap #cards 512 size 80 coarsen threshold 460 Card regions per heap region 1 cards per card region 2048
 CPUs: 4 total, 4 available
 Memory: 8073M
 Large Page Support: Disabled
 NUMA Support: Disabled
 Compressed Oops: Enabled (32-bit)
 Heap Region Size: 1M
 Heap Min Capacity: 8M
 Heap Initial Capacity: 128M
 Heap Max Capacity: 2G
 Pre-touch: Disabled
 Parallel Workers: 4
 Concurrent Workers: 1
 Concurrent Refinement Workers: 4
 Periodic GC: Disabled

Heap:
 garbage-first heap   total reserved 2097152K, committed 78848K, used 44387K [0x0000000080000000, 0x0000000100000000)
  region size 1024K, 24 young (24576K), 5 survivors (5120K)
 Metaspace       used 30888K, committed 32064K, reserved 491520K
  class space    used 4466K, committed 5056K, reserved 425984K

Heap Regions: E=young(eden), S=young(survivor), O=old, HS=humongous(starts), HC=humongous(continues), CS=collection set, F=free, TAMS=top-at-mark-start, PB=parsable bottom
|   0|0x0000000080000000, 0x0000000080100000, 0x0000000080100000|100%|HS|  |TAMS 0x0000000080000000| PB 0x0000000080000000| Complete |  0
|   1|0x0000000080100000, 0x0000000080200000, 0x0000000080200000|100%|HC|  |TAMS 0x0000000080100000| PB 0x0000000080100000| Complete |  0
|   2|0x0000000080200000, 0x0000000080300000, 0x0000000080300000|100%|HC|  |TAMS 0x0000000080200000| PB 0x0000000080200000| Complete |  0
|   3|0x0000000080300000, 0x0000000080400000, 0x0000000080400000|100%|HC|  |TAMS 0x0000000080300000| PB 0x0000000080300000| Complete |  0
|   4|0x0000000080400000, 0x0000000080500000, 0x0000000080500000|100%| O|  |TAMS 0x0000000080400000| PB 0x0000000080400000| Untracked |  0
|   5|0x0000000080500000, 0x0000000080600000, 0x0000000080600000|100%| O|  |TAMS 0x0000000080500000| PB 0x0000000080500000| Untracked |  0
|   6|0x0000000080600000, 0x0000000080700000, 0x0000000080700000|100%| O|  |TAMS 0x0000000080600000| PB 0x0000000080600000| Untracked |  0
|   7|0x0000000080700000, 0x0000000080800000, 0x0000000080800000|100%| O|  |TAMS 0x0000000080700000| PB 0x0000000080700000| Untracked |  0
|   8|0x0000000080800000, 0x0000000080900000, 0x0000000080900000|100%| O|  |TAMS 0x0000000080800000| PB 0x0000000080800000| Untracked |  0
|   9|0x0000000080900000, 0x0000000080a00000, 0x0000000080a00000|100%| O|  |TAMS 0x0000000080900000| PB 0x0000000080900000| Untracked |  0
|  10|0x0000000080a00000, 0x0000000080b00000, 0x0000000080b00000|100%| O|  |TAMS 0x0000000080a00000| PB 0x0000000080a00000| Untracked |  0
|  11|0x0000000080b00000, 0x0000000080c00000, 0x0000000080c00000|100%| O|Cm|TAMS 0x0000000080b00000| PB 0x0000000080b00000| Complete |  0
|  12|0x0000000080c00000, 0x0000000080d00000, 0x0000000080d00000|100%| O|  |TAMS 0x0000000080c00000| PB 0x0000000080c00000| Untracked |  0
|  13|0x0000000080d00000, 0x0000000080e00000, 0x0000000080e00000|100%| O|  |TAMS 0x0000000080d00000| PB 0x0000000080d00000| Untracked |  0
|  14|0x0000000080e00000, 0x0000000080f00000, 0x0000000080f00000|100%| O|  |TAMS 0x0000000080e00000| PB 0x0000000080e00000| Untracked |  0
|  15|0x0000000080f00000, 0x0000000081000000, 0x0000000081000000|100%| O|  |TAMS 0x0000000080f00000| PB 0x0000000080f00000| Untracked |  0
|  16|0x0000000081000000, 0x0000000081100000, 0x0000000081100000|100%| O|  |TAMS 0x0000000081000000| PB 0x0000000081000000| Untracked |  0
|  17|0x0000000081100000, 0x0000000081200000, 0x0000000081200000|100%| O|  |TAMS 0x0000000081100000| PB 0x0000000081100000| Untracked |  0
|  18|0x0000000081200000, 0x0000000081300000, 0x0000000081300000|100%| O|  |TAMS 0x0000000081200000| PB 0x0000000081200000| Untracked |  0
|  19|0x0000000081300000, 0x0000000081400000, 0x0000000081400000|100%| O|  |TAMS 0x0000000081300000| PB 0x0000000081300000| Untracked |  0
|  20|0x0000000081400000, 0x0000000081500000, 0x0000000081500000|100%| O|  |TAMS 0x0000000081400000| PB 0x0000000081400000| Untracked |  0
|  21|0x0000000081500000, 0x0000000081500000, 0x0000000081600000|  0%| F|  |TAMS 0x0000000081500000| PB 0x0000000081500000| Untracked |  0
|  22|0x0000000081600000, 0x0000000081600000, 0x0000000081700000|  0%| F|  |TAMS 0x0000000081600000| PB 0x0000000081600000| Untracked |  0
|  23|0x0000000081700000, 0x0000000081700000, 0x0000000081800000|  0%| F|  |TAMS 0x0000000081700000| PB 0x0000000081700000| Untracked |  0
|  24|0x0000000081800000, 0x0000000081800000, 0x0000000081900000|  0%| F|  |TAMS 0x0000000081800000| PB 0x0000000081800000| Untracked |  0
|  25|0x0000000081900000, 0x0000000081900000, 0x0000000081a00000|  0%| F|  |TAMS 0x0000000081900000| PB 0x0000000081900000| Untracked |  0
|  26|0x0000000081a00000, 0x0000000081a58fc8, 0x0000000081b00000| 34%| S|CS|TAMS 0x0000000081a00000| PB 0x0000000081a00000| Complete |  0
|  27|0x0000000081b00000, 0x0000000081c00000, 0x0000000081c00000|100%| S|CS|TAMS 0x0000000081b00000| PB 0x0000000081b00000| Complete |  0
|  28|0x0000000081c00000, 0x0000000081d00000, 0x0000000081d00000|100%| S|CS|TAMS 0x0000000081c00000| PB 0x0000000081c00000| Complete |  0
|  29|0x0000000081d00000, 0x0000000081e00000, 0x0000000081e00000|100%| S|CS|TAMS 0x0000000081d00000| PB 0x0000000081d00000| Complete |  0
|  30|0x0000000081e00000, 0x0000000081f00000, 0x0000000081f00000|100%| S|CS|TAMS 0x0000000081e00000| PB 0x0000000081e00000| Complete |  0
|  31|0x0000000081f00000, 0x0000000081f00000, 0x0000000082000000|  0%| F|  |TAMS 0x0000000081f00000| PB 0x0000000081f00000| Untracked |  0
|  32|0x0000000082000000, 0x0000000082000000, 0x0000000082100000|  0%| F|  |TAMS 0x0000000082000000| PB 0x0000000082000000| Untracked |  0
|  33|0x0000000082100000, 0x0000000082100000, 0x0000000082200000|  0%| F|  |TAMS 0x0000000082100000| PB 0x0000000082100000| Untracked |  0
|  34|0x0000000082200000, 0x0000000082200000, 0x0000000082300000|  0%| F|  |TAMS 0x0000000082200000| PB 0x0000000082200000| Untracked |  0
|  35|0x0000000082300000, 0x0000000082300000, 0x0000000082400000|  0%| F|  |TAMS 0x0000000082300000| PB 0x0000000082300000| Untracked |  0
|  36|0x0000000082400000, 0x0000000082400000, 0x0000000082500000|  0%| F|  |TAMS 0x0000000082400000| PB 0x0000000082400000| Untracked |  0
|  37|0x0000000082500000, 0x0000000082500000, 0x0000000082600000|  0%| F|  |TAMS 0x0000000082500000| PB 0x0000000082500000| Untracked |  0
|  38|0x0000000082600000, 0x0000000082600000, 0x0000000082700000|  0%| F|  |TAMS 0x0000000082600000| PB 0x0000000082600000| Untracked |  0
|  39|0x0000000082700000, 0x0000000082700000, 0x0000000082800000|  0%| F|  |TAMS 0x0000000082700000| PB 0x0000000082700000| Untracked |  0
|  40|0x0000000082800000, 0x0000000082800000, 0x0000000082900000|  0%| F|  |TAMS 0x0000000082800000| PB 0x0000000082800000| Untracked |  0
|  41|0x0000000082900000, 0x0000000082900000, 0x0000000082a00000|  0%| F|  |TAMS 0x0000000082900000| PB 0x0000000082900000| Untracked |  0
|  42|0x0000000082a00000, 0x0000000082a00000, 0x0000000082b00000|  0%| F|  |TAMS 0x0000000082a00000| PB 0x0000000082a00000| Untracked |  0
|  43|0x0000000082b00000, 0x0000000082b00000, 0x0000000082c00000|  0%| F|  |TAMS 0x0000000082b00000| PB 0x0000000082b00000| Untracked |  0
|  44|0x0000000082c00000, 0x0000000082c00000, 0x0000000082d00000|  0%| F|  |TAMS 0x0000000082c00000| PB 0x0000000082c00000| Untracked |  0
|  45|0x0000000082d00000, 0x0000000082d00000, 0x0000000082e00000|  0%| F|  |TAMS 0x0000000082d00000| PB 0x0000000082d00000| Untracked |  0
|  46|0x0000000082e00000, 0x0000000082e00000, 0x0000000082f00000|  0%| F|  |TAMS 0x0000000082e00000| PB 0x0000000082e00000| Untracked |  0
|  47|0x0000000082f00000, 0x0000000082f00000, 0x0000000083000000|  0%| F|  |TAMS 0x0000000082f00000| PB 0x0000000082f00000| Untracked |  0
|  48|0x0000000083000000, 0x0000000083000000, 0x0000000083100000|  0%| F|  |TAMS 0x0000000083000000| PB 0x0000000083000000| Untracked |  0
|  49|0x0000000083100000, 0x0000000083100000, 0x0000000083200000|  0%| F|  |TAMS 0x0000000083100000| PB 0x0000000083100000| Untracked |  0
|  50|0x0000000083200000, 0x0000000083200000, 0x0000000083300000|  0%| F|  |TAMS 0x0000000083200000| PB 0x0000000083200000| Untracked |  0
|  51|0x0000000083300000, 0x0000000083300000, 0x0000000083400000|  0%| F|  |TAMS 0x0000000083300000| PB 0x0000000083300000| Untracked |  0
|  52|0x0000000083400000, 0x0000000083400000, 0x0000000083500000|  0%| F|  |TAMS 0x0000000083400000| PB 0x0000000083400000| Untracked |  0
|  53|0x0000000083500000, 0x0000000083500000, 0x0000000083600000|  0%| F|  |TAMS 0x0000000083500000| PB 0x0000000083500000| Untracked |  0
|  54|0x0000000083600000, 0x0000000083600000, 0x0000000083700000|  0%| F|  |TAMS 0x0000000083600000| PB 0x0000000083600000| Untracked |  0
|  55|0x0000000083700000, 0x0000000083700000, 0x0000000083800000|  0%| F|  |TAMS 0x0000000083700000| PB 0x0000000083700000| Untracked |  0
|  56|0x0000000083800000, 0x0000000083800000, 0x0000000083900000|  0%| F|  |TAMS 0x0000000083800000| PB 0x0000000083800000| Untracked |  0
|  57|0x0000000083900000, 0x0000000083900000, 0x0000000083a00000|  0%| F|  |TAMS 0x0000000083900000| PB 0x0000000083900000| Untracked |  0
|  58|0x0000000083a00000, 0x0000000083b00000, 0x0000000083b00000|100%| E|  |TAMS 0x0000000083a00000| PB 0x0000000083a00000| Complete |  0
|  59|0x0000000083b00000, 0x0000000083c00000, 0x0000000083c00000|100%| E|CS|TAMS 0x0000000083b00000| PB 0x0000000083b00000| Complete |  0
|  60|0x0000000083c00000, 0x0000000083d00000, 0x0000000083d00000|100%| E|CS|TAMS 0x0000000083c00000| PB 0x0000000083c00000| Complete |  0
|  61|0x0000000083d00000, 0x0000000083e00000, 0x0000000083e00000|100%| E|CS|TAMS 0x0000000083d00000| PB 0x0000000083d00000| Complete |  0
|  62|0x0000000083e00000, 0x0000000083f00000, 0x0000000083f00000|100%| E|CS|TAMS 0x0000000083e00000| PB 0x0000000083e00000| Complete |  0
|  63|0x0000000083f00000, 0x0000000084000000, 0x0000000084000000|100%| E|CS|TAMS 0x0000000083f00000| PB 0x0000000083f00000| Complete |  0
|  64|0x0000000084000000, 0x0000000084100000, 0x0000000084100000|100%| E|CS|TAMS 0x0000000084000000| PB 0x0000000084000000| Complete |  0
|  65|0x0000000084100000, 0x0000000084200000, 0x0000000084200000|100%| E|CS|TAMS 0x0000000084100000| PB 0x0000000084100000| Complete |  0
|  66|0x0000000084200000, 0x0000000084300000, 0x0000000084300000|100%| E|CS|TAMS 0x0000000084200000| PB 0x0000000084200000| Complete |  0
|  67|0x0000000084300000, 0x0000000084400000, 0x0000000084400000|100%| E|CS|TAMS 0x0000000084300000| PB 0x0000000084300000| Complete |  0
|  68|0x0000000084400000, 0x0000000084500000, 0x0000000084500000|100%| E|CS|TAMS 0x0000000084400000| PB 0x0000000084400000| Complete |  0
|  69|0x0000000084500000, 0x0000000084600000, 0x0000000084600000|100%| E|CS|TAMS 0x0000000084500000| PB 0x0000000084500000| Complete |  0
|  70|0x0000000084600000, 0x0000000084700000, 0x0000000084700000|100%| E|CS|TAMS 0x0000000084600000| PB 0x0000000084600000| Complete |  0
|  71|0x0000000084700000, 0x0000000084800000, 0x0000000084800000|100%| E|CS|TAMS 0x0000000084700000| PB 0x0000000084700000| Complete |  0
|  72|0x0000000084800000, 0x0000000084900000, 0x0000000084900000|100%| E|CS|TAMS 0x0000000084800000| PB 0x0000000084800000| Complete |  0
|  73|0x0000000084900000, 0x0000000084a00000, 0x0000000084a00000|100%| E|CS|TAMS 0x0000000084900000| PB 0x0000000084900000| Complete |  0
| 110|0x0000000086e00000, 0x0000000086f00000, 0x0000000086f00000|100%| E|CS|TAMS 0x0000000086e00000| PB 0x0000000086e00000| Complete |  0
| 111|0x0000000086f00000, 0x0000000087000000, 0x0000000087000000|100%| E|CS|TAMS 0x0000000086f00000| PB 0x0000000086f00000| Complete |  0
| 127|0x0000000087f00000, 0x0000000088000000, 0x0000000088000000|100%| E|CS|TAMS 0x0000000087f00000| PB 0x0000000087f00000| Complete |  0

Card table byte_map: [0x000001fdfc250000,0x000001fdfc650000] _byte_map_base: 0x000001fdfbe50000

Marking Bits: (CMBitMap*) 0x000001fdfbdde4e0
 Bits: [0x000001fdfc650000, 0x000001fdfe650000)

Polling page: 0x000001fdf9cc0000

Metaspace:

Usage:
  Non-class:     25.80 MB used.
      Class:      4.36 MB used.
       Both:     30.16 MB used.

Virtual space:
  Non-class space:       64.00 MB reserved,      26.38 MB ( 41%) committed,  1 nodes.
      Class space:      416.00 MB reserved,       4.94 MB (  1%) committed,  1 nodes.
             Both:      480.00 MB reserved,      31.31 MB (  7%) committed. 

Chunk freelists:
   Non-Class:  4.84 MB
       Class:  11.09 MB
        Both:  15.94 MB

MaxMetaspaceSize: 512.00 MB
CompressedClassSpaceSize: 416.00 MB
Initial GC threshold: 21.00 MB
Current GC threshold: 35.25 MB
CDS: on
 - commit_granule_bytes: 65536.
 - commit_granule_words: 8192.
 - virtual_space_node_default_size: 8388608.
 - enlarge_chunks_in_place: 1.
 - use_allocation_guard: 0.


Internal statistics:

num_allocs_failed_limit: 3.
num_arena_births: 1926.
num_arena_deaths: 0.
num_vsnodes_births: 2.
num_vsnodes_deaths: 0.
num_space_committed: 501.
num_space_uncommitted: 0.
num_chunks_returned_to_freelist: 3.
num_chunks_taken_from_freelist: 3160.
num_chunk_merges: 0.
num_chunk_splits: 2078.
num_chunks_enlarged: 1342.
num_inconsistent_stats: 0.

CodeHeap 'non-profiled nmethods': size=120000Kb used=2209Kb max_used=2209Kb free=117790Kb
 bounds [0x000001fd8fd50000, 0x000001fd8ffc0000, 0x000001fd97280000]
CodeHeap 'profiled nmethods': size=120000Kb used=8145Kb max_used=8145Kb free=111854Kb
 bounds [0x000001fd88280000, 0x000001fd88a80000, 0x000001fd8f7b0000]
CodeHeap 'non-nmethods': size=5760Kb used=1915Kb max_used=1970Kb free=3844Kb
 bounds [0x000001fd8f7b0000, 0x000001fd8fa20000, 0x000001fd8fd50000]
 total_blobs=4842 nmethods=4154 adapters=592
 compilation: enabled
              stopped_count=0, restarted_count=0
 full_count=0

Compilation events (20 events):
Event: 144.388 Thread 0x000001fdfeb26f90 nmethod 4157 0x000001fd88a70a10 code [0x000001fd88a70be0, 0x000001fd88a71050]
Event: 144.388 Thread 0x000001fdfeb26f90 4158   !   3       jdk.internal.jrtfs.JrtFileSystem::lambda$iteratorOf$3 (11 bytes)
Event: 144.388 Thread 0x000001fdfeb26f90 nmethod 4158 0x000001fd88a71210 code [0x000001fd88a713c0, 0x000001fd88a716e8]
Event: 144.396 Thread 0x000001fdfeb24250 4160 %     4       jdk.internal.jrtfs.JrtPath::normalize @ 15 (97 bytes)
Event: 144.396 Thread 0x000001fdfeb26f90 4161       3       java.util.stream.StreamSpliterators$WrappingSpliterator$$Lambda/0x000001fd9b4f6468::accept (9 bytes)
Event: 144.396 Thread 0x000001fdfeb26f90 nmethod 4161 0x000001fd88a71890 code [0x000001fd88a71a40, 0x000001fd88a71c18]
Event: 144.396 Thread 0x000001fdfeb26f90 4162       3       java.util.stream.SpinedBuffer::get (123 bytes)
Event: 144.397 Thread 0x000001fdfeb26f90 nmethod 4162 0x000001fd88a71d10 code [0x000001fd88a71f60, 0x000001fd88a72750]
Event: 144.397 Thread 0x000001fdfeb26f90 4163       3       jdk.internal.jrtfs.JrtDirectoryStream$1::next (5 bytes)
Event: 144.397 Thread 0x000001fdfeb26f90 nmethod 4163 0x000001fd88a72b10 code [0x000001fd88a72cc0, 0x000001fd88a72e00]
Event: 144.397 Thread 0x000001fdfeb26f90 4164   !   3       jdk.internal.jrtfs.JrtDirectoryStream$1::next (48 bytes)
Event: 144.398 Thread 0x000001fdfeb26f90 nmethod 4164 0x000001fd88a72e90 code [0x000001fd88a73060, 0x000001fd88a73538]
Event: 144.398 Thread 0x000001fdfeb26f90 4165       3       jdk.internal.jrtfs.JrtPath::getResolved (49 bytes)
Event: 144.399 Thread 0x000001fdfeb26f90 nmethod 4165 0x000001fd88a73810 code [0x000001fd88a73a60, 0x000001fd88a74360]
Event: 144.401 Thread 0x000001fdfeb24250 nmethod 4160% 0x000001fd8ff77610 code [0x000001fd8ff777c0, 0x000001fd8ff77a90]
Event: 144.403 Thread 0x000001fdfeb24250 4166       4       jdk.internal.jrtfs.JrtPath::normalize (97 bytes)
Event: 144.421 Thread 0x000001fdfeb24250 nmethod 4166 0x000001fd8ff77d10 code [0x000001fd8ff77ec0, 0x000001fd8ff78120]
Event: 144.423 Thread 0x000001fdfeb24250 4167       4       java.util.stream.ReferencePipeline$2$1::accept (27 bytes)
Event: 144.424 Thread 0x000001fdfeb24250 nmethod 4167 0x000001fd8ff78390 code [0x000001fd8ff78520, 0x000001fd8ff78620]
Event: 144.429 Thread 0x000001fdfeb24250 4168       4       java.util.regex.Pattern::compile (537 bytes)

GC Heap History (12 events):
Event: 11.120 GC heap before
{Heap before GC invocations=0 (full 0):
 garbage-first heap   total reserved 2097152K, committed 131072K, used 17408K [0x0000000080000000, 0x0000000100000000)
  region size 1024K, 14 young (14336K), 0 survivors (0K)
 Metaspace       used 919K, committed 1088K, reserved 491520K
  class space    used 74K, committed 128K, reserved 425984K
}
Event: 12.324 GC heap after
{Heap after GC invocations=1 (full 0):
 garbage-first heap   total reserved 2097152K, committed 131072K, used 8789K [0x0000000080000000, 0x0000000100000000)
  region size 1024K, 2 young (2048K), 2 survivors (2048K)
 Metaspace       used 919K, committed 1088K, reserved 491520K
  class space    used 74K, committed 128K, reserved 425984K
}
Event: 25.036 GC heap before
{Heap before GC invocations=1 (full 0):
 garbage-first heap   total reserved 2097152K, committed 131072K, used 24149K [0x0000000080000000, 0x0000000100000000)
  region size 1024K, 18 young (18432K), 2 survivors (2048K)
 Metaspace       used 3882K, committed 4096K, reserved 491520K
  class space    used 484K, committed 576K, reserved 425984K
}
Event: 25.041 GC heap after
{Heap after GC invocations=2 (full 0):
 garbage-first heap   total reserved 2097152K, committed 131072K, used 10508K [0x0000000080000000, 0x0000000100000000)
  region size 1024K, 2 young (2048K), 2 survivors (2048K)
 Metaspace       used 3882K, committed 4096K, reserved 491520K
  class space    used 484K, committed 576K, reserved 425984K
}
Event: 36.493 GC heap before
{Heap before GC invocations=2 (full 0):
 garbage-first heap   total reserved 2097152K, committed 131072K, used 34060K [0x0000000080000000, 0x0000000100000000)
  region size 1024K, 25 young (25600K), 2 survivors (2048K)
 Metaspace       used 3999K, committed 4224K, reserved 491520K
  class space    used 487K, committed 576K, reserved 425984K
}
Event: 36.497 GC heap after
{Heap after GC invocations=3 (full 0):
 garbage-first heap   total reserved 2097152K, committed 131072K, used 14446K [0x0000000080000000, 0x0000000100000000)
  region size 1024K, 4 young (4096K), 4 survivors (4096K)
 Metaspace       used 3999K, committed 4224K, reserved 491520K
  class space    used 487K, committed 576K, reserved 425984K
}
Event: 106.007 GC heap before
{Heap before GC invocations=3 (full 0):
 garbage-first heap   total reserved 2097152K, committed 131072K, used 87150K [0x0000000080000000, 0x0000000100000000)
  region size 1024K, 76 young (77824K), 4 survivors (4096K)
 Metaspace       used 18488K, committed 19072K, reserved 491520K
  class space    used 2713K, committed 3008K, reserved 425984K
}
Event: 106.032 GC heap after
{Heap after GC invocations=4 (full 0):
 garbage-first heap   total reserved 2097152K, committed 131072K, used 21501K [0x0000000080000000, 0x0000000100000000)
  region size 1024K, 10 young (10240K), 10 survivors (10240K)
 Metaspace       used 18488K, committed 19072K, reserved 491520K
  class space    used 2713K, committed 3008K, reserved 425984K
}
Event: 114.320 GC heap before
{Heap before GC invocations=4 (full 0):
 garbage-first heap   total reserved 2097152K, committed 131072K, used 36861K [0x0000000080000000, 0x0000000100000000)
  region size 1024K, 26 young (26624K), 10 survivors (10240K)
 Metaspace       used 20797K, committed 21504K, reserved 491520K
  class space    used 3096K, committed 3456K, reserved 425984K
}
Event: 114.339 GC heap after
{Heap after GC invocations=5 (full 0):
 garbage-first heap   total reserved 2097152K, committed 131072K, used 22893K [0x0000000080000000, 0x0000000100000000)
  region size 1024K, 2 young (2048K), 2 survivors (2048K)
 Metaspace       used 20797K, committed 21504K, reserved 491520K
  class space    used 3096K, committed 3456K, reserved 425984K
}
Event: 139.361 GC heap before
{Heap before GC invocations=6 (full 0):
 garbage-first heap   total reserved 2097152K, committed 78848K, used 67949K [0x0000000080000000, 0x0000000100000000)
  region size 1024K, 46 young (47104K), 2 survivors (2048K)
 Metaspace       used 27497K, committed 28672K, reserved 491520K
  class space    used 4106K, committed 4672K, reserved 425984K
}
Event: 139.369 GC heap after
{Heap after GC invocations=7 (full 0):
 garbage-first heap   total reserved 2097152K, committed 78848K, used 25955K [0x0000000080000000, 0x0000000100000000)
  region size 1024K, 5 young (5120K), 5 survivors (5120K)
 Metaspace       used 27497K, committed 28672K, reserved 491520K
  class space    used 4106K, committed 4672K, reserved 425984K
}

Dll operation events (13 events):
Event: 0.014 Loaded shared library C:\Program Files\Java\jdk-22\bin\java.dll
Event: 3.889 Loaded shared library C:\Program Files\Java\jdk-22\bin\jsvml.dll
Event: 4.195 Loaded shared library C:\Program Files\Java\jdk-22\bin\net.dll
Event: 4.198 Loaded shared library C:\Program Files\Java\jdk-22\bin\nio.dll
Event: 4.225 Loaded shared library C:\Program Files\Java\jdk-22\bin\zip.dll
Event: 8.239 Loaded shared library C:\Program Files\Java\jdk-22\bin\jimage.dll
Event: 9.842 Loaded shared library C:\Program Files\Java\jdk-22\bin\verify.dll
Event: 14.507 Loaded shared library C:\Users\admin\.gradle\native\68d5fa5c4cc2d200863cafc0d521ce42e7d3e7ee720ec0a83991735586a16f82\windows-amd64\native-platform.dll
Event: 14.521 Loaded shared library C:\Users\admin\.gradle\native\e376f236ea51e6404a007f0833ffe2c6e607c4080706a723a18a27aeea778392\windows-amd64\native-platform-file-events.dll
Event: 44.314 Loaded shared library C:\Program Files\Java\jdk-22\bin\management.dll
Event: 44.898 Loaded shared library C:\Program Files\Java\jdk-22\bin\management_ext.dll
Event: 51.104 Loaded shared library C:\Program Files\Java\jdk-22\bin\extnet.dll
Event: 55.329 Loaded shared library C:\Program Files\Java\jdk-22\bin\sunmscapi.dll

Deoptimization events (20 events):
Event: 143.382 Thread 0x000001fdb9ab32e0 Uncommon trap: trap_request=0xffffffc6 fr.pc=0x000001fd8ff4191c relative=0x000000000000013c
Event: 143.382 Thread 0x000001fdb9ab32e0 Uncommon trap: reason=bimorphic_or_optimized_type_check action=maybe_recompile pc=0x000001fd8ff4191c method=java.util.stream.MatchOps$1MatchSink.accept(Ljava/lang/Object;)V @ 12 c2
Event: 143.382 Thread 0x000001fdb9ab32e0 DEOPT PACKING pc=0x000001fd8ff4191c sp=0x000000da430f8de0
Event: 143.382 Thread 0x000001fdb9ab32e0 DEOPT UNPACKING pc=0x000001fd8f8046a2 sp=0x000000da430f8d78 mode 2
Event: 143.382 Thread 0x000001fdb9ab32e0 Uncommon trap: trap_request=0xffffffc6 fr.pc=0x000001fd8ff4191c relative=0x000000000000013c
Event: 143.382 Thread 0x000001fdb9ab32e0 Uncommon trap: reason=bimorphic_or_optimized_type_check action=maybe_recompile pc=0x000001fd8ff4191c method=java.util.stream.MatchOps$1MatchSink.accept(Ljava/lang/Object;)V @ 12 c2
Event: 143.382 Thread 0x000001fdb9ab32e0 DEOPT PACKING pc=0x000001fd8ff4191c sp=0x000000da430f8de0
Event: 143.382 Thread 0x000001fdb9ab32e0 DEOPT UNPACKING pc=0x000001fd8f8046a2 sp=0x000000da430f8d78 mode 2
Event: 143.391 Thread 0x000001fdb9ab32e0 Uncommon trap: trap_request=0xffffff45 fr.pc=0x000001fd8fe55098 relative=0x00000000000000f8
Event: 143.391 Thread 0x000001fdb9ab32e0 Uncommon trap: reason=unstable_if action=reinterpret pc=0x000001fd8fe55098 method=java.lang.ClassLoader.getClassLoadingLock(Ljava/lang/String;)Ljava/lang/Object; @ 6 c2
Event: 143.391 Thread 0x000001fdb9ab32e0 DEOPT PACKING pc=0x000001fd8fe55098 sp=0x000000da430f93a0
Event: 143.391 Thread 0x000001fdb9ab32e0 DEOPT UNPACKING pc=0x000001fd8f8046a2 sp=0x000000da430f9330 mode 2
Event: 143.394 Thread 0x000001fdb9ab32e0 Uncommon trap: trap_request=0xffffff6e fr.pc=0x000001fd8ff6afbc relative=0x00000000000007bc
Event: 143.394 Thread 0x000001fdb9ab32e0 Uncommon trap: reason=loop_limit_check action=maybe_recompile pc=0x000001fd8ff6afbc method=java.util.regex.Pattern$Start.match(Ljava/util/regex/Matcher;ILjava/lang/CharSequence;)Z @ 34 c2
Event: 143.394 Thread 0x000001fdb9ab32e0 DEOPT PACKING pc=0x000001fd8ff6afbc sp=0x000000da430f90b0
Event: 143.394 Thread 0x000001fdb9ab32e0 DEOPT UNPACKING pc=0x000001fd8f8046a2 sp=0x000000da430f9070 mode 2
Event: 144.403 Thread 0x000001fdb9ab32e0 DEOPT PACKING pc=0x000001fd88a4f740 sp=0x000000da430f8e70
Event: 144.403 Thread 0x000001fdb9ab32e0 DEOPT UNPACKING pc=0x000001fd8f804e42 sp=0x000000da430f8360 mode 0
Event: 144.405 Thread 0x000001fdb9ab32e0 DEOPT PACKING pc=0x000001fd88a4f740 sp=0x000000da430f8e70
Event: 144.405 Thread 0x000001fdb9ab32e0 DEOPT UNPACKING pc=0x000001fd8f804e42 sp=0x000000da430f8360 mode 0

Classes loaded (20 events):
Event: 143.398 Loading class jdk/internal/jimage/ImageReader$Directory
Event: 143.398 Loading class jdk/internal/jimage/ImageReader$Node
Event: 143.398 Loading class jdk/internal/jimage/ImageReader$Node done
Event: 143.398 Loading class jdk/internal/jimage/ImageReader$Directory done
Event: 143.399 Loading class jdk/internal/jrtfs/SystemImage$1
Event: 143.399 Loading class jdk/internal/jrtfs/SystemImage$1 done
Event: 143.400 Loading class jdk/internal/jimage/ImageReader$SharedImageReader$LocationVisitor
Event: 143.400 Loading class jdk/internal/jimage/ImageReader$SharedImageReader$LocationVisitor done
Event: 143.400 Loading class java/nio/ByteBufferAsIntBufferL
Event: 143.401 Loading class java/nio/ByteBufferAsIntBufferL done
Event: 143.406 Loading class jdk/internal/jrtfs/JrtFileAttributes
Event: 143.407 Loading class jdk/internal/jrtfs/JrtFileAttributes done
Event: 143.407 Loading class jdk/internal/jrtfs/JrtDirectoryStream
Event: 143.407 Loading class jdk/internal/jrtfs/JrtDirectoryStream done
Event: 143.856 Loading class jdk/internal/jrtfs/JrtDirectoryStream$1
Event: 143.856 Loading class jdk/internal/jrtfs/JrtDirectoryStream$1 done
Event: 143.857 Loading class java/util/function/BooleanSupplier
Event: 143.857 Loading class java/util/function/BooleanSupplier done
Event: 143.858 Loading class jdk/internal/jimage/ImageReader$Resource
Event: 143.858 Loading class jdk/internal/jimage/ImageReader$Resource done

Classes unloaded (0 events):
No events

Classes redefined (0 events):
No events

Internal exceptions (20 events):
Event: 129.620 Thread 0x000001fdb9ab32e0 Exception <a 'java/lang/NoSuchMethodError'{0x0000000082d50a30}: 'java.lang.Object java.lang.invoke.DelegatingMethodHandle$Holder.reinvoke_L(java.lang.Object, java.lang.Object, java.lang.Object, java.lang.Object, java.lang.Object, java.lang.Object, java.lang.Object, java.lang.Object, java.lang.Object, java.lang.Object, java.lang.Object, java.lang.Object, java.lang.Object, java.lang.Object, java.lang.Object, java.lang.Object, java.lang.Object, java.lang.Object)'> (0x0000000082d50a30) 
thrown [s\open\src\hots
Event: 130.101 Thread 0x000001fdb9ab32e0 Exception <a 'java/lang/NoSuchMethodError'{0x0000000082baaee8}: 'java.lang.Object java.lang.invoke.DirectMethodHandle$Holder.newInvokeSpecial(java.lang.Object, java.lang.Object, java.lang.Object, java.lang.Object, java.lang.Object, java.lang.Object, java.lang.Object, java.lang.Object, java.lang.Object, java.lang.Object, java.lang.Object, java.lang.Object, java.lang.Object, java.lang.Object)'> (0x0000000082baaee8) 
thrown [s\open\src\hotspot\share\interpreter\linkResolver.cpp, line 774]
Event: 130.772 Thread 0x000001fdb9ab32e0 Exception <a 'java/lang/NoSuchMethodError'{0x00000000829be278}: 'java.lang.Object java.lang.invoke.DirectMethodHandle$Holder.newInvokeSpecial(java.lang.Object, java.lang.Object, int, int)'> (0x00000000829be278) 
thrown [s\open\src\hotspot\share\interpreter\linkResolver.cpp, line 774]
Event: 130.787 Thread 0x000001fdb9ab32e0 Exception <a 'java/lang/NoSuchMethodError'{0x00000000829f0cb0}: 'void java.lang.invoke.DirectMethodHandle$Holder.invokeSpecial(java.lang.Object, java.lang.Object, int)'> (0x00000000829f0cb0) 
thrown [s\open\src\hotspot\share\interpreter\linkResolver.cpp, line 774]
Event: 130.787 Thread 0x000001fdb9ab32e0 Exception <a 'java/lang/NoSuchMethodError'{0x00000000829f4f90}: 'void java.lang.invoke.Invokers$Holder.invokeExact_MT(java.lang.Object, int, java.lang.Object)'> (0x00000000829f4f90) 
thrown [s\open\src\hotspot\share\interpreter\linkResolver.cpp, line 774]
Event: 135.226 Thread 0x000001fdb9ab32e0 Implicit null exception at 0x000001fd8fe73752 to 0x000001fd8fe73cb4
Event: 135.226 Thread 0x000001fdb9ab32e0 Implicit null exception at 0x000001fd8ff0abb0 to 0x000001fd8ff0b4b8
Event: 135.226 Thread 0x000001fdb9ab32e0 Exception <a 'java/lang/NoSuchMethodError'{0x0000000082400c78}: 'java.lang.reflect.Method[] java.lang.Class.getDeclaredMethods(java.lang.Class)'> (0x0000000082400c78) 
thrown [s\open\src\hotspot\share\interpreter\linkResolver.cpp, line 774]
Event: 135.810 Thread 0x000001fdb9ab32e0 Exception <a 'java/lang/NoSuchMethodError'{0x0000000082312f08}: 'void java.lang.invoke.DirectMethodHandle$Holder.invokeStaticInit(java.lang.Object, java.lang.Object, java.lang.Object)'> (0x0000000082312f08) 
thrown [s\open\src\hotspot\share\interpreter\linkResolver.cpp, line 774]
Event: 135.811 Thread 0x000001fdb9ab32e0 Exception <a 'java/lang/NoSuchMethodError'{0x0000000082319a20}: 'void java.lang.invoke.DirectMethodHandle$Holder.invokeStaticInit(java.lang.Object, java.lang.Object, java.lang.Object, java.lang.Object)'> (0x0000000082319a20) 
thrown [s\open\src\hotspot\share\interpreter\linkResolver.cpp, line 774]
Event: 135.815 Thread 0x000001fdb9ab32e0 Exception <a 'java/lang/NoSuchMethodError'{0x000000008233b608}: 'void java.lang.invoke.DirectMethodHandle$Holder.invokeStaticInit(java.lang.Object, java.lang.Object, java.lang.Object, java.lang.Object, java.lang.Object)'> (0x000000008233b608) 
thrown [s\open\src\hotspot\share\interpreter\linkResolver.cpp, line 774]
Event: 135.816 Thread 0x000001fdb9ab32e0 Exception <a 'java/lang/NoSuchMethodError'{0x00000000823429f0}: 'int java.lang.invoke.DirectMethodHandle$Holder.invokeStaticInit(java.lang.Object, java.lang.Object, java.lang.Object)'> (0x00000000823429f0) 
thrown [s\open\src\hotspot\share\interpreter\linkResolver.cpp, line 774]
Event: 137.368 Thread 0x000001fdb9ab32e0 Exception <a 'java/lang/NoSuchMethodError'{0x00000000823979e8}: 'int java.lang.invoke.DirectMethodHandle$Holder.invokeStaticInit(java.lang.Object, java.lang.Object, java.lang.Object, java.lang.Object)'> (0x00000000823979e8) 
thrown [s\open\src\hotspot\share\interpreter\linkResolver.cpp, line 774]
Event: 141.290 Thread 0x000001fdb9ab32e0 Exception <a 'java/lang/ClassNotFoundException'{0x000000008499ccc8}: groovy/lang/ExpandoMetaClassBeanInfo> (0x000000008499ccc8) 
thrown [s\open\src\hotspot\share\classfile\systemDictionary.cpp, line 313]
Event: 141.290 Thread 0x000001fdb9ab32e0 Exception <a 'java/lang/ClassNotFoundException'{0x00000000849a4810}: groovy/lang/MetaClassImplBeanInfo> (0x00000000849a4810) 
thrown [s\open\src\hotspot\share\classfile\systemDictionary.cpp, line 313]
Event: 141.291 Thread 0x000001fdb9ab32e0 Exception <a 'java/lang/ClassNotFoundException'{0x00000000849a8e10}: java/lang/ObjectBeanInfo> (0x00000000849a8e10) 
thrown [s\open\src\hotspot\share\classfile\systemDictionary.cpp, line 313]
Event: 141.292 Thread 0x000001fdb9ab32e0 Exception <a 'java/lang/ClassNotFoundException'{0x00000000849ada88}: java/lang/ObjectCustomizer> (0x00000000849ada88) 
thrown [s\open\src\hotspot\share\classfile\systemDictionary.cpp, line 313]
Event: 141.296 Thread 0x000001fdb9ab32e0 Exception <a 'java/lang/IncompatibleClassChangeError'{0x00000000849b23f8}: Found class java.lang.Object, but interface was expected> (0x00000000849b23f8) 
thrown [s\open\src\hotspot\share\interpreter\linkResolver.cpp, line 841]
Event: 141.302 Thread 0x000001fdb9ab32e0 Exception <a 'java/lang/ClassNotFoundException'{0x00000000849c31a8}: groovy/lang/MetaClassImplCustomizer> (0x00000000849c31a8) 
thrown [s\open\src\hotspot\share\classfile\systemDictionary.cpp, line 313]
Event: 141.306 Thread 0x000001fdb9ab32e0 Exception <a 'java/lang/ClassNotFoundException'{0x00000000849ea028}: groovy/lang/ExpandoMetaClassCustomizer> (0x00000000849ea028) 
thrown [s\open\src\hotspot\share\classfile\systemDictionary.cpp, line 313]

ZGC Phase Switch (0 events):
No events

VM Operations (20 events):
Event: 139.991 Executing VM operation: HandshakeAllThreads (Deoptimize)
Event: 139.991 Executing VM operation: HandshakeAllThreads (Deoptimize) done
Event: 140.996 Executing VM operation: Cleanup
Event: 141.264 Executing VM operation: Cleanup done
Event: 141.894 Executing VM operation: HandshakeAllThreads (Deoptimize)
Event: 141.894 Executing VM operation: HandshakeAllThreads (Deoptimize) done
Event: 142.199 Executing VM operation: HandshakeAllThreads (Deoptimize)
Event: 142.199 Executing VM operation: HandshakeAllThreads (Deoptimize) done
Event: 142.398 Executing VM operation: HandshakeAllThreads (Deoptimize)
Event: 142.398 Executing VM operation: HandshakeAllThreads (Deoptimize) done
Event: 142.398 Executing VM operation: Cleanup
Event: 142.398 Executing VM operation: Cleanup done
Event: 142.405 Executing VM operation: HandshakeAllThreads (Deoptimize)
Event: 142.405 Executing VM operation: HandshakeAllThreads (Deoptimize) done
Event: 143.401 Executing VM operation: HandshakeAllThreads (Deoptimize)
Event: 143.401 Executing VM operation: HandshakeAllThreads (Deoptimize) done
Event: 143.401 Executing VM operation: Cleanup
Event: 143.401 Executing VM operation: Cleanup done
Event: 144.406 Executing VM operation: Cleanup
Event: 144.421 Executing VM operation: Cleanup done

Events (20 events):
Event: 55.759 Thread 0x000001fdb9741920 Thread added: 0x000001fdb9741920
Event: 56.173 Thread 0x000001fdb9aca8a0 Thread added: 0x000001fdb9aca8a0
Event: 56.645 Thread 0x000001fdb9ab4690 Thread added: 0x000001fdb9ab4690
Event: 75.665 Thread 0x000001fdb9ab32e0 Thread added: 0x000001fdb9ab32e0
Event: 77.107 Thread 0x000001fdb9ab5a40 Thread added: 0x000001fdb9ab5a40
Event: 77.115 Thread 0x000001fdb9ab3970 Thread added: 0x000001fdb9ab3970
Event: 77.124 Thread 0x000001fdb9ab4d20 Thread added: 0x000001fdb9ab4d20
Event: 88.738 Thread 0x000001fdb9ab4000 Thread added: 0x000001fdb9ab4000
Event: 89.534 Thread 0x000001fdb9ab53b0 Thread added: 0x000001fdb9ab53b0
Event: 90.283 Thread 0x000001fdb9ab60d0 Thread added: 0x000001fdb9ab60d0
Event: 95.527 Thread 0x000001fdb9ab6760 Thread added: 0x000001fdb9ab6760
Event: 110.668 Thread 0x000001fdb9d1e7f0 Thread added: 0x000001fdb9d1e7f0
Event: 111.313 Thread 0x000001fdb9d1e160 Thread added: 0x000001fdb9d1e160
Event: 115.782 Thread 0x000001fdb9d1ee80 Thread added: 0x000001fdb9d1ee80
Event: 116.828 Thread 0x000001fdb9d1cdb0 Thread added: 0x000001fdb9d1cdb0
Event: 117.269 Thread 0x000001fdb9d1ba00 Thread added: 0x000001fdb9d1ba00
Event: 120.881 Thread 0x000001fdb9d1c090 Thread added: 0x000001fdb9d1c090
Event: 123.665 Thread 0x000001fdb9d1c720 Thread added: 0x000001fdb9d1c720
Event: 126.221 Thread 0x000001fdbb012220 Thread added: 0x000001fdbb012220
Event: 140.878 Thread 0x000001fdb9ab3970 Thread exited: 0x000001fdb9ab3970


Dynamic libraries:
0x00007ff781a10000 - 0x00007ff781a20000 	C:\Program Files\Java\jdk-22\bin\java.exe
0x00007ffb5da70000 - 0x00007ffb5dc68000 	C:\Windows\SYSTEM32\ntdll.dll
0x00007ffb5ce90000 - 0x00007ffb5cf52000 	C:\Windows\System32\KERNEL32.DLL
0x00007ffb5b530000 - 0x00007ffb5b826000 	C:\Windows\System32\KERNELBASE.dll
0x00007ffb5b830000 - 0x00007ffb5b930000 	C:\Windows\System32\ucrtbase.dll
0x00007ffb44b40000 - 0x00007ffb44b5b000 	C:\Program Files\Java\jdk-22\bin\VCRUNTIME140.dll
0x00007ffb3b180000 - 0x00007ffb3b197000 	C:\Program Files\Java\jdk-22\bin\jli.dll
0x00007ffb5bd70000 - 0x00007ffb5be21000 	C:\Windows\System32\ADVAPI32.dll
0x00007ffb5cfe0000 - 0x00007ffb5d07e000 	C:\Windows\System32\msvcrt.dll
0x00007ffb5cde0000 - 0x00007ffb5ce7f000 	C:\Windows\System32\sechost.dll
0x00007ffb5bc50000 - 0x00007ffb5bd70000 	C:\Windows\System32\RPCRT4.dll
0x00007ffb5b930000 - 0x00007ffb5b957000 	C:\Windows\System32\bcrypt.dll
0x00007ffb5baa0000 - 0x00007ffb5bc3d000 	C:\Windows\System32\USER32.dll
0x00007ffb5b300000 - 0x00007ffb5b322000 	C:\Windows\System32\win32u.dll
0x00007ffb5d4f0000 - 0x00007ffb5d51b000 	C:\Windows\System32\GDI32.dll
0x00007ffb5b110000 - 0x00007ffb5b229000 	C:\Windows\System32\gdi32full.dll
0x00007ffb5b490000 - 0x00007ffb5b52d000 	C:\Windows\System32\msvcp_win.dll
0x00007ffb48360000 - 0x00007ffb485fb000 	C:\Windows\WinSxS\amd64_microsoft.windows.common-controls_6595b64144ccf1df_6.0.19041.6280_none_60bc30a171f2f3f3\COMCTL32.dll
0x00007ffb534d0000 - 0x00007ffb534da000 	C:\Windows\SYSTEM32\VERSION.dll
0x00007ffb5cc90000 - 0x00007ffb5ccbf000 	C:\Windows\System32\IMM32.DLL
0x00007ffb44b30000 - 0x00007ffb44b3c000 	C:\Program Files\Java\jdk-22\bin\vcruntime140_1.dll
0x00007ffb2c050000 - 0x00007ffb2c0de000 	C:\Program Files\Java\jdk-22\bin\msvcp140.dll
0x00007ffb23f10000 - 0x00007ffb24c57000 	C:\Program Files\Java\jdk-22\bin\server\jvm.dll
0x00007ffb5ccc0000 - 0x00007ffb5cd2b000 	C:\Windows\System32\WS2_32.dll
0x00007ffb5af70000 - 0x00007ffb5afbb000 	C:\Windows\SYSTEM32\POWRPROF.dll
0x00007ffb4fd90000 - 0x00007ffb4fdb7000 	C:\Windows\SYSTEM32\WINMM.dll
0x00007ffb5af50000 - 0x00007ffb5af62000 	C:\Windows\SYSTEM32\UMPDC.dll
0x00007ffb597a0000 - 0x00007ffb597b2000 	C:\Windows\SYSTEM32\kernel.appcore.dll
0x00007ffb44850000 - 0x00007ffb4485a000 	C:\Program Files\Java\jdk-22\bin\jimage.dll
0x00007ffb58c60000 - 0x00007ffb58e61000 	C:\Windows\SYSTEM32\DBGHELP.DLL
0x00007ffb3c700000 - 0x00007ffb3c734000 	C:\Windows\SYSTEM32\dbgcore.DLL
0x00007ffb5b960000 - 0x00007ffb5b9e2000 	C:\Windows\System32\bcryptPrimitives.dll
0x00007ffb3aeb0000 - 0x00007ffb3aece000 	C:\Program Files\Java\jdk-22\bin\java.dll
0x00007ffb5c320000 - 0x00007ffb5ca90000 	C:\Windows\System32\SHELL32.dll
0x00007ffb5c1f0000 - 0x00007ffb5c31b000 	C:\Windows\System32\ole32.dll
0x00007ffb5d6d0000 - 0x00007ffb5da23000 	C:\Windows\System32\combase.dll
0x00007ffb58e70000 - 0x00007ffb59615000 	C:\Windows\SYSTEM32\windows.storage.dll
0x00007ffb5aa70000 - 0x00007ffb5aa9b000 	C:\Windows\SYSTEM32\Wldp.dll
0x00007ffb5bf70000 - 0x00007ffb5c03d000 	C:\Windows\System32\OLEAUT32.dll
0x00007ffb5ca90000 - 0x00007ffb5cb3d000 	C:\Windows\System32\SHCORE.dll
0x00007ffb5cf80000 - 0x00007ffb5cfdb000 	C:\Windows\System32\shlwapi.dll
0x00007ffb5b040000 - 0x00007ffb5b064000 	C:\Windows\SYSTEM32\profapi.dll
0x00007ffb2bf70000 - 0x00007ffb2c047000 	C:\Program Files\Java\jdk-22\bin\jsvml.dll
0x00007ffb447c0000 - 0x00007ffb447d0000 	C:\Program Files\Java\jdk-22\bin\net.dll
0x00007ffb5a7d0000 - 0x00007ffb5a83a000 	C:\Windows\system32\mswsock.dll
0x00007ffb39bc0000 - 0x00007ffb39bd6000 	C:\Program Files\Java\jdk-22\bin\nio.dll
0x00007ffb37350000 - 0x00007ffb37367000 	C:\Program Files\Java\jdk-22\bin\zip.dll
0x00007ffb42c00000 - 0x00007ffb42c10000 	C:\Program Files\Java\jdk-22\bin\verify.dll
0x00007ffb45380000 - 0x00007ffb453a7000 	C:\Users\admin\.gradle\native\68d5fa5c4cc2d200863cafc0d521ce42e7d3e7ee720ec0a83991735586a16f82\windows-amd64\native-platform.dll
0x00007ffb2bb40000 - 0x00007ffb2bc84000 	C:\Users\admin\.gradle\native\e376f236ea51e6404a007f0833ffe2c6e607c4080706a723a18a27aeea778392\windows-amd64\native-platform-file-events.dll
0x00007ffb400e0000 - 0x00007ffb400ea000 	C:\Program Files\Java\jdk-22\bin\management.dll
0x00007ffb3f580000 - 0x00007ffb3f58b000 	C:\Program Files\Java\jdk-22\bin\management_ext.dll
0x00007ffb5bc40000 - 0x00007ffb5bc48000 	C:\Windows\System32\PSAPI.DLL
0x00007ffb5a9d0000 - 0x00007ffb5a9e8000 	C:\Windows\SYSTEM32\CRYPTSP.dll
0x00007ffb5a0f0000 - 0x00007ffb5a128000 	C:\Windows\system32\rsaenh.dll
0x00007ffb5afc0000 - 0x00007ffb5afee000 	C:\Windows\SYSTEM32\USERENV.dll
0x00007ffb5a9c0000 - 0x00007ffb5a9cc000 	C:\Windows\SYSTEM32\CRYPTBASE.dll
0x00007ffb5a4b0000 - 0x00007ffb5a4eb000 	C:\Windows\SYSTEM32\IPHLPAPI.DLL
0x00007ffb5d640000 - 0x00007ffb5d648000 	C:\Windows\System32\NSI.dll
0x00007ffb3c400000 - 0x00007ffb3c409000 	C:\Program Files\Java\jdk-22\bin\extnet.dll
0x00007ffb3b8e0000 - 0x00007ffb3b8ee000 	C:\Program Files\Java\jdk-22\bin\sunmscapi.dll
0x00007ffb5b330000 - 0x00007ffb5b48d000 	C:\Windows\System32\CRYPT32.dll
0x00007ffb5aae0000 - 0x00007ffb5ab07000 	C:\Windows\SYSTEM32\ncrypt.dll
0x00007ffb5aaa0000 - 0x00007ffb5aadb000 	C:\Windows\SYSTEM32\NTASN1.dll
0x00007ffb46010000 - 0x00007ffb46017000 	C:\Windows\system32\wshunix.dll

dbghelp: loaded successfully - version: 4.0.5 - missing functions: none
symbol engine: initialized successfully - sym options: 0x614 - pdb path: .;C:\Program Files\Java\jdk-22\bin;C:\Windows\SYSTEM32;C:\Windows\WinSxS\amd64_microsoft.windows.common-controls_6595b64144ccf1df_6.0.19041.6280_none_60bc30a171f2f3f3;C:\Program Files\Java\jdk-22\bin\server;C:\Users\admin\.gradle\native\68d5fa5c4cc2d200863cafc0d521ce42e7d3e7ee720ec0a83991735586a16f82\windows-amd64;C:\Users\admin\.gradle\native\e376f236ea51e6404a007f0833ffe2c6e607c4080706a723a18a27aeea778392\windows-amd64

VM Arguments:
jvm_args: -XX:MaxMetaspaceSize=512m --add-opens=java.base/java.util=ALL-UNNAMED --add-opens=java.base/java.lang=ALL-UNNAMED --add-opens=java.base/java.lang.invoke=ALL-UNNAMED --add-opens=java.prefs/java.util.prefs=ALL-UNNAMED --add-opens=java.base/java.nio.charset=ALL-UNNAMED --add-opens=java.base/java.net=ALL-UNNAMED --add-opens=java.base/java.util.concurrent.atomic=ALL-UNNAMED -Xmx2048m -Dfile.encoding=UTF-8 -Duser.country=US -Duser.language=en -Duser.variant 
java_command: org.gradle.launcher.daemon.bootstrap.GradleDaemon 8.0.1
java_class_path (initial): C:\Users\admin\.gradle\wrapper\dists\gradle-8.0.1-all\aro4hu1c3oeioove7l0i4i14o\gradle-8.0.1\lib\gradle-launcher-8.0.1.jar
Launcher Type: SUN_STANDARD

[Global flags]
     intx CICompilerCount                          = 3                                         {product} {ergonomic}
   size_t CompressedClassSpaceSize                 = 436207616                                 {product} {ergonomic}
     uint ConcGCThreads                            = 1                                         {product} {ergonomic}
     uint G1ConcRefinementThreads                  = 4                                         {product} {ergonomic}
   size_t G1HeapRegionSize                         = 1048576                                   {product} {ergonomic}
   size_t InitialHeapSize                          = 134217728                                 {product} {ergonomic}
   size_t MarkStackSize                            = 4194304                                   {product} {ergonomic}
   size_t MaxHeapSize                              = 2147483648                                {product} {command line}
   size_t MaxMetaspaceSize                         = 536870912                                 {product} {command line}
   size_t MaxNewSize                               = 1287651328                                {product} {ergonomic}
   size_t MinHeapDeltaBytes                        = 1048576                                   {product} {ergonomic}
   size_t MinHeapSize                              = 8388608                                   {product} {ergonomic}
    uintx NonNMethodCodeHeapSize                   = 5832780                                {pd product} {ergonomic}
    uintx NonProfiledCodeHeapSize                  = 122912730                              {pd product} {ergonomic}
    uintx ProfiledCodeHeapSize                     = 122912730                              {pd product} {ergonomic}
    uintx ReservedCodeCacheSize                    = 251658240                              {pd product} {ergonomic}
     bool SegmentedCodeCache                       = true                                      {product} {ergonomic}
   size_t SoftMaxHeapSize                          = 2147483648                             {manageable} {ergonomic}
     bool UseCompressedOops                        = true                           {product lp64_product} {ergonomic}
     bool UseG1GC                                  = true                                      {product} {ergonomic}
     bool UseLargePagesIndividualAllocation        = false                                  {pd product} {ergonomic}

Logging:
Log output configuration:
 #0: stdout all=warning uptime,level,tags foldmultilines=false
 #1: stderr all=off uptime,level,tags foldmultilines=false

Environment Variables:
CLASSPATH=D:\LearnReactNative\android\\gradle\wrapper\gradle-wrapper.jar
PATH=D:\LearnReactNative\node_modules\.bin;D:\LearnReactNative\node_modules\.bin;D:\node_modules\.bin;C:\Program Files\nodejs\node_modules\npm\node_modules\@npmcli\run-script\lib\node-gyp-bin;D:\LearnReactNative\node_modules\.bin;D:\node_modules\.bin;C:\Program Files\nodejs\node_modules\npm\node_modules\@npmcli\run-script\lib\node-gyp-bin;C:\Users\admin\bin;C:\Program Files\Git\mingw64\bin;C:\Program Files\Git\usr\local\bin;C:\Program Files\Git\usr\bin;C:\Program Files\Git\usr\bin;C:\Program Files\Git\mingw64\bin;C:\Program Files\Git\usr\bin;C:\Users\admin\bin;C:\Program Files\Common Files\Oracle\Java\javapath;C:\Windows\system32;C:\Windows;C:\Windows\System32\Wbem;C:\Windows\System32\WindowsPowerShell\v1.0;C:\Windows\System32\OpenSSH;C:\xampp\php;C:\composer;C:\Program Files\Git\cmd;C:\Program Files\nodejs;C:\Users\admin\AppData\Local\Programs\Python\Python312\Scripts;C:\Users\admin\AppData\Local\Programs\Python\Python312;C:\Users\admin\AppData\Local\Programs\Python\Launcher;C:\Users\admin\AppData\Local\Microsoft\WindowsApps;C:\Users\admin\AppData\Local\Programs\Microsoft VS Code\bin;C:\Users\admin\AppData\Roaming\Composer\vendor\bin;C:\Users\admin\AppData\Local\Microsoft\WinGet\Packages\Schniz.fnm_Microsoft.Winget.Source_8wekyb3d8bbwe;C:\Users\admin\AppData\Roaming\npm;C:\Program Files\Git\usr\bin\vendor_perl;C:\Program Files\Git\usr\bin\core_perl
USERNAME=admin
SHELL=C:\Program Files\Git\usr\bin\bash.exe
DISPLAY=needs-to-be-defined
LANG=en_US.UTF-8
TERM=xterm-256color
TMPDIR=C:\Users\admin\AppData\Local\Temp
OS=Windows_NT
PROCESSOR_IDENTIFIER=Intel64 Family 6 Model 142 Stepping 9, GenuineIntel
TMP=C:\Users\admin\AppData\Local\Temp
TEMP=C:\Users\admin\AppData\Local\Temp




Periodic native trim disabled

---------------  S Y S T E M  ---------------

OS:
 Windows 10 , 64 bit Build 19041 (10.0.19041.5915)
OS uptime: 3 days 17:31 hours

CPU: total 4 (initial active 4) (2 cores per cpu, 2 threads per core) family 6 model 142 stepping 9 microcode 0xf6, cx8, cmov, fxsr, ht, mmx, 3dnowpref, sse, sse2, sse3, ssse3, sse4.1, sse4.2, popcnt, lzcnt, tsc, tscinvbit, avx, avx2, aes, erms, clmul, bmi1, bmi2, rtm, adx, fma, vzeroupper, clflush, clflushopt, rdtscp, f16c
Processor Information for all 4 processors :
  Max Mhz: 2701, Current Mhz: 2701, Mhz Limit: 2701

Memory: 4k page, system-wide physical 8073M (182M free)
TotalPageFile size 32649M (AvailPageFile size 205M)
current process WorkingSet (physical memory assigned to process): 169M, peak: 175M
current process commit charge ("private bytes"): 234M, peak: 273M

vm_info: Java HotSpot(TM) 64-Bit Server VM (22.0.1+8-16) for windows-amd64 JRE (22.0.1+8-16), built on 2024-03-12T10:33:16Z by "mach5one" with MS VC++ 17.6 (VS2022)

END.
