#
# There is insufficient memory for the Java Runtime Environment to continue.
# Native memory allocation (malloc) failed to allocate 285376 bytes. Error detail: Chunk::new
# Possible reasons:
#   The system is out of physical RAM or swap space
#   This process is running with CompressedOops enabled, and the Java Heap may be blocking the growth of the native heap
# Possible solutions:
#   Reduce memory load on the system
#   Increase physical memory or swap space
#   Check if swap backing store is full
#   Decrease Java heap size (-Xmx/-Xms)
#   Decrease number of Java threads
#   Decrease Java thread stack sizes (-Xss)
#   Set larger code cache with -XX:ReservedCodeCacheSize=
#   JVM is running with Unscaled Compressed Oops mode in which the Java heap is
#     placed in the first 4GB address space. The Java Heap base address is the
#     maximum limit for the native heap growth. Please use -XX:HeapBaseMinAddress
#     to set the Java Heap base and to place the Java Heap above 4GB virtual address.
# This output file may be truncated or incomplete.
#
#  Out of Memory Error (arena.cpp:150), pid=30464, tid=27348
#
# JRE version: Java(TM) SE Runtime Environment (22.0.1+8) (build 22.0.1+8-16)
# Java VM: Java HotSpot(TM) 64-Bit Server VM (22.0.1+8-16, mixed mode, sharing, tiered, compressed oops, compressed class ptrs, g1 gc, windows-amd64)
# No core dump will be written. Minidumps are not enabled by default on client versions of Windows
#

---------------  S U M M A R Y ------------

Command Line: -XX:MaxMetaspaceSize=512m --add-opens=java.base/java.util=ALL-UNNAMED --add-opens=java.base/java.lang=ALL-UNNAMED --add-opens=java.base/java.lang.invoke=ALL-UNNAMED --add-opens=java.prefs/java.util.prefs=ALL-UNNAMED --add-opens=java.base/java.nio.charset=ALL-UNNAMED --add-opens=java.base/java.net=ALL-UNNAMED --add-opens=java.base/java.util.concurrent.atomic=ALL-UNNAMED -Xmx2048m -Dfile.encoding=UTF-8 -Duser.country=US -Duser.language=en -Duser.variant org.gradle.launcher.daemon.bootstrap.GradleDaemon 8.0.1

Host: Intel(R) Core(TM) i5-7300U CPU @ 2.60GHz, 4 cores, 7G,  Windows 10 , 64 bit Build 19041 (10.0.19041.5915)
Time: Mon Sep 29 09:08:17 2025 SE Asia Standard Time elapsed time: 139.645046 seconds (0d 0h 2m 19s)

---------------  T H R E A D  ---------------

Current thread (0x000002b8c60849d0):  JavaThread "C2 CompilerThread0" daemon [_thread_in_native, id=27348, stack(0x000000e92c700000,0x000000e92c800000) (1024K)]


Current CompileTask:
C2:139645 3410       4       java.lang.invoke.InvokerBytecodeGenerator::emitStaticInvoke (258 bytes)

Stack: [0x000000e92c700000,0x000000e92c800000]
Native frames: (J=compiled Java code, j=interpreted, Vv=VM code, C=native code)
V  [jvm.dll+0x6e2279]  (no source info available)
V  [jvm.dll+0x874e33]  (no source info available)
V  [jvm.dll+0x87725e]  (no source info available)
V  [jvm.dll+0x877933]  (no source info available)
V  [jvm.dll+0x27fd76]  (no source info available)
V  [jvm.dll+0xc3d0f]  (no source info available)
V  [jvm.dll+0xc3f6b]  (no source info available)
V  [jvm.dll+0x2f3c2f]  (no source info available)
V  [jvm.dll+0x60bc9a]  (no source info available)
V  [jvm.dll+0x249a35]  (no source info available)
V  [jvm.dll+0x246ec6]  (no source info available)
V  [jvm.dll+0x1c4e90]  (no source info available)
V  [jvm.dll+0x2569fe]  (no source info available)
V  [jvm.dll+0x254cba]  (no source info available)
V  [jvm.dll+0x3f5336]  (no source info available)
V  [jvm.dll+0x81d44b]  (no source info available)
V  [jvm.dll+0x6e0915]  (no source info available)
C  [ucrtbase.dll+0x21bb2]  (no source info available)
C  [KERNEL32.DLL+0x17374]  (no source info available)
C  [ntdll.dll+0x4cc91]  (no source info available)


---------------  P R O C E S S  ---------------

Threads class SMR info:
_java_thread_list=0x000002b8e7c949c0, length=31, elements={
0x000002b8a7fa37b0, 0x000002b8c607ca10, 0x000002b8c607d930, 0x000002b8c607fd10,
0x000002b8c6082780, 0x000002b8c60831e0, 0x000002b8c6083c40, 0x000002b8c60849d0,
0x000002b8c6089280, 0x000002b8c62d9c80, 0x000002b8c62dc4c0, 0x000002b8e63e9970,
0x000002b8c61ef5d0, 0x000002b8e6aa50f0, 0x000002b8c6b1b370, 0x000002b8c6d55f20,
0x000002b8e60b9180, 0x000002b8e60b7740, 0x000002b8e60b9810, 0x000002b8e60b9ea0,
0x000002b8e60ba530, 0x000002b8e60b7dd0, 0x000002b8e60b8460, 0x000002b8e60b8af0,
0x000002b8e7bfd200, 0x000002b8e7bfaaa0, 0x000002b8e7bfdf20, 0x000002b8e7bfe5b0,
0x000002b8e7bffff0, 0x000002b8e7bfbe50, 0x000002b8e7bff2d0
}

Java Threads: ( => current thread )
  0x000002b8a7fa37b0 JavaThread "main"                              [_thread_blocked, id=29480, stack(0x000000e92b900000,0x000000e92ba00000) (1024K)]
  0x000002b8c607ca10 JavaThread "Reference Handler"          daemon [_thread_blocked, id=27752, stack(0x000000e92c100000,0x000000e92c200000) (1024K)]
  0x000002b8c607d930 JavaThread "Finalizer"                  daemon [_thread_blocked, id=28116, stack(0x000000e92c200000,0x000000e92c300000) (1024K)]
  0x000002b8c607fd10 JavaThread "Signal Dispatcher"          daemon [_thread_blocked, id=4720, stack(0x000000e92c300000,0x000000e92c400000) (1024K)]
  0x000002b8c6082780 JavaThread "Attach Listener"            daemon [_thread_blocked, id=672, stack(0x000000e92c400000,0x000000e92c500000) (1024K)]
  0x000002b8c60831e0 JavaThread "Service Thread"             daemon [_thread_blocked, id=27504, stack(0x000000e92c500000,0x000000e92c600000) (1024K)]
  0x000002b8c6083c40 JavaThread "Monitor Deflation Thread"   daemon [_thread_blocked, id=29244, stack(0x000000e92c600000,0x000000e92c700000) (1024K)]
=>0x000002b8c60849d0 JavaThread "C2 CompilerThread0"         daemon [_thread_in_native, id=27348, stack(0x000000e92c700000,0x000000e92c800000) (1024K)]
  0x000002b8c6089280 JavaThread "C1 CompilerThread0"         daemon [_thread_blocked, id=24232, stack(0x000000e92c800000,0x000000e92c900000) (1024K)]
  0x000002b8c62d9c80 JavaThread "Common-Cleaner"             daemon [_thread_blocked, id=2600, stack(0x000000e92c900000,0x000000e92ca00000) (1024K)]
  0x000002b8c62dc4c0 JavaThread "Notification Thread"        daemon [_thread_blocked, id=9816, stack(0x000000e92ca00000,0x000000e92cb00000) (1024K)]
  0x000002b8e63e9970 JavaThread "Daemon health stats"               [_thread_blocked, id=23416, stack(0x000000e92b800000,0x000000e92b900000) (1024K)]
  0x000002b8c61ef5d0 JavaThread "Incoming local TCP Connector on port 57540"        [_thread_in_native, id=16480, stack(0x000000e92cf00000,0x000000e92d000000) (1024K)]
  0x000002b8e6aa50f0 JavaThread "Daemon periodic checks"            [_thread_blocked, id=13668, stack(0x000000e92d000000,0x000000e92d100000) (1024K)]
  0x000002b8c6b1b370 JavaThread "Daemon"                            [_thread_blocked, id=9540, stack(0x000000e92d100000,0x000000e92d200000) (1024K)]
  0x000002b8c6d55f20 JavaThread "Handler for socket connection from /127.0.0.1:57540 to /127.0.0.1:57550"        [_thread_in_native, id=19236, stack(0x000000e92d200000,0x000000e92d300000) (1024K)]
  0x000002b8e60b9180 JavaThread "Cancel handler"                    [_thread_blocked, id=18396, stack(0x000000e92d300000,0x000000e92d400000) (1024K)]
  0x000002b8e60b7740 JavaThread "Daemon worker"                     [_thread_in_vm, id=31112, stack(0x000000e92d400000,0x000000e92d500000) (1024K)]
  0x000002b8e60b9810 JavaThread "Asynchronous log dispatcher for DefaultDaemonConnection: socket connection from /127.0.0.1:57540 to /127.0.0.1:57550"        [_thread_blocked, id=27636, stack(0x000000e92d500000,0x000000e92d600000) (1024K)]
  0x000002b8e60b9ea0 JavaThread "Stdin handler"                     [_thread_blocked, id=14252, stack(0x000000e92d600000,0x000000e92d700000) (1024K)]
  0x000002b8e60ba530 JavaThread "Daemon client event forwarder"        [_thread_blocked, id=20444, stack(0x000000e92d700000,0x000000e92d800000) (1024K)]
  0x000002b8e60b7dd0 JavaThread "Cache worker for journal cache (C:\Users\admin\.gradle\caches\journal-1)"        [_thread_blocked, id=27660, stack(0x000000e92d800000,0x000000e92d900000) (1024K)]
  0x000002b8e60b8460 JavaThread "File lock request listener"        [_thread_in_native, id=7888, stack(0x000000e92d900000,0x000000e92da00000) (1024K)]
  0x000002b8e60b8af0 JavaThread "Cache worker for file hash cache (C:\Users\admin\.gradle\caches\8.0.1\fileHashes)"        [_thread_blocked, id=28780, stack(0x000000e92da00000,0x000000e92db00000) (1024K)]
  0x000002b8e7bfd200 JavaThread "File watcher server"        daemon [_thread_in_native, id=7828, stack(0x000000e92b700000,0x000000e92b800000) (1024K)]
  0x000002b8e7bfaaa0 JavaThread "File watcher consumer"      daemon [_thread_blocked, id=28364, stack(0x000000e92ce00000,0x000000e92cf00000) (1024K)]
  0x000002b8e7bfdf20 JavaThread "File lock release action executor"        [_thread_blocked, id=28980, stack(0x000000e92db00000,0x000000e92dc00000) (1024K)]
  0x000002b8e7bfe5b0 JavaThread "Cache worker for checksums cache (D:\LearnReactNative\android\.gradle\8.0.1\checksums)"        [_thread_blocked, id=26872, stack(0x000000e92dc00000,0x000000e92dd00000) (1024K)]
  0x000002b8e7bffff0 JavaThread "Cache worker for cache directory md-rule (C:\Users\admin\.gradle\caches\8.0.1\md-rule)"        [_thread_blocked, id=29800, stack(0x000000e92dd00000,0x000000e92de00000) (1024K)]
  0x000002b8e7bfbe50 JavaThread "Cache worker for file content cache (C:\Users\admin\.gradle\caches\8.0.1\fileContent)"        [_thread_blocked, id=31708, stack(0x000000e92de00000,0x000000e92df00000) (1024K)]
  0x000002b8e7bff2d0 JavaThread "Cache worker for file hash cache (D:\LearnReactNative\android\.gradle\8.0.1\fileHashes)"        [_thread_new, id=33144, stack(0x0000000000000000,0x0000000000000000) (0B)]
Total: 31

Other Threads:
  0x000002b8c605eaa0 VMThread "VM Thread"                           [id=25228, stack(0x000000e92c000000,0x000000e92c100000) (1024K)]
  0x000002b8c60493e0 WatcherThread "VM Periodic Task Thread"        [id=30484, stack(0x000000e92bf00000,0x000000e92c000000) (1024K)]
  0x000002b8aa0aed60 WorkerThread "GC Thread#0"                     [id=30832, stack(0x000000e92ba00000,0x000000e92bb00000) (1024K)]
  0x000002b8c60db3c0 WorkerThread "GC Thread#1"                     [id=15560, stack(0x000000e92cb00000,0x000000e92cc00000) (1024K)]
  0x000002b8c6648ac0 WorkerThread "GC Thread#2"                     [id=4316, stack(0x000000e92cc00000,0x000000e92cd00000) (1024K)]
  0x000002b8c64a7670 WorkerThread "GC Thread#3"                     [id=30044, stack(0x000000e92cd00000,0x000000e92ce00000) (1024K)]
  0x000002b8aa0bfd50 ConcurrentGCThread "G1 Main Marker"            [id=30836, stack(0x000000e92bb00000,0x000000e92bc00000) (1024K)]
  0x000002b8aa0c1a20 WorkerThread "G1 Conc#0"                       [id=30840, stack(0x000000e92bc00000,0x000000e92bd00000) (1024K)]
  0x000002b8c5f0b510 ConcurrentGCThread "G1 Refine#0"               [id=30844, stack(0x000000e92bd00000,0x000000e92be00000) (1024K)]
  0x000002b8c5f0bf30 ConcurrentGCThread "G1 Service"                [id=30848, stack(0x000000e92be00000,0x000000e92bf00000) (1024K)]
Total: 10

Threads with active compile tasks:
C2 CompilerThread0  139776 3410       4       java.lang.invoke.InvokerBytecodeGenerator::emitStaticInvoke (258 bytes)
Total: 1

VM state: not at safepoint (normal execution)

VM Mutex/Monitor currently owned by a thread: None

Heap address: 0x0000000080000000, size: 2048 MB, Compressed Oops mode: 32-bit

CDS archive(s) mapped at: [0x000002b8c7000000-0x000002b8c7c60000-0x000002b8c7c60000), size 12976128, SharedBaseAddress: 0x000002b8c7000000, ArchiveRelocationMode: 1.
Compressed class space mapped at: 0x000002b8c8000000-0x000002b8e2000000, reserved size: 436207616
Narrow klass base: 0x000002b8c7000000, Narrow klass shift: 0, Narrow klass range: 0x1b000000

GC Precious Log:
 CardTable entry size: 512
 Card Set container configuration: InlinePtr #cards 5 size 8 Array Of Cards #cards 12 size 40 Howl #buckets 4 coarsen threshold 1843 Howl Bitmap #cards 512 size 80 coarsen threshold 460 Card regions per heap region 1 cards per card region 2048
 CPUs: 4 total, 4 available
 Memory: 8073M
 Large Page Support: Disabled
 NUMA Support: Disabled
 Compressed Oops: Enabled (32-bit)
 Heap Region Size: 1M
 Heap Min Capacity: 8M
 Heap Initial Capacity: 128M
 Heap Max Capacity: 2G
 Pre-touch: Disabled
 Parallel Workers: 4
 Concurrent Workers: 1
 Concurrent Refinement Workers: 4
 Periodic GC: Disabled

Heap:
 garbage-first heap   total reserved 2097152K, committed 86016K, used 39703K [0x0000000080000000, 0x0000000100000000)
  region size 1024K, 18 young (18432K), 2 survivors (2048K)
 Metaspace       used 22577K, committed 23424K, reserved 491520K
  class space    used 3431K, committed 3840K, reserved 425984K

Heap Regions: E=young(eden), S=young(survivor), O=old, HS=humongous(starts), HC=humongous(continues), CS=collection set, F=free, TAMS=top-at-mark-start, PB=parsable bottom
|   0|0x0000000080000000, 0x0000000080100000, 0x0000000080100000|100%|HS|  |TAMS 0x0000000080000000| PB 0x0000000080000000| Complete |  0
|   1|0x0000000080100000, 0x0000000080200000, 0x0000000080200000|100%|HC|  |TAMS 0x0000000080100000| PB 0x0000000080100000| Complete |  0
|   2|0x0000000080200000, 0x0000000080300000, 0x0000000080300000|100%|HC|  |TAMS 0x0000000080200000| PB 0x0000000080200000| Complete |  0
|   3|0x0000000080300000, 0x0000000080400000, 0x0000000080400000|100%|HC|  |TAMS 0x0000000080300000| PB 0x0000000080300000| Complete |  0
|   4|0x0000000080400000, 0x0000000080500000, 0x0000000080500000|100%| O|  |TAMS 0x0000000080400000| PB 0x0000000080400000| Untracked |  0
|   5|0x0000000080500000, 0x0000000080600000, 0x0000000080600000|100%| O|  |TAMS 0x0000000080500000| PB 0x0000000080500000| Untracked |  0
|   6|0x0000000080600000, 0x0000000080700000, 0x0000000080700000|100%| O|  |TAMS 0x0000000080600000| PB 0x0000000080600000| Untracked |  0
|   7|0x0000000080700000, 0x0000000080800000, 0x0000000080800000|100%| O|  |TAMS 0x0000000080700000| PB 0x0000000080700000| Untracked |  0
|   8|0x0000000080800000, 0x0000000080900000, 0x0000000080900000|100%| O|  |TAMS 0x0000000080800000| PB 0x0000000080800000| Untracked |  0
|   9|0x0000000080900000, 0x0000000080a00000, 0x0000000080a00000|100%| O|  |TAMS 0x0000000080900000| PB 0x0000000080900000| Untracked |  0
|  10|0x0000000080a00000, 0x0000000080b00000, 0x0000000080b00000|100%| O|  |TAMS 0x0000000080a00000| PB 0x0000000080a00000| Untracked |  0
|  11|0x0000000080b00000, 0x0000000080c00000, 0x0000000080c00000|100%| O|  |TAMS 0x0000000080b00000| PB 0x0000000080b00000| Untracked |  0
|  12|0x0000000080c00000, 0x0000000080d00000, 0x0000000080d00000|100%| O|  |TAMS 0x0000000080c00000| PB 0x0000000080c00000| Untracked |  0
|  13|0x0000000080d00000, 0x0000000080e00000, 0x0000000080e00000|100%| O|  |TAMS 0x0000000080d00000| PB 0x0000000080d00000| Untracked |  0
|  14|0x0000000080e00000, 0x0000000080f00000, 0x0000000080f00000|100%| O|  |TAMS 0x0000000080e00000| PB 0x0000000080e00000| Untracked |  0
|  15|0x0000000080f00000, 0x0000000081000000, 0x0000000081000000|100%| O|  |TAMS 0x0000000080f00000| PB 0x0000000080f00000| Untracked |  0
|  16|0x0000000081000000, 0x0000000081100000, 0x0000000081100000|100%| O|  |TAMS 0x0000000081000000| PB 0x0000000081000000| Untracked |  0
|  17|0x0000000081100000, 0x0000000081200000, 0x0000000081200000|100%| O|  |TAMS 0x0000000081100000| PB 0x0000000081100000| Untracked |  0
|  18|0x0000000081200000, 0x0000000081300000, 0x0000000081300000|100%| O|  |TAMS 0x0000000081200000| PB 0x0000000081200000| Untracked |  0
|  19|0x0000000081300000, 0x0000000081400000, 0x0000000081400000|100%| O|  |TAMS 0x0000000081300000| PB 0x0000000081300000| Untracked |  0
|  20|0x0000000081400000, 0x0000000081500000, 0x0000000081500000|100%| O|  |TAMS 0x0000000081400000| PB 0x0000000081400000| Untracked |  0
|  21|0x0000000081500000, 0x0000000081600000, 0x0000000081600000|100%| O|  |TAMS 0x0000000081500000| PB 0x0000000081500000| Untracked |  0
|  22|0x0000000081600000, 0x00000000816731a0, 0x0000000081700000| 44%| O|Cm|TAMS 0x0000000081600000| PB 0x0000000081600000| Complete |  0
|  23|0x0000000081700000, 0x0000000081700000, 0x0000000081800000|  0%| F|  |TAMS 0x0000000081700000| PB 0x0000000081700000| Untracked |  0
|  24|0x0000000081800000, 0x0000000081800000, 0x0000000081900000|  0%| F|  |TAMS 0x0000000081800000| PB 0x0000000081800000| Untracked |  0
|  25|0x0000000081900000, 0x0000000081900000, 0x0000000081a00000|  0%| F|  |TAMS 0x0000000081900000| PB 0x0000000081900000| Untracked |  0
|  26|0x0000000081a00000, 0x0000000081a00000, 0x0000000081b00000|  0%| F|  |TAMS 0x0000000081a00000| PB 0x0000000081a00000| Untracked |  0
|  27|0x0000000081b00000, 0x0000000081b00000, 0x0000000081c00000|  0%| F|  |TAMS 0x0000000081b00000| PB 0x0000000081b00000| Untracked |  0
|  28|0x0000000081c00000, 0x0000000081c00000, 0x0000000081d00000|  0%| F|  |TAMS 0x0000000081c00000| PB 0x0000000081c00000| Untracked |  0
|  29|0x0000000081d00000, 0x0000000081d00000, 0x0000000081e00000|  0%| F|  |TAMS 0x0000000081d00000| PB 0x0000000081d00000| Untracked |  0
|  30|0x0000000081e00000, 0x0000000081e00000, 0x0000000081f00000|  0%| F|  |TAMS 0x0000000081e00000| PB 0x0000000081e00000| Untracked |  0
|  31|0x0000000081f00000, 0x0000000081f00000, 0x0000000082000000|  0%| F|  |TAMS 0x0000000081f00000| PB 0x0000000081f00000| Untracked |  0
|  32|0x0000000082000000, 0x0000000082000000, 0x0000000082100000|  0%| F|  |TAMS 0x0000000082000000| PB 0x0000000082000000| Untracked |  0
|  33|0x0000000082100000, 0x0000000082100000, 0x0000000082200000|  0%| F|  |TAMS 0x0000000082100000| PB 0x0000000082100000| Untracked |  0
|  34|0x0000000082200000, 0x0000000082200000, 0x0000000082300000|  0%| F|  |TAMS 0x0000000082200000| PB 0x0000000082200000| Untracked |  0
|  35|0x0000000082300000, 0x0000000082300000, 0x0000000082400000|  0%| F|  |TAMS 0x0000000082300000| PB 0x0000000082300000| Untracked |  0
|  36|0x0000000082400000, 0x0000000082400000, 0x0000000082500000|  0%| F|  |TAMS 0x0000000082400000| PB 0x0000000082400000| Untracked |  0
|  37|0x0000000082500000, 0x0000000082500000, 0x0000000082600000|  0%| F|  |TAMS 0x0000000082500000| PB 0x0000000082500000| Untracked |  0
|  38|0x0000000082600000, 0x0000000082600000, 0x0000000082700000|  0%| F|  |TAMS 0x0000000082600000| PB 0x0000000082600000| Untracked |  0
|  39|0x0000000082700000, 0x0000000082700000, 0x0000000082800000|  0%| F|  |TAMS 0x0000000082700000| PB 0x0000000082700000| Untracked |  0
|  40|0x0000000082800000, 0x0000000082800000, 0x0000000082900000|  0%| F|  |TAMS 0x0000000082800000| PB 0x0000000082800000| Untracked |  0
|  41|0x0000000082900000, 0x0000000082900000, 0x0000000082a00000|  0%| F|  |TAMS 0x0000000082900000| PB 0x0000000082900000| Untracked |  0
|  42|0x0000000082a00000, 0x0000000082a00000, 0x0000000082b00000|  0%| F|  |TAMS 0x0000000082a00000| PB 0x0000000082a00000| Untracked |  0
|  43|0x0000000082b00000, 0x0000000082b00000, 0x0000000082c00000|  0%| F|  |TAMS 0x0000000082b00000| PB 0x0000000082b00000| Untracked |  0
|  44|0x0000000082c00000, 0x0000000082c00000, 0x0000000082d00000|  0%| F|  |TAMS 0x0000000082c00000| PB 0x0000000082c00000| Untracked |  0
|  45|0x0000000082d00000, 0x0000000082d00000, 0x0000000082e00000|  0%| F|  |TAMS 0x0000000082d00000| PB 0x0000000082d00000| Untracked |  0
|  46|0x0000000082e00000, 0x0000000082e00000, 0x0000000082f00000|  0%| F|  |TAMS 0x0000000082e00000| PB 0x0000000082e00000| Untracked |  0
|  47|0x0000000082f00000, 0x0000000082f00000, 0x0000000083000000|  0%| F|  |TAMS 0x0000000082f00000| PB 0x0000000082f00000| Untracked |  0
|  48|0x0000000083000000, 0x0000000083000000, 0x0000000083100000|  0%| F|  |TAMS 0x0000000083000000| PB 0x0000000083000000| Untracked |  0
|  49|0x0000000083100000, 0x0000000083100000, 0x0000000083200000|  0%| F|  |TAMS 0x0000000083100000| PB 0x0000000083100000| Untracked |  0
|  50|0x0000000083200000, 0x0000000083200000, 0x0000000083300000|  0%| F|  |TAMS 0x0000000083200000| PB 0x0000000083200000| Untracked |  0
|  51|0x0000000083300000, 0x0000000083300000, 0x0000000083400000|  0%| F|  |TAMS 0x0000000083300000| PB 0x0000000083300000| Untracked |  0
|  52|0x0000000083400000, 0x0000000083400000, 0x0000000083500000|  0%| F|  |TAMS 0x0000000083400000| PB 0x0000000083400000| Untracked |  0
|  53|0x0000000083500000, 0x0000000083500000, 0x0000000083600000|  0%| F|  |TAMS 0x0000000083500000| PB 0x0000000083500000| Untracked |  0
|  54|0x0000000083600000, 0x0000000083600000, 0x0000000083700000|  0%| F|  |TAMS 0x0000000083600000| PB 0x0000000083600000| Untracked |  0
|  55|0x0000000083700000, 0x0000000083700000, 0x0000000083800000|  0%| F|  |TAMS 0x0000000083700000| PB 0x0000000083700000| Untracked |  0
|  56|0x0000000083800000, 0x0000000083800000, 0x0000000083900000|  0%| F|  |TAMS 0x0000000083800000| PB 0x0000000083800000| Untracked |  0
|  57|0x0000000083900000, 0x0000000083900000, 0x0000000083a00000|  0%| F|  |TAMS 0x0000000083900000| PB 0x0000000083900000| Untracked |  0
|  58|0x0000000083a00000, 0x0000000083a00000, 0x0000000083b00000|  0%| F|  |TAMS 0x0000000083a00000| PB 0x0000000083a00000| Untracked |  0
|  59|0x0000000083b00000, 0x0000000083b00000, 0x0000000083c00000|  0%| F|  |TAMS 0x0000000083b00000| PB 0x0000000083b00000| Untracked |  0
|  60|0x0000000083c00000, 0x0000000083c00000, 0x0000000083d00000|  0%| F|  |TAMS 0x0000000083c00000| PB 0x0000000083c00000| Untracked |  0
|  61|0x0000000083d00000, 0x0000000083d00000, 0x0000000083e00000|  0%| F|  |TAMS 0x0000000083d00000| PB 0x0000000083d00000| Untracked |  0
|  62|0x0000000083e00000, 0x0000000083e00000, 0x0000000083f00000|  0%| F|  |TAMS 0x0000000083e00000| PB 0x0000000083e00000| Untracked |  0
|  63|0x0000000083f00000, 0x0000000083f00000, 0x0000000084000000|  0%| F|  |TAMS 0x0000000083f00000| PB 0x0000000083f00000| Untracked |  0
|  64|0x0000000084000000, 0x0000000084000000, 0x0000000084100000|  0%| F|  |TAMS 0x0000000084000000| PB 0x0000000084000000| Untracked |  0
|  65|0x0000000084100000, 0x0000000084100000, 0x0000000084200000|  0%| F|  |TAMS 0x0000000084100000| PB 0x0000000084100000| Untracked |  0
|  66|0x0000000084200000, 0x0000000084280000, 0x0000000084300000| 50%| E|  |TAMS 0x0000000084200000| PB 0x0000000084200000| Complete |  0
|  67|0x0000000084300000, 0x0000000084400000, 0x0000000084400000|100%| E|CS|TAMS 0x0000000084300000| PB 0x0000000084300000| Complete |  0
|  68|0x0000000084400000, 0x0000000084500000, 0x0000000084500000|100%| E|CS|TAMS 0x0000000084400000| PB 0x0000000084400000| Complete |  0
|  69|0x0000000084500000, 0x0000000084600000, 0x0000000084600000|100%| E|CS|TAMS 0x0000000084500000| PB 0x0000000084500000| Complete |  0
|  70|0x0000000084600000, 0x0000000084700000, 0x0000000084700000|100%| E|CS|TAMS 0x0000000084600000| PB 0x0000000084600000| Complete |  0
|  71|0x0000000084700000, 0x0000000084800000, 0x0000000084800000|100%| E|CS|TAMS 0x0000000084700000| PB 0x0000000084700000| Complete |  0
|  72|0x0000000084800000, 0x0000000084900000, 0x0000000084900000|100%| E|CS|TAMS 0x0000000084800000| PB 0x0000000084800000| Complete |  0
|  73|0x0000000084900000, 0x0000000084a00000, 0x0000000084a00000|100%| E|CS|TAMS 0x0000000084900000| PB 0x0000000084900000| Complete |  0
|  74|0x0000000084a00000, 0x0000000084b00000, 0x0000000084b00000|100%| E|CS|TAMS 0x0000000084a00000| PB 0x0000000084a00000| Complete |  0
|  75|0x0000000084b00000, 0x0000000084c00000, 0x0000000084c00000|100%| E|CS|TAMS 0x0000000084b00000| PB 0x0000000084b00000| Complete |  0
|  76|0x0000000084c00000, 0x0000000084d00000, 0x0000000084d00000|100%| E|CS|TAMS 0x0000000084c00000| PB 0x0000000084c00000| Complete |  0
|  77|0x0000000084d00000, 0x0000000084e00000, 0x0000000084e00000|100%| E|CS|TAMS 0x0000000084d00000| PB 0x0000000084d00000| Complete |  0
|  78|0x0000000084e00000, 0x0000000084f00000, 0x0000000084f00000|100%| E|CS|TAMS 0x0000000084e00000| PB 0x0000000084e00000| Complete |  0
|  79|0x0000000084f00000, 0x0000000085000000, 0x0000000085000000|100%| E|CS|TAMS 0x0000000084f00000| PB 0x0000000084f00000| Complete |  0
| 116|0x0000000087400000, 0x0000000087452d30, 0x0000000087500000| 32%| S|CS|TAMS 0x0000000087400000| PB 0x0000000087400000| Complete |  0
| 117|0x0000000087500000, 0x0000000087600000, 0x0000000087600000|100%| S|CS|TAMS 0x0000000087500000| PB 0x0000000087500000| Complete |  0
| 126|0x0000000087e00000, 0x0000000087f00000, 0x0000000087f00000|100%| E|CS|TAMS 0x0000000087e00000| PB 0x0000000087e00000| Complete |  0
| 127|0x0000000087f00000, 0x0000000088000000, 0x0000000088000000|100%| E|CS|TAMS 0x0000000087f00000| PB 0x0000000087f00000| Complete |  0

Card table byte_map: [0x000002b8c17a0000,0x000002b8c1ba0000] _byte_map_base: 0x000002b8c13a0000

Marking Bits: (CMBitMap*) 0x000002b8aa0af470
 Bits: [0x000002b8c1ba0000, 0x000002b8c3ba0000)

Polling page: 0x000002b8a7f10000

Metaspace:

Usage:
  Non-class:     18.70 MB used.
      Class:      3.35 MB used.
       Both:     22.05 MB used.

Virtual space:
  Non-class space:       64.00 MB reserved,      19.12 MB ( 30%) committed,  1 nodes.
      Class space:      416.00 MB reserved,       3.75 MB ( <1%) committed,  1 nodes.
             Both:      480.00 MB reserved,      22.88 MB (  5%) committed. 

Chunk freelists:
   Non-Class:  12.81 MB
       Class:  12.26 MB
        Both:  25.07 MB

MaxMetaspaceSize: 512.00 MB
CompressedClassSpaceSize: 416.00 MB
Initial GC threshold: 21.00 MB
Current GC threshold: 35.25 MB
CDS: on
 - commit_granule_bytes: 65536.
 - commit_granule_words: 8192.
 - virtual_space_node_default_size: 8388608.
 - enlarge_chunks_in_place: 1.
 - use_allocation_guard: 0.


Internal statistics:

num_allocs_failed_limit: 3.
num_arena_births: 1410.
num_arena_deaths: 0.
num_vsnodes_births: 2.
num_vsnodes_deaths: 0.
num_space_committed: 366.
num_space_uncommitted: 0.
num_chunks_returned_to_freelist: 3.
num_chunks_taken_from_freelist: 2328.
num_chunk_merges: 3.
num_chunk_splits: 1525.
num_chunks_enlarged: 980.
num_inconsistent_stats: 0.

CodeHeap 'non-profiled nmethods': size=120000Kb used=1830Kb max_used=1830Kb free=118169Kb
 bounds [0x000002b8b9e70000, 0x000002b8ba0e0000, 0x000002b8c13a0000]
CodeHeap 'profiled nmethods': size=120000Kb used=6726Kb max_used=6726Kb free=113273Kb
 bounds [0x000002b8b23a0000, 0x000002b8b2a40000, 0x000002b8b98d0000]
CodeHeap 'non-nmethods': size=5760Kb used=1509Kb max_used=1583Kb free=4250Kb
 bounds [0x000002b8b98d0000, 0x000002b8b9b40000, 0x000002b8b9e70000]
 total_blobs=3986 nmethods=3404 adapters=486
 compilation: enabled
              stopped_count=0, restarted_count=0
 full_count=0

Compilation events (20 events):
Event: 139.131 Thread 0x000002b8c60849d0 nmethod 3403 0x000002b8ba037a90 code [0x000002b8ba037c20, 0x000002b8ba037d98]
Event: 139.137 Thread 0x000002b8c60849d0 3404       4       jdk.internal.org.objectweb.asm.SymbolTable::addType (81 bytes)
Event: 139.152 Thread 0x000002b8c60849d0 nmethod 3404 0x000002b8ba037f10 code [0x000002b8ba0380e0, 0x000002b8ba038580]
Event: 139.152 Thread 0x000002b8c60849d0 3405       4       java.lang.invoke.LambdaFormBuffer::changeName (149 bytes)
Event: 139.155 Thread 0x000002b8c60849d0 nmethod 3405 0x000002b8ba038890 code [0x000002b8ba038a20, 0x000002b8ba038c60]
Event: 139.400 Thread 0x000002b8c6089280 3406       3       java.util.concurrent.ThreadPoolExecutor::isShutdown (12 bytes)
Event: 139.401 Thread 0x000002b8c6089280 nmethod 3406 0x000002b8b2a2b190 code [0x000002b8b2a2b340, 0x000002b8b2a2b520]
Event: 139.599 Thread 0x000002b8c60849d0 3407       4       java.util.ArrayDeque::addLast (51 bytes)
Event: 139.600 Thread 0x000002b8c6089280 3409       3       java.io.WinNTFileSystem::resolve (349 bytes)
Event: 139.602 Thread 0x000002b8c60849d0 nmethod 3407 0x000002b8ba038d90 code [0x000002b8ba038f40, 0x000002b8ba0391b0]
Event: 139.602 Thread 0x000002b8c60849d0 3408       4       java.util.ArrayDeque::add (7 bytes)
Event: 139.605 Thread 0x000002b8c6089280 nmethod 3409 0x000002b8b2a2b610 code [0x000002b8b2a2bb40, 0x000002b8b2a2e958]
Event: 139.605 Thread 0x000002b8c60849d0 nmethod 3408 0x000002b8ba039310 code [0x000002b8ba0394c0, 0x000002b8ba039740]
Event: 139.605 Thread 0x000002b8c60849d0 3410       4       java.lang.invoke.InvokerBytecodeGenerator::emitStaticInvoke (258 bytes)
Event: 139.612 Thread 0x000002b8c6089280 3413       3       java.util.HashMap::removeNode (291 bytes)
Event: 139.613 Thread 0x000002b8c6089280 nmethod 3413 0x000002b8b2a2fa10 code [0x000002b8b2a2fca0, 0x000002b8b2a30e38]
Event: 139.613 Thread 0x000002b8c6089280 3412       3       java.util.HashMap::remove (26 bytes)
Event: 139.614 Thread 0x000002b8c6089280 nmethod 3412 0x000002b8b2a31290 code [0x000002b8b2a31460, 0x000002b8b2a317c8]
Event: 139.631 Thread 0x000002b8c6089280 3415       1       org.gradle.internal.event.DefaultListenerManager::access$100 (5 bytes)
Event: 139.631 Thread 0x000002b8c6089280 nmethod 3415 0x000002b8ba039890 code [0x000002b8ba039a20, 0x000002b8ba039ad0]

GC Heap History (10 events):
Event: 23.610 GC heap before
{Heap before GC invocations=0 (full 0):
 garbage-first heap   total reserved 2097152K, committed 131072K, used 17408K [0x0000000080000000, 0x0000000100000000)
  region size 1024K, 14 young (14336K), 0 survivors (0K)
 Metaspace       used 936K, committed 1088K, reserved 491520K
  class space    used 74K, committed 128K, reserved 425984K
}
Event: 24.902 GC heap after
{Heap after GC invocations=1 (full 0):
 garbage-first heap   total reserved 2097152K, committed 131072K, used 9173K [0x0000000080000000, 0x0000000100000000)
  region size 1024K, 2 young (2048K), 2 survivors (2048K)
 Metaspace       used 936K, committed 1088K, reserved 491520K
  class space    used 74K, committed 128K, reserved 425984K
}
Event: 44.990 GC heap before
{Heap before GC invocations=1 (full 0):
 garbage-first heap   total reserved 2097152K, committed 131072K, used 26581K [0x0000000080000000, 0x0000000100000000)
  region size 1024K, 19 young (19456K), 2 survivors (2048K)
 Metaspace       used 3905K, committed 4032K, reserved 491520K
  class space    used 483K, committed 576K, reserved 425984K
}
Event: 44.994 GC heap after
{Heap after GC invocations=2 (full 0):
 garbage-first heap   total reserved 2097152K, committed 131072K, used 10971K [0x0000000080000000, 0x0000000100000000)
  region size 1024K, 2 young (2048K), 2 survivors (2048K)
 Metaspace       used 3905K, committed 4032K, reserved 491520K
  class space    used 483K, committed 576K, reserved 425984K
}
Event: 58.985 GC heap before
{Heap before GC invocations=2 (full 0):
 garbage-first heap   total reserved 2097152K, committed 131072K, used 39643K [0x0000000080000000, 0x0000000100000000)
  region size 1024K, 30 young (30720K), 2 survivors (2048K)
 Metaspace       used 4839K, committed 5056K, reserved 491520K
  class space    used 654K, committed 768K, reserved 425984K
}
Event: 58.992 GC heap after
{Heap after GC invocations=3 (full 0):
 garbage-first heap   total reserved 2097152K, committed 131072K, used 15475K [0x0000000080000000, 0x0000000100000000)
  region size 1024K, 4 young (4096K), 4 survivors (4096K)
 Metaspace       used 4839K, committed 5056K, reserved 491520K
  class space    used 654K, committed 768K, reserved 425984K
}
Event: 130.961 GC heap before
{Heap before GC invocations=3 (full 0):
 garbage-first heap   total reserved 2097152K, committed 131072K, used 89203K [0x0000000080000000, 0x0000000100000000)
  region size 1024K, 76 young (77824K), 4 survivors (4096K)
 Metaspace       used 19737K, committed 20480K, reserved 491520K
  class space    used 2940K, committed 3264K, reserved 425984K
}
Event: 130.982 GC heap after
{Heap after GC invocations=4 (full 0):
 garbage-first heap   total reserved 2097152K, committed 131072K, used 22308K [0x0000000080000000, 0x0000000100000000)
  region size 1024K, 10 young (10240K), 10 survivors (10240K)
 Metaspace       used 19737K, committed 20480K, reserved 491520K
  class space    used 2940K, committed 3264K, reserved 425984K
}
Event: 135.125 GC heap before
{Heap before GC invocations=4 (full 0):
 garbage-first heap   total reserved 2097152K, committed 131072K, used 31524K [0x0000000080000000, 0x0000000100000000)
  region size 1024K, 20 young (20480K), 10 survivors (10240K)
 Metaspace       used 20827K, committed 21504K, reserved 491520K
  class space    used 3095K, committed 3456K, reserved 425984K
}
Event: 135.140 GC heap after
{Heap after GC invocations=5 (full 0):
 garbage-first heap   total reserved 2097152K, committed 131072K, used 24343K [0x0000000080000000, 0x0000000100000000)
  region size 1024K, 2 young (2048K), 2 survivors (2048K)
 Metaspace       used 20827K, committed 21504K, reserved 491520K
  class space    used 3095K, committed 3456K, reserved 425984K
}

Dll operation events (13 events):
Event: 3.362 Loaded shared library C:\Program Files\Java\jdk-22\bin\java.dll
Event: 9.446 Loaded shared library C:\Program Files\Java\jdk-22\bin\jsvml.dll
Event: 10.152 Loaded shared library C:\Program Files\Java\jdk-22\bin\net.dll
Event: 11.019 Loaded shared library C:\Program Files\Java\jdk-22\bin\nio.dll
Event: 11.045 Loaded shared library C:\Program Files\Java\jdk-22\bin\zip.dll
Event: 19.049 Loaded shared library C:\Program Files\Java\jdk-22\bin\jimage.dll
Event: 22.144 Loaded shared library C:\Program Files\Java\jdk-22\bin\verify.dll
Event: 28.868 Loaded shared library C:\Users\admin\.gradle\native\68d5fa5c4cc2d200863cafc0d521ce42e7d3e7ee720ec0a83991735586a16f82\windows-amd64\native-platform.dll
Event: 32.155 Loaded shared library C:\Users\admin\.gradle\native\e376f236ea51e6404a007f0833ffe2c6e607c4080706a723a18a27aeea778392\windows-amd64\native-platform-file-events.dll
Event: 60.299 Loaded shared library C:\Program Files\Java\jdk-22\bin\management.dll
Event: 60.304 Loaded shared library C:\Program Files\Java\jdk-22\bin\management_ext.dll
Event: 65.735 Loaded shared library C:\Program Files\Java\jdk-22\bin\extnet.dll
Event: 74.970 Loaded shared library C:\Program Files\Java\jdk-22\bin\sunmscapi.dll

Deoptimization events (20 events):
Event: 128.576 Thread 0x000002b8e60b7740 Uncommon trap: trap_request=0xffffff45 fr.pc=0x000002b8b9f9ddb4 relative=0x00000000000003d4
Event: 128.576 Thread 0x000002b8e60b7740 Uncommon trap: reason=unstable_if action=reinterpret pc=0x000002b8b9f9ddb4 method=jdk.internal.org.objectweb.asm.SymbolTable.addType(Ljava/lang/String;)I @ 33 c2
Event: 128.576 Thread 0x000002b8e60b7740 DEOPT PACKING pc=0x000002b8b9f9ddb4 sp=0x000000e92d4fbe30
Event: 128.576 Thread 0x000002b8e60b7740 DEOPT UNPACKING pc=0x000002b8b99246a2 sp=0x000000e92d4fbdb8 mode 2
Event: 129.191 Thread 0x000002b8e60b7740 Uncommon trap: trap_request=0xffffff76 fr.pc=0x000002b8ba00d720 relative=0x00000000000001e0
Event: 129.191 Thread 0x000002b8e60b7740 Uncommon trap: reason=predicate action=maybe_recompile pc=0x000002b8ba00d720 method=com.google.common.base.CharMatcher.indexIn(Ljava/lang/CharSequence;I)I @ 19 c2
Event: 129.191 Thread 0x000002b8e60b7740 DEOPT PACKING pc=0x000002b8ba00d720 sp=0x000000e92d4fbb20
Event: 129.191 Thread 0x000002b8e60b7740 DEOPT UNPACKING pc=0x000002b8b99246a2 sp=0x000000e92d4fbab0 mode 2
Event: 130.992 Thread 0x000002b8e60b7740 Uncommon trap: trap_request=0xfffffff4 fr.pc=0x000002b8ba00fa04 relative=0x0000000000000264
Event: 130.992 Thread 0x000002b8e60b7740 Uncommon trap: reason=null_check action=make_not_entrant pc=0x000002b8ba00fa04 method=java.lang.invoke.MethodType.equals(Ljava/lang/Object;)Z @ 8 c2
Event: 130.992 Thread 0x000002b8e60b7740 DEOPT PACKING pc=0x000002b8ba00fa04 sp=0x000000e92d4fa900
Event: 130.992 Thread 0x000002b8e60b7740 DEOPT UNPACKING pc=0x000002b8b99246a2 sp=0x000000e92d4fa898 mode 2
Event: 130.992 Thread 0x000002b8e60b7740 Uncommon trap: trap_request=0xffffffde fr.pc=0x000002b8b9f93494 relative=0x0000000000000e14
Event: 130.992 Thread 0x000002b8e60b7740 Uncommon trap: reason=class_check action=maybe_recompile pc=0x000002b8b9f93494 method=java.util.concurrent.ConcurrentHashMap.putVal(Ljava/lang/Object;Ljava/lang/Object;Z)Ljava/lang/Object; @ 159 c2
Event: 130.992 Thread 0x000002b8e60b7740 DEOPT PACKING pc=0x000002b8b9f93494 sp=0x000000e92d4fa870
Event: 130.992 Thread 0x000002b8e60b7740 DEOPT UNPACKING pc=0x000002b8b99246a2 sp=0x000000e92d4fa7f0 mode 2
Event: 131.545 Thread 0x000002b8e60b7740 Uncommon trap: trap_request=0xffffffc6 fr.pc=0x000002b8b9ef18e8 relative=0x0000000000000e68
Event: 131.545 Thread 0x000002b8e60b7740 Uncommon trap: reason=bimorphic_or_optimized_type_check action=maybe_recompile pc=0x000002b8b9ef18e8 method=java.util.Properties$LineReader.readLine()I @ 479 c2
Event: 131.545 Thread 0x000002b8e60b7740 DEOPT PACKING pc=0x000002b8b9ef18e8 sp=0x000000e92d4fb110
Event: 131.545 Thread 0x000002b8e60b7740 DEOPT UNPACKING pc=0x000002b8b99246a2 sp=0x000000e92d4fb0b0 mode 2

Classes loaded (20 events):
Event: 129.174 Loading class java/util/concurrent/TimeoutException
Event: 129.175 Loading class java/util/concurrent/TimeoutException done
Event: 129.186 Loading class java/util/ServiceConfigurationError
Event: 129.187 Loading class java/util/ServiceConfigurationError done
Event: 129.556 Loading class java/util/concurrent/locks/AbstractQueuedSynchronizer$SharedNode
Event: 129.558 Loading class java/util/concurrent/locks/AbstractQueuedSynchronizer$SharedNode done
Event: 130.256 Loading class java/io/InterruptedIOException
Event: 130.271 Loading class java/io/InterruptedIOException done
Event: 130.287 Loading class java/util/ArrayDeque$DeqSpliterator
Event: 130.316 Loading class java/util/ArrayDeque$DeqSpliterator done
Event: 138.009 Loading class sun/reflect/misc/ReflectUtil
Event: 138.011 Loading class sun/reflect/misc/ReflectUtil done
Event: 138.019 Loading class java/lang/Class$EnclosingMethodInfo
Event: 138.019 Loading class java/lang/Class$EnclosingMethodInfo done
Event: 138.022 Loading class sun/reflect/generics/tree/IntSignature
Event: 138.022 Loading class sun/reflect/generics/tree/IntSignature done
Event: 138.022 Loading class sun/reflect/generics/tree/ArrayTypeSignature
Event: 138.022 Loading class sun/reflect/generics/tree/ArrayTypeSignature done
Event: 138.031 Loading class java/lang/SafeVarargs
Event: 138.033 Loading class java/lang/SafeVarargs done

Classes unloaded (0 events):
No events

Classes redefined (0 events):
No events

Internal exceptions (20 events):
Event: 123.115 Thread 0x000002b8e60b7740 Exception <a 'java/lang/NoSuchMethodError'{0x000000008441d1d0}: 'java.lang.Object java.lang.invoke.DirectMethodHandle$Holder.newInvokeSpecial(java.lang.Object, java.lang.Object, java.lang.Object, java.lang.Object, java.lang.Object, java.lang.Object, java.lang.Object)'> (0x000000008441d1d0) 
thrown [s\open\src\hotspot\share\interpreter\linkResolver.cpp, line 774]
Event: 127.088 Thread 0x000002b8e60b7740 Exception <a 'java/lang/NoSuchMethodError'{0x0000000083a6cba0}: 'void java.lang.invoke.DirectMethodHandle$Holder.invokeStaticInit(java.lang.Object, java.lang.Object)'> (0x0000000083a6cba0) 
thrown [s\open\src\hotspot\share\interpreter\linkResolver.cpp, line 774]
Event: 127.583 Thread 0x000002b8e60b7740 Exception <a 'java/lang/NoSuchMethodError'{0x000000008391c250}: 'java.lang.Object java.lang.invoke.DirectMethodHandle$Holder.newInvokeSpecial(java.lang.Object, java.lang.Object, java.lang.Object, java.lang.Object, java.lang.Object, java.lang.Object, java.lang.Object, java.lang.Object)'> (0x000000008391c250) 
thrown [s\open\src\hotspot\share\interpreter\linkResolver.cpp, line 774]
Event: 128.093 Thread 0x000002b8e60b7740 Exception <a 'java/lang/NoSuchMethodError'{0x000000008384fd20}: 'java.lang.Object java.lang.invoke.DirectMethodHandle$Holder.invokeStaticInit(java.lang.Object, java.lang.Object, java.lang.Object)'> (0x000000008384fd20) 
thrown [s\open\src\hotspot\share\interpreter\linkResolver.cpp, line 774]
Event: 128.094 Thread 0x000002b8e60b7740 Exception <a 'java/lang/NoSuchMethodError'{0x0000000083858de8}: 'void java.lang.invoke.DirectMethodHandle$Holder.invokeStatic(java.lang.Object, java.lang.Object, java.lang.Object, java.lang.Object, java.lang.Object, java.lang.Object)'> (0x0000000083858de8) 
thrown [s\open\src\hotspot\share\interpreter\linkResolver.cpp, line 774]
Event: 130.274 Thread 0x000002b8e60b7740 Exception <a 'java/lang/NoSuchMethodError'{0x000000008342bf28}: 'void java.lang.invoke.DirectMethodHandle$Holder.invokeStatic(java.lang.Object, java.lang.Object, java.lang.Object, java.lang.Object)'> (0x000000008342bf28) 
thrown [s\open\src\hotspot\share\interpreter\linkResolver.cpp, line 774]
Event: 130.276 Thread 0x000002b8e60b7740 Exception <a 'java/lang/NoSuchMethodError'{0x000000008343be80}: 'int java.lang.invoke.DirectMethodHandle$Holder.invokeVirtual(java.lang.Object, java.lang.Object)'> (0x000000008343be80) 
thrown [s\open\src\hotspot\share\interpreter\linkResolver.cpp, line 774]
Event: 130.319 Thread 0x000002b8e60b7740 Exception <a 'java/lang/NoSuchMethodError'{0x0000000083469038}: 'int java.lang.invoke.DirectMethodHandle$Holder.invokeVirtual(java.lang.Object, java.lang.Object, java.lang.Object)'> (0x0000000083469038) 
thrown [s\open\src\hotspot\share\interpreter\linkResolver.cpp, line 774]
Event: 130.992 Thread 0x000002b8e60b7740 Implicit null exception at 0x000002b8ba00f7e9 to 0x000002b8ba00f9f4
Event: 132.087 Thread 0x000002b8e60b7740 Exception <a 'java/lang/NoSuchMethodError'{0x0000000087ce1728}: 'void java.lang.invoke.DirectMethodHandle$Holder.invokeInterface(java.lang.Object, java.lang.Object, java.lang.Object, java.lang.Object, java.lang.Object)'> (0x0000000087ce1728) 
thrown [s\open\src\hotspot\share\interpreter\linkResolver.cpp, line 774]
Event: 134.342 Thread 0x000002b8e60b7740 Exception <a 'java/lang/NoSuchMethodError'{0x000000008772cdf0}: 'java.lang.Object java.lang.invoke.DirectMethodHandle$Holder.invokeVirtual(java.lang.Object, java.lang.Object, java.lang.Object, java.lang.Object, java.lang.Object, java.lang.Object, java.lang.Object, java.lang.Object, java.lang.Object, java.lang.Object, java.lang.Object, java.lang.Object, java.lang.Object)'> (0x000000008772cdf0) 
thrown [s\open\src\hotspot\share\interpreter\linkResolver.cpp, line 774]
Event: 134.343 Thread 0x000002b8e60b7740 Exception <a 'java/lang/NoSuchMethodError'{0x0000000087732670}: 'java.lang.Object java.lang.invoke.DirectMethodHandle$Holder.invokeSpecial(java.lang.Object, java.lang.Object, java.lang.Object, java.lang.Object, java.lang.Object, java.lang.Object, java.lang.Object, java.lang.Object, java.lang.Object, java.lang.Object, java.lang.Object, java.lang.Object, java.lang.Object, java.lang.Object)'> (0x0000000087732670) 
thrown [s\open\src\hotspot\share\interpreter\linkResolver.cpp, line 774]
Event: 134.344 Thread 0x000002b8e60b7740 Exception <a 'java/lang/NoSuchMethodError'{0x0000000087737910}: 'java.lang.Object java.lang.invoke.DelegatingMethodHandle$Holder.reinvoke_L(java.lang.Object, java.lang.Object, java.lang.Object, java.lang.Object, java.lang.Object, java.lang.Object, java.lang.Object, java.lang.Object, java.lang.Object, java.lang.Object, java.lang.Object, java.lang.Object, java.lang.Object)'> (0x0000000087737910) 
thrown [s\open\src\hotspot\share\interpreter\linkResolver.cpp, line 774]
Event: 136.020 Thread 0x000002b8e60b7740 Exception <a 'java/lang/NoSuchMethodError'{0x0000000084ff08d8}: 'java.lang.Object java.lang.invoke.DirectMethodHandle$Holder.invokeSpecialIFC(java.lang.Object, java.lang.Object, java.lang.Object, java.lang.Object)'> (0x0000000084ff08d8) 
thrown [s\open\src\hotspot\share\interpreter\linkResolver.cpp, line 774]
Event: 137.320 Thread 0x000002b8e60b7740 Exception <a 'java/lang/NoSuchMethodError'{0x0000000084ac5fa0}: 'java.lang.Object java.lang.invoke.DirectMethodHandle$Holder.invokeVirtual(java.lang.Object, java.lang.Object, java.lang.Object, java.lang.Object, java.lang.Object, java.lang.Object, java.lang.Object, java.lang.Object, java.lang.Object, java.lang.Object, java.lang.Object)'> (0x0000000084ac5fa0) 
thrown [s\open\src\hotspot\share\interpreter\linkResolver.cpp, line 774]
Event: 137.688 Thread 0x000002b8e60b7740 Exception <a 'java/lang/NoSuchMethodError'{0x00000000849e12d0}: 'java.lang.Object java.lang.invoke.DirectMethodHandle$Holder.newInvokeSpecial(java.lang.Object, java.lang.Object, java.lang.Object, java.lang.Object, java.lang.Object, java.lang.Object, java.lang.Object, java.lang.Object, java.lang.Object)'> (0x00000000849e12d0) 
thrown [s\open\src\hotspot\share\interpreter\linkResolver.cpp, line 774]
Event: 139.112 Thread 0x000002b8e60b7740 Exception <a 'java/lang/NoSuchMethodError'{0x00000000845948e8}: 'java.lang.Object java.lang.invoke.DirectMethodHandle$Holder.newInvokeSpecial(java.lang.Object, java.lang.Object, java.lang.Object, java.lang.Object, java.lang.Object, java.lang.Object, java.lang.Object, java.lang.Object, java.lang.Object, java.lang.Object, java.lang.Object)'> (0x00000000845948e8) 
thrown [s\open\src\hotspot\share\interpreter\linkResolver.cpp, line 774]
Event: 139.129 Thread 0x000002b8e60b7740 Exception <a 'java/lang/NoSuchMethodError'{0x00000000845dc5e8}: 'java.lang.Object java.lang.invoke.DirectMethodHandle$Holder.newInvokeSpecial(java.lang.Object, java.lang.Object, java.lang.Object, java.lang.Object, java.lang.Object, java.lang.Object, java.lang.Object, java.lang.Object, java.lang.Object, java.lang.Object, java.lang.Object, java.lang.Object)'> (0x00000000845dc5e8) 
thrown [s\open\src\hotspot\share\interpreter\linkResolver.cpp, line 774]
Event: 139.130 Thread 0x000002b8e60b7740 Exception <a 'java/lang/NoSuchMethodError'{0x00000000845e1ad8}: 'java.lang.Object java.lang.invoke.Invokers$Holder.linkToTargetMethod(java.lang.Object, java.lang.Object, java.lang.Object, java.lang.Object, java.lang.Object, java.lang.Object, java.lang.Object, java.lang.Object, java.lang.Object, java.lang.Object, java.lang.Object, java.lang.Object)'> (0x00000000845e1ad8) 
thrown [s\open\src\hotspot\share\interpreter\linkResolver.cpp, line 774]
Event: 139.623 Thread 0x000002b8e60b7740 Exception <a 'java/lang/NoSuchMethodError'{0x000000008436ddc8}: 'java.lang.Object java.lang.invoke.DirectMethodHandle$Holder.invokeStaticInit(java.lang.Object, java.lang.Object, java.lang.Object, java.lang.Object)'> (0x000000008436ddc8) 
thrown [s\open\src\hotspot\share\interpreter\linkResolver.cpp, line 774]

ZGC Phase Switch (0 events):
No events

VM Operations (20 events):
Event: 131.993 Executing VM operation: Cleanup
Event: 132.085 Executing VM operation: Cleanup done
Event: 133.088 Executing VM operation: Cleanup
Event: 133.259 Executing VM operation: Cleanup done
Event: 134.262 Executing VM operation: Cleanup
Event: 134.278 Executing VM operation: Cleanup done
Event: 135.125 Executing VM operation: CollectForMetadataAllocation (Metadata GC Threshold)
Event: 135.140 Executing VM operation: CollectForMetadataAllocation (Metadata GC Threshold) done
Event: 135.165 Executing VM operation: G1PauseRemark
Event: 135.170 Executing VM operation: G1PauseRemark done
Event: 135.185 Executing VM operation: G1PauseCleanup
Event: 135.542 Executing VM operation: G1PauseCleanup done
Event: 136.548 Executing VM operation: Cleanup
Event: 136.800 Executing VM operation: Cleanup done
Event: 137.813 Executing VM operation: Cleanup
Event: 138.000 Executing VM operation: Cleanup done
Event: 138.017 Executing VM operation: HandshakeAllThreads (Deoptimize)
Event: 138.017 Executing VM operation: HandshakeAllThreads (Deoptimize) done
Event: 139.026 Executing VM operation: Cleanup
Event: 139.087 Executing VM operation: Cleanup done

Events (20 events):
Event: 61.271 Thread 0x000002b8e63e9970 Thread added: 0x000002b8e63e9970
Event: 66.588 Thread 0x000002b8c61ef5d0 Thread added: 0x000002b8c61ef5d0
Event: 74.317 Thread 0x000002b8e6aa50f0 Thread added: 0x000002b8e6aa50f0
Event: 76.874 Thread 0x000002b8c6b1b370 Thread added: 0x000002b8c6b1b370
Event: 77.598 Thread 0x000002b8c6d55f20 Thread added: 0x000002b8c6d55f20
Event: 79.171 Thread 0x000002b8e60b9180 Thread added: 0x000002b8e60b9180
Event: 99.552 Thread 0x000002b8e60b7740 Thread added: 0x000002b8e60b7740
Event: 99.994 Thread 0x000002b8e60b9810 Thread added: 0x000002b8e60b9810
Event: 99.999 Thread 0x000002b8e60b9ea0 Thread added: 0x000002b8e60b9ea0
Event: 100.476 Thread 0x000002b8e60ba530 Thread added: 0x000002b8e60ba530
Event: 110.086 Thread 0x000002b8e60b7dd0 Thread added: 0x000002b8e60b7dd0
Event: 112.063 Thread 0x000002b8e60b8460 Thread added: 0x000002b8e60b8460
Event: 118.331 Thread 0x000002b8e60b8af0 Thread added: 0x000002b8e60b8af0
Event: 129.556 Thread 0x000002b8e7bfd200 Thread added: 0x000002b8e7bfd200
Event: 130.275 Thread 0x000002b8e7bfaaa0 Thread added: 0x000002b8e7bfaaa0
Event: 134.390 Thread 0x000002b8e7bfdf20 Thread added: 0x000002b8e7bfdf20
Event: 135.579 Thread 0x000002b8e7bfe5b0 Thread added: 0x000002b8e7bfe5b0
Event: 136.448 Thread 0x000002b8e7bffff0 Thread added: 0x000002b8e7bffff0
Event: 137.079 Thread 0x000002b8e7bfbe50 Thread added: 0x000002b8e7bfbe50
Event: 139.604 Thread 0x000002b8e7bff2d0 Thread added: 0x000002b8e7bff2d0


Dynamic libraries:
0x00007ff781a10000 - 0x00007ff781a20000 	C:\Program Files\Java\jdk-22\bin\java.exe
0x00007ffb5da70000 - 0x00007ffb5dc68000 	C:\Windows\SYSTEM32\ntdll.dll
0x00007ffb5ce90000 - 0x00007ffb5cf52000 	C:\Windows\System32\KERNEL32.DLL
0x00007ffb5b530000 - 0x00007ffb5b826000 	C:\Windows\System32\KERNELBASE.dll
0x00007ffb5b830000 - 0x00007ffb5b930000 	C:\Windows\System32\ucrtbase.dll
0x00007ffb3b180000 - 0x00007ffb3b197000 	C:\Program Files\Java\jdk-22\bin\jli.dll
0x00007ffb5bd70000 - 0x00007ffb5be21000 	C:\Windows\System32\ADVAPI32.dll
0x00007ffb5cfe0000 - 0x00007ffb5d07e000 	C:\Windows\System32\msvcrt.dll
0x00007ffb5cde0000 - 0x00007ffb5ce7f000 	C:\Windows\System32\sechost.dll
0x00007ffb5bc50000 - 0x00007ffb5bd70000 	C:\Windows\System32\RPCRT4.dll
0x00007ffb5b930000 - 0x00007ffb5b957000 	C:\Windows\System32\bcrypt.dll
0x00007ffb5baa0000 - 0x00007ffb5bc3d000 	C:\Windows\System32\USER32.dll
0x00007ffb5b300000 - 0x00007ffb5b322000 	C:\Windows\System32\win32u.dll
0x00007ffb5d4f0000 - 0x00007ffb5d51b000 	C:\Windows\System32\GDI32.dll
0x00007ffb5b110000 - 0x00007ffb5b229000 	C:\Windows\System32\gdi32full.dll
0x00007ffb5b490000 - 0x00007ffb5b52d000 	C:\Windows\System32\msvcp_win.dll
0x00007ffb44b40000 - 0x00007ffb44b5b000 	C:\Program Files\Java\jdk-22\bin\VCRUNTIME140.dll
0x00007ffb48360000 - 0x00007ffb485fb000 	C:\Windows\WinSxS\amd64_microsoft.windows.common-controls_6595b64144ccf1df_6.0.19041.6280_none_60bc30a171f2f3f3\COMCTL32.dll
0x00007ffb534d0000 - 0x00007ffb534da000 	C:\Windows\SYSTEM32\VERSION.dll
0x00007ffb5cc90000 - 0x00007ffb5ccbf000 	C:\Windows\System32\IMM32.DLL
0x00007ffb44b30000 - 0x00007ffb44b3c000 	C:\Program Files\Java\jdk-22\bin\vcruntime140_1.dll
0x00007ffb2c050000 - 0x00007ffb2c0de000 	C:\Program Files\Java\jdk-22\bin\msvcp140.dll
0x00007ffb23f10000 - 0x00007ffb24c57000 	C:\Program Files\Java\jdk-22\bin\server\jvm.dll
0x00007ffb5ccc0000 - 0x00007ffb5cd2b000 	C:\Windows\System32\WS2_32.dll
0x00007ffb5af70000 - 0x00007ffb5afbb000 	C:\Windows\SYSTEM32\POWRPROF.dll
0x00007ffb4fd90000 - 0x00007ffb4fdb7000 	C:\Windows\SYSTEM32\WINMM.dll
0x00007ffb5af50000 - 0x00007ffb5af62000 	C:\Windows\SYSTEM32\UMPDC.dll
0x00007ffb597a0000 - 0x00007ffb597b2000 	C:\Windows\SYSTEM32\kernel.appcore.dll
0x00007ffb44850000 - 0x00007ffb4485a000 	C:\Program Files\Java\jdk-22\bin\jimage.dll
0x00007ffb58c60000 - 0x00007ffb58e61000 	C:\Windows\SYSTEM32\DBGHELP.DLL
0x00007ffb3c700000 - 0x00007ffb3c734000 	C:\Windows\SYSTEM32\dbgcore.DLL
0x00007ffb5b960000 - 0x00007ffb5b9e2000 	C:\Windows\System32\bcryptPrimitives.dll
0x00007ffb3aeb0000 - 0x00007ffb3aece000 	C:\Program Files\Java\jdk-22\bin\java.dll
0x00007ffb5c320000 - 0x00007ffb5ca90000 	C:\Windows\System32\SHELL32.dll
0x00007ffb5c1f0000 - 0x00007ffb5c31b000 	C:\Windows\System32\ole32.dll
0x00007ffb5d6d0000 - 0x00007ffb5da23000 	C:\Windows\System32\combase.dll
0x00007ffb58e70000 - 0x00007ffb59615000 	C:\Windows\SYSTEM32\windows.storage.dll
0x00007ffb5aa70000 - 0x00007ffb5aa9b000 	C:\Windows\SYSTEM32\Wldp.dll
0x00007ffb5bf70000 - 0x00007ffb5c03d000 	C:\Windows\System32\OLEAUT32.dll
0x00007ffb5ca90000 - 0x00007ffb5cb3d000 	C:\Windows\System32\SHCORE.dll
0x00007ffb5cf80000 - 0x00007ffb5cfdb000 	C:\Windows\System32\shlwapi.dll
0x00007ffb5b040000 - 0x00007ffb5b064000 	C:\Windows\SYSTEM32\profapi.dll
0x00007ffb2bf70000 - 0x00007ffb2c047000 	C:\Program Files\Java\jdk-22\bin\jsvml.dll
0x00007ffb447c0000 - 0x00007ffb447d0000 	C:\Program Files\Java\jdk-22\bin\net.dll
0x00007ffb5a7d0000 - 0x00007ffb5a83a000 	C:\Windows\system32\mswsock.dll
0x00007ffb39bc0000 - 0x00007ffb39bd6000 	C:\Program Files\Java\jdk-22\bin\nio.dll
0x00007ffb37350000 - 0x00007ffb37367000 	C:\Program Files\Java\jdk-22\bin\zip.dll
0x00007ffb42c00000 - 0x00007ffb42c10000 	C:\Program Files\Java\jdk-22\bin\verify.dll
0x00007ffb45380000 - 0x00007ffb453a7000 	C:\Users\admin\.gradle\native\68d5fa5c4cc2d200863cafc0d521ce42e7d3e7ee720ec0a83991735586a16f82\windows-amd64\native-platform.dll
0x00007ffb2bb40000 - 0x00007ffb2bc84000 	C:\Users\admin\.gradle\native\e376f236ea51e6404a007f0833ffe2c6e607c4080706a723a18a27aeea778392\windows-amd64\native-platform-file-events.dll
0x00007ffb400e0000 - 0x00007ffb400ea000 	C:\Program Files\Java\jdk-22\bin\management.dll
0x00007ffb3f580000 - 0x00007ffb3f58b000 	C:\Program Files\Java\jdk-22\bin\management_ext.dll
0x00007ffb5bc40000 - 0x00007ffb5bc48000 	C:\Windows\System32\PSAPI.DLL
0x00007ffb5a9d0000 - 0x00007ffb5a9e8000 	C:\Windows\SYSTEM32\CRYPTSP.dll
0x00007ffb5a0f0000 - 0x00007ffb5a128000 	C:\Windows\system32\rsaenh.dll
0x00007ffb5afc0000 - 0x00007ffb5afee000 	C:\Windows\SYSTEM32\USERENV.dll
0x00007ffb5a9c0000 - 0x00007ffb5a9cc000 	C:\Windows\SYSTEM32\CRYPTBASE.dll
0x00007ffb5a4b0000 - 0x00007ffb5a4eb000 	C:\Windows\SYSTEM32\IPHLPAPI.DLL
0x00007ffb5d640000 - 0x00007ffb5d648000 	C:\Windows\System32\NSI.dll
0x00007ffb3c400000 - 0x00007ffb3c409000 	C:\Program Files\Java\jdk-22\bin\extnet.dll
0x00007ffb3b8e0000 - 0x00007ffb3b8ee000 	C:\Program Files\Java\jdk-22\bin\sunmscapi.dll
0x00007ffb5b330000 - 0x00007ffb5b48d000 	C:\Windows\System32\CRYPT32.dll
0x00007ffb5aae0000 - 0x00007ffb5ab07000 	C:\Windows\SYSTEM32\ncrypt.dll
0x00007ffb5aaa0000 - 0x00007ffb5aadb000 	C:\Windows\SYSTEM32\NTASN1.dll
0x00007ffb46010000 - 0x00007ffb46017000 	C:\Windows\system32\wshunix.dll

dbghelp: loaded successfully - version: 4.0.5 - missing functions: none
symbol engine: initialized successfully - sym options: 0x614 - pdb path: .;C:\Program Files\Java\jdk-22\bin;C:\Windows\SYSTEM32;C:\Windows\WinSxS\amd64_microsoft.windows.common-controls_6595b64144ccf1df_6.0.19041.6280_none_60bc30a171f2f3f3;C:\Program Files\Java\jdk-22\bin\server;C:\Users\admin\.gradle\native\68d5fa5c4cc2d200863cafc0d521ce42e7d3e7ee720ec0a83991735586a16f82\windows-amd64;C:\Users\admin\.gradle\native\e376f236ea51e6404a007f0833ffe2c6e607c4080706a723a18a27aeea778392\windows-amd64

VM Arguments:
jvm_args: -XX:MaxMetaspaceSize=512m --add-opens=java.base/java.util=ALL-UNNAMED --add-opens=java.base/java.lang=ALL-UNNAMED --add-opens=java.base/java.lang.invoke=ALL-UNNAMED --add-opens=java.prefs/java.util.prefs=ALL-UNNAMED --add-opens=java.base/java.nio.charset=ALL-UNNAMED --add-opens=java.base/java.net=ALL-UNNAMED --add-opens=java.base/java.util.concurrent.atomic=ALL-UNNAMED -Xmx2048m -Dfile.encoding=UTF-8 -Duser.country=US -Duser.language=en -Duser.variant 
java_command: org.gradle.launcher.daemon.bootstrap.GradleDaemon 8.0.1
java_class_path (initial): C:\Users\admin\.gradle\wrapper\dists\gradle-8.0.1-all\aro4hu1c3oeioove7l0i4i14o\gradle-8.0.1\lib\gradle-launcher-8.0.1.jar
Launcher Type: SUN_STANDARD

[Global flags]
     intx CICompilerCount                          = 3                                         {product} {ergonomic}
   size_t CompressedClassSpaceSize                 = 436207616                                 {product} {ergonomic}
     uint ConcGCThreads                            = 1                                         {product} {ergonomic}
     uint G1ConcRefinementThreads                  = 4                                         {product} {ergonomic}
   size_t G1HeapRegionSize                         = 1048576                                   {product} {ergonomic}
   size_t InitialHeapSize                          = 134217728                                 {product} {ergonomic}
   size_t MarkStackSize                            = 4194304                                   {product} {ergonomic}
   size_t MaxHeapSize                              = 2147483648                                {product} {command line}
   size_t MaxMetaspaceSize                         = 536870912                                 {product} {command line}
   size_t MaxNewSize                               = 1287651328                                {product} {ergonomic}
   size_t MinHeapDeltaBytes                        = 1048576                                   {product} {ergonomic}
   size_t MinHeapSize                              = 8388608                                   {product} {ergonomic}
    uintx NonNMethodCodeHeapSize                   = 5832780                                {pd product} {ergonomic}
    uintx NonProfiledCodeHeapSize                  = 122912730                              {pd product} {ergonomic}
    uintx ProfiledCodeHeapSize                     = 122912730                              {pd product} {ergonomic}
    uintx ReservedCodeCacheSize                    = 251658240                              {pd product} {ergonomic}
     bool SegmentedCodeCache                       = true                                      {product} {ergonomic}
   size_t SoftMaxHeapSize                          = 2147483648                             {manageable} {ergonomic}
     bool UseCompressedOops                        = true                           {product lp64_product} {ergonomic}
     bool UseG1GC                                  = true                                      {product} {ergonomic}
     bool UseLargePagesIndividualAllocation        = false                                  {pd product} {ergonomic}

Logging:
Log output configuration:
 #0: stdout all=warning uptime,level,tags foldmultilines=false
 #1: stderr all=off uptime,level,tags foldmultilines=false

Environment Variables:
CLASSPATH=D:\LearnReactNative\android\\gradle\wrapper\gradle-wrapper.jar
PATH=D:\LearnReactNative\node_modules\.bin;D:\LearnReactNative\node_modules\.bin;D:\node_modules\.bin;C:\Program Files\nodejs\node_modules\npm\node_modules\@npmcli\run-script\lib\node-gyp-bin;D:\LearnReactNative\node_modules\.bin;D:\node_modules\.bin;C:\Program Files\nodejs\node_modules\npm\node_modules\@npmcli\run-script\lib\node-gyp-bin;C:\Users\admin\bin;C:\Program Files\Git\mingw64\bin;C:\Program Files\Git\usr\local\bin;C:\Program Files\Git\usr\bin;C:\Program Files\Git\usr\bin;C:\Program Files\Git\mingw64\bin;C:\Program Files\Git\usr\bin;C:\Users\admin\bin;C:\Program Files\Common Files\Oracle\Java\javapath;C:\Windows\system32;C:\Windows;C:\Windows\System32\Wbem;C:\Windows\System32\WindowsPowerShell\v1.0;C:\Windows\System32\OpenSSH;C:\xampp\php;C:\composer;C:\Program Files\Git\cmd;C:\Program Files\nodejs;C:\Users\admin\AppData\Local\Programs\Python\Python312\Scripts;C:\Users\admin\AppData\Local\Programs\Python\Python312;C:\Users\admin\AppData\Local\Programs\Python\Launcher;C:\Users\admin\AppData\Local\Microsoft\WindowsApps;C:\Users\admin\AppData\Local\Programs\Microsoft VS Code\bin;C:\Users\admin\AppData\Roaming\Composer\vendor\bin;C:\Users\admin\AppData\Local\Microsoft\WinGet\Packages\Schniz.fnm_Microsoft.Winget.Source_8wekyb3d8bbwe;C:\Users\admin\AppData\Roaming\npm;C:\Program Files\Git\usr\bin\vendor_perl;C:\Program Files\Git\usr\bin\core_perl
USERNAME=admin
SHELL=C:\Program Files\Git\usr\bin\bash.exe
DISPLAY=needs-to-be-defined
LANG=en_US.UTF-8
TERM=xterm-256color
TMPDIR=C:\Users\admin\AppData\Local\Temp
OS=Windows_NT
PROCESSOR_IDENTIFIER=Intel64 Family 6 Model 142 Stepping 9, GenuineIntel
TMP=C:\Users\admin\AppData\Local\Temp
TEMP=C:\Users\admin\AppData\Local\Temp




Periodic native trim disabled

---------------  S Y S T E M  ---------------

OS:
 Windows 10 , 64 bit Build 19041 (10.0.19041.5915)
OS uptime: 3 days 17:31 hours

CPU: total 4 (initial active 4) (2 cores per cpu, 2 threads per core) family 6 model 142 stepping 9 microcode 0xf6, cx8, cmov, fxsr, ht, mmx, 3dnowpref, sse, sse2, sse3, ssse3, sse4.1, sse4.2, popcnt, lzcnt, tsc, tscinvbit, avx, avx2, aes, erms, clmul, bmi1, bmi2, rtm, adx, fma, vzeroupper, clflush, clflushopt, rdtscp, f16c
Processor Information for all 4 processors :
  Max Mhz: 2701, Current Mhz: 2701, Mhz Limit: 2701

Memory: 4k page, system-wide physical 8073M (163M free)
TotalPageFile size 32649M (AvailPageFile size 0M)
current process WorkingSet (physical memory assigned to process): 136M, peak: 174M
current process commit charge ("private bytes"): 217M, peak: 273M

vm_info: Java HotSpot(TM) 64-Bit Server VM (22.0.1+8-16) for windows-amd64 JRE (22.0.1+8-16), built on 2024-03-12T10:33:16Z by "mach5one" with MS VC++ 17.6 (VS2022)

END.
