#
# There is insufficient memory for the Java Runtime Environment to continue.
# Native memory allocation (malloc) failed to allocate 343216 bytes. Error detail: Chunk::new
# Possible reasons:
#   The system is out of physical RAM or swap space
#   This process is running with CompressedOops enabled, and the Java Heap may be blocking the growth of the native heap
# Possible solutions:
#   Reduce memory load on the system
#   Increase physical memory or swap space
#   Check if swap backing store is full
#   Decrease Java heap size (-Xmx/-Xms)
#   Decrease number of Java threads
#   Decrease Java thread stack sizes (-Xss)
#   Set larger code cache with -XX:ReservedCodeCacheSize=
#   JVM is running with Unscaled Compressed Oops mode in which the Java heap is
#     placed in the first 4GB address space. The Java Heap base address is the
#     maximum limit for the native heap growth. Please use -XX:HeapBaseMinAddress
#     to set the Java Heap base and to place the Java Heap above 4GB virtual address.
# This output file may be truncated or incomplete.
#
#  Out of Memory Error (arena.cpp:150), pid=18572, tid=18024
#
# JRE version: Java(TM) SE Runtime Environment (22.0.1+8) (build 22.0.1+8-16)
# Java VM: Java HotSpot(TM) 64-Bit Server VM (22.0.1+8-16, mixed mode, sharing, tiered, compressed oops, compressed class ptrs, g1 gc, windows-amd64)
# No core dump will be written. Minidumps are not enabled by default on client versions of Windows
#

---------------  S U M M A R Y ------------

Command Line: -XX:MaxMetaspaceSize=512m --add-opens=java.base/java.util=ALL-UNNAMED --add-opens=java.base/java.lang=ALL-UNNAMED --add-opens=java.base/java.lang.invoke=ALL-UNNAMED --add-opens=java.prefs/java.util.prefs=ALL-UNNAMED --add-opens=java.base/java.nio.charset=ALL-UNNAMED --add-opens=java.base/java.net=ALL-UNNAMED --add-opens=java.base/java.util.concurrent.atomic=ALL-UNNAMED -Xmx2048m -Dfile.encoding=UTF-8 -Duser.country=US -Duser.language=en -Duser.variant org.gradle.launcher.daemon.bootstrap.GradleDaemon 8.0.1

Host: Intel(R) Core(TM) i5-7300U CPU @ 2.60GHz, 4 cores, 7G,  Windows 10 , 64 bit Build 19041 (10.0.19041.5915)
Time: Mon Sep 29 09:08:17 2025 SE Asia Standard Time elapsed time: 143.190231 seconds (0d 0h 2m 23s)

---------------  T H R E A D  ---------------

Current thread (0x000001b760ba4430):  JavaThread "C2 CompilerThread0" daemon [_thread_in_native, id=18024, stack(0x0000009adc300000,0x0000009adc400000) (1024K)]


Current CompileTask:
C2:143190 4137       4       jdk.internal.jimage.ImageLocation::getFullName (109 bytes)

Stack: [0x0000009adc300000,0x0000009adc400000]
Native frames: (J=compiled Java code, j=interpreted, Vv=VM code, C=native code)
V  [jvm.dll+0x6e2279]  (no source info available)
V  [jvm.dll+0x874e33]  (no source info available)
V  [jvm.dll+0x87725e]  (no source info available)
V  [jvm.dll+0x877933]  (no source info available)
V  [jvm.dll+0x27fd76]  (no source info available)
V  [jvm.dll+0xc3d0f]  (no source info available)
V  [jvm.dll+0xc3f6b]  (no source info available)
V  [jvm.dll+0x2f3c2f]  (no source info available)
V  [jvm.dll+0x60bc9a]  (no source info available)
V  [jvm.dll+0x250db2]  (no source info available)
V  [jvm.dll+0x248e2e]  (no source info available)
V  [jvm.dll+0x246ec6]  (no source info available)
V  [jvm.dll+0x1c4e90]  (no source info available)
V  [jvm.dll+0x2569fe]  (no source info available)
V  [jvm.dll+0x254cba]  (no source info available)
V  [jvm.dll+0x3f5336]  (no source info available)
V  [jvm.dll+0x81d44b]  (no source info available)
V  [jvm.dll+0x6e0915]  (no source info available)
C  [ucrtbase.dll+0x21bb2]  (no source info available)
C  [KERNEL32.DLL+0x17374]  (no source info available)
C  [ntdll.dll+0x4cc91]  (no source info available)


---------------  P R O C E S S  ---------------

Threads class SMR info:
_java_thread_list=0x000001b702b1e920, length=33, elements={
0x000001b7429b2930, 0x000001b760b9bf10, 0x000001b760b9cfe0, 0x000001b760b9ef60,
0x000001b760ba21e0, 0x000001b760ba2c40, 0x000001b760ba36a0, 0x000001b760ba4430,
0x000001b760ba7e10, 0x000001b7000995f0, 0x000001b70009bc70, 0x000001b70083c680,
0x000001b70171d630, 0x000001b700cf5f20, 0x000001b7016b06f0, 0x000001b7008ce480,
0x000001b7008b9ff0, 0x000001b7008bba30, 0x000001b7008bc0c0, 0x000001b7008ba680,
0x000001b7008b8c40, 0x000001b7008b92d0, 0x000001b7008bad10, 0x000001b7008bb3a0,
0x000001b7008b9960, 0x000001b700b4b400, 0x000001b700b4d4d0, 0x000001b700b4e1f0,
0x000001b700b4ba90, 0x000001b700b4fc30, 0x000001b700b4db60, 0x000001b700b4e880,
0x000001b700b502c0
}

Java Threads: ( => current thread )
  0x000001b7429b2930 JavaThread "main"                              [_thread_blocked, id=30316, stack(0x0000009adb400000,0x0000009adb500000) (1024K)]
  0x000001b760b9bf10 JavaThread "Reference Handler"          daemon [_thread_blocked, id=29676, stack(0x0000009adbd00000,0x0000009adbe00000) (1024K)]
  0x000001b760b9cfe0 JavaThread "Finalizer"                  daemon [_thread_blocked, id=24104, stack(0x0000009adbe00000,0x0000009adbf00000) (1024K)]
  0x000001b760b9ef60 JavaThread "Signal Dispatcher"          daemon [_thread_blocked, id=27252, stack(0x0000009adbf00000,0x0000009adc000000) (1024K)]
  0x000001b760ba21e0 JavaThread "Attach Listener"            daemon [_thread_blocked, id=29700, stack(0x0000009adc000000,0x0000009adc100000) (1024K)]
  0x000001b760ba2c40 JavaThread "Service Thread"             daemon [_thread_blocked, id=29412, stack(0x0000009adc100000,0x0000009adc200000) (1024K)]
  0x000001b760ba36a0 JavaThread "Monitor Deflation Thread"   daemon [_thread_blocked, id=29844, stack(0x0000009adc200000,0x0000009adc300000) (1024K)]
=>0x000001b760ba4430 JavaThread "C2 CompilerThread0"         daemon [_thread_in_native, id=18024, stack(0x0000009adc300000,0x0000009adc400000) (1024K)]
  0x000001b760ba7e10 JavaThread "C1 CompilerThread0"         daemon [_thread_blocked, id=23420, stack(0x0000009adc400000,0x0000009adc500000) (1024K)]
  0x000001b7000995f0 JavaThread "Common-Cleaner"             daemon [_thread_blocked, id=26144, stack(0x0000009adc500000,0x0000009adc600000) (1024K)]
  0x000001b70009bc70 JavaThread "Notification Thread"        daemon [_thread_blocked, id=30280, stack(0x0000009adc600000,0x0000009adc700000) (1024K)]
  0x000001b70083c680 JavaThread "Daemon health stats"               [_thread_blocked, id=31876, stack(0x0000009adca00000,0x0000009adcb00000) (1024K)]
  0x000001b70171d630 JavaThread "Incoming local TCP Connector on port 57537"        [_thread_in_native, id=5996, stack(0x0000009adcb00000,0x0000009adcc00000) (1024K)]
  0x000001b700cf5f20 JavaThread "Daemon periodic checks"            [_thread_blocked, id=30508, stack(0x0000009adcc00000,0x0000009adcd00000) (1024K)]
  0x000001b7016b06f0 JavaThread "Daemon"                            [_thread_blocked, id=7612, stack(0x0000009adcd00000,0x0000009adce00000) (1024K)]
  0x000001b7008ce480 JavaThread "Handler for socket connection from /127.0.0.1:57537 to /127.0.0.1:57548"        [_thread_in_native, id=31888, stack(0x0000009adce00000,0x0000009adcf00000) (1024K)]
  0x000001b7008b9ff0 JavaThread "Cancel handler"                    [_thread_blocked, id=28068, stack(0x0000009adcf00000,0x0000009add000000) (1024K)]
  0x000001b7008bba30 JavaThread "Daemon worker"                     [_thread_in_vm, id=28972, stack(0x0000009add000000,0x0000009add100000) (1024K)]
  0x000001b7008bc0c0 JavaThread "Asynchronous log dispatcher for DefaultDaemonConnection: socket connection from /127.0.0.1:57537 to /127.0.0.1:57548"        [_thread_blocked, id=25940, stack(0x0000009add100000,0x0000009add200000) (1024K)]
  0x000001b7008ba680 JavaThread "Stdin handler"                     [_thread_blocked, id=31160, stack(0x0000009add200000,0x0000009add300000) (1024K)]
  0x000001b7008b8c40 JavaThread "Daemon client event forwarder"        [_thread_blocked, id=7628, stack(0x0000009add300000,0x0000009add400000) (1024K)]
  0x000001b7008b92d0 JavaThread "Cache worker for journal cache (C:\Users\admin\.gradle\caches\journal-1)"        [_thread_blocked, id=8196, stack(0x0000009add400000,0x0000009add500000) (1024K)]
  0x000001b7008bad10 JavaThread "File lock request listener"        [_thread_in_native, id=25732, stack(0x0000009add500000,0x0000009add600000) (1024K)]
  0x000001b7008bb3a0 JavaThread "File lock release action executor"        [_thread_blocked, id=32544, stack(0x0000009add600000,0x0000009add700000) (1024K)]
  0x000001b7008b9960 JavaThread "Cache worker for file hash cache (C:\Users\admin\.gradle\caches\8.0.1\fileHashes)"        [_thread_blocked, id=14832, stack(0x0000009add700000,0x0000009add800000) (1024K)]
  0x000001b700b4b400 JavaThread "File watcher server"        daemon [_thread_in_native, id=17512, stack(0x0000009add800000,0x0000009add900000) (1024K)]
  0x000001b700b4d4d0 JavaThread "File watcher consumer"      daemon [_thread_blocked, id=28212, stack(0x0000009add900000,0x0000009adda00000) (1024K)]
  0x000001b700b4e1f0 JavaThread "Cache worker for checksums cache (D:\LearnReactNative\android\.gradle\8.0.1\checksums)"        [_thread_blocked, id=25316, stack(0x0000009adda00000,0x0000009addb00000) (1024K)]
  0x000001b700b4ba90 JavaThread "Cache worker for cache directory md-rule (C:\Users\admin\.gradle\caches\8.0.1\md-rule)"        [_thread_blocked, id=25776, stack(0x0000009addb00000,0x0000009addc00000) (1024K)]
  0x000001b700b4fc30 JavaThread "Cache worker for file content cache (C:\Users\admin\.gradle\caches\8.0.1\fileContent)"        [_thread_blocked, id=12948, stack(0x0000009addc00000,0x0000009addd00000) (1024K)]
  0x000001b700b4db60 JavaThread "Cache worker for file hash cache (D:\LearnReactNative\android\.gradle\8.0.1\fileHashes)"        [_thread_blocked, id=11736, stack(0x0000009adb300000,0x0000009adb400000) (1024K)]
  0x000001b700b4e880 JavaThread "Cache worker for cache directory md-supplier (C:\Users\admin\.gradle\caches\8.0.1\md-supplier)"        [_thread_blocked, id=10216, stack(0x0000009adb500000,0x0000009adb600000) (1024K)]
  0x000001b700b502c0 JavaThread "Cache worker for execution history cache (C:\Users\admin\.gradle\caches\8.0.1\executionHistory)"        [_thread_blocked, id=4348, stack(0x0000009addd00000,0x0000009adde00000) (1024K)]
Total: 33

Other Threads:
  0x000001b760b7f790 VMThread "VM Thread"                           [id=30592, stack(0x0000009adbc00000,0x0000009adbd00000) (1024K)]
  0x000001b760b69f80 WatcherThread "VM Periodic Task Thread"        [id=30588, stack(0x0000009adbb00000,0x0000009adbc00000) (1024K)]
  0x000001b744bddfb0 WorkerThread "GC Thread#0"                     [id=29920, stack(0x0000009adb600000,0x0000009adb700000) (1024K)]
  0x000001b700515da0 WorkerThread "GC Thread#1"                     [id=31372, stack(0x0000009adc700000,0x0000009adc800000) (1024K)]
  0x000001b7002ac4b0 WorkerThread "GC Thread#2"                     [id=31376, stack(0x0000009adc800000,0x0000009adc900000) (1024K)]
  0x000001b700a53d00 WorkerThread "GC Thread#3"                     [id=468, stack(0x0000009adc900000,0x0000009adca00000) (1024K)]
  0x000001b744beefa0 ConcurrentGCThread "G1 Main Marker"            [id=29924, stack(0x0000009adb700000,0x0000009adb800000) (1024K)]
  0x000001b744bf0c70 WorkerThread "G1 Conc#0"                       [id=29928, stack(0x0000009adb800000,0x0000009adb900000) (1024K)]
  0x000001b760a2a500 ConcurrentGCThread "G1 Refine#0"               [id=29932, stack(0x0000009adb900000,0x0000009adba00000) (1024K)]
  0x000001b760a2b140 ConcurrentGCThread "G1 Service"                [id=18304, stack(0x0000009adba00000,0x0000009adbb00000) (1024K)]
Total: 10

Threads with active compile tasks:
C2 CompilerThread0  143311 4137       4       jdk.internal.jimage.ImageLocation::getFullName (109 bytes)
Total: 1

VM state: not at safepoint (normal execution)

VM Mutex/Monitor currently owned by a thread:  ([mutex/lock_event])
[0x00007ffb24b7a738] MethodCompileQueue_lock - owner thread: 0x000001b7008bba30

Heap address: 0x0000000080000000, size: 2048 MB, Compressed Oops mode: 32-bit

CDS archive(s) mapped at: [0x000001b761000000-0x000001b761c60000-0x000001b761c60000), size 12976128, SharedBaseAddress: 0x000001b761000000, ArchiveRelocationMode: 1.
Compressed class space mapped at: 0x000001b762000000-0x000001b77c000000, reserved size: 436207616
Narrow klass base: 0x000001b761000000, Narrow klass shift: 0, Narrow klass range: 0x1b000000

GC Precious Log:
 CardTable entry size: 512
 Card Set container configuration: InlinePtr #cards 5 size 8 Array Of Cards #cards 12 size 40 Howl #buckets 4 coarsen threshold 1843 Howl Bitmap #cards 512 size 80 coarsen threshold 460 Card regions per heap region 1 cards per card region 2048
 CPUs: 4 total, 4 available
 Memory: 8073M
 Large Page Support: Disabled
 NUMA Support: Disabled
 Compressed Oops: Enabled (32-bit)
 Heap Region Size: 1M
 Heap Min Capacity: 8M
 Heap Initial Capacity: 128M
 Heap Max Capacity: 2G
 Pre-touch: Disabled
 Parallel Workers: 4
 Concurrent Workers: 1
 Concurrent Refinement Workers: 4
 Periodic GC: Disabled

Heap:
 garbage-first heap   total reserved 2097152K, committed 81920K, used 49521K [0x0000000080000000, 0x0000000100000000)
  region size 1024K, 28 young (28672K), 5 survivors (5120K)
 Metaspace       used 30816K, committed 32064K, reserved 491520K
  class space    used 4457K, committed 5056K, reserved 425984K

Heap Regions: E=young(eden), S=young(survivor), O=old, HS=humongous(starts), HC=humongous(continues), CS=collection set, F=free, TAMS=top-at-mark-start, PB=parsable bottom
|   0|0x0000000080000000, 0x0000000080100000, 0x0000000080100000|100%|HS|  |TAMS 0x0000000080000000| PB 0x0000000080000000| Complete |  0
|   1|0x0000000080100000, 0x0000000080200000, 0x0000000080200000|100%|HC|  |TAMS 0x0000000080100000| PB 0x0000000080100000| Complete |  0
|   2|0x0000000080200000, 0x0000000080300000, 0x0000000080300000|100%|HC|  |TAMS 0x0000000080200000| PB 0x0000000080200000| Complete |  0
|   3|0x0000000080300000, 0x0000000080400000, 0x0000000080400000|100%|HC|  |TAMS 0x0000000080300000| PB 0x0000000080300000| Complete |  0
|   4|0x0000000080400000, 0x0000000080500000, 0x0000000080500000|100%| O|  |TAMS 0x0000000080400000| PB 0x0000000080400000| Untracked |  0
|   5|0x0000000080500000, 0x0000000080600000, 0x0000000080600000|100%| O|  |TAMS 0x0000000080500000| PB 0x0000000080500000| Untracked |  0
|   6|0x0000000080600000, 0x0000000080700000, 0x0000000080700000|100%| O|  |TAMS 0x0000000080600000| PB 0x0000000080600000| Untracked |  0
|   7|0x0000000080700000, 0x0000000080800000, 0x0000000080800000|100%| O|  |TAMS 0x0000000080700000| PB 0x0000000080700000| Untracked |  0
|   8|0x0000000080800000, 0x0000000080900000, 0x0000000080900000|100%| O|  |TAMS 0x0000000080800000| PB 0x0000000080800000| Untracked |  0
|   9|0x0000000080900000, 0x0000000080a00000, 0x0000000080a00000|100%| O|  |TAMS 0x0000000080900000| PB 0x0000000080900000| Untracked |  0
|  10|0x0000000080a00000, 0x0000000080b00000, 0x0000000080b00000|100%| O|  |TAMS 0x0000000080a00000| PB 0x0000000080a00000| Untracked |  0
|  11|0x0000000080b00000, 0x0000000080c00000, 0x0000000080c00000|100%| O|  |TAMS 0x0000000080b00000| PB 0x0000000080b00000| Untracked |  0
|  12|0x0000000080c00000, 0x0000000080d00000, 0x0000000080d00000|100%| O|  |TAMS 0x0000000080c00000| PB 0x0000000080c00000| Untracked |  0
|  13|0x0000000080d00000, 0x0000000080e00000, 0x0000000080e00000|100%| O|  |TAMS 0x0000000080d00000| PB 0x0000000080d00000| Untracked |  0
|  14|0x0000000080e00000, 0x0000000080f00000, 0x0000000080f00000|100%| O|  |TAMS 0x0000000080e00000| PB 0x0000000080e00000| Untracked |  0
|  15|0x0000000080f00000, 0x0000000081000000, 0x0000000081000000|100%| O|  |TAMS 0x0000000080f00000| PB 0x0000000080f00000| Untracked |  0
|  16|0x0000000081000000, 0x0000000081100000, 0x0000000081100000|100%| O|  |TAMS 0x0000000081000000| PB 0x0000000081000000| Untracked |  0
|  17|0x0000000081100000, 0x0000000081200000, 0x0000000081200000|100%| O|  |TAMS 0x0000000081100000| PB 0x0000000081100000| Untracked |  0
|  18|0x0000000081200000, 0x0000000081300000, 0x0000000081300000|100%| O|  |TAMS 0x0000000081200000| PB 0x0000000081200000| Untracked |  0
|  19|0x0000000081300000, 0x0000000081400000, 0x0000000081400000|100%| O|  |TAMS 0x0000000081300000| PB 0x0000000081300000| Untracked |  0
|  20|0x0000000081400000, 0x0000000081500000, 0x0000000081500000|100%| O|  |TAMS 0x0000000081400000| PB 0x0000000081400000| Untracked |  0
|  21|0x0000000081500000, 0x00000000815665a0, 0x0000000081600000| 39%| O|Cm|TAMS 0x0000000081500000| PB 0x0000000081500000| Complete |  0
|  22|0x0000000081600000, 0x0000000081600000, 0x0000000081700000|  0%| F|  |TAMS 0x0000000081600000| PB 0x0000000081600000| Untracked |  0
|  23|0x0000000081700000, 0x0000000081700000, 0x0000000081800000|  0%| F|  |TAMS 0x0000000081700000| PB 0x0000000081700000| Untracked |  0
|  24|0x0000000081800000, 0x0000000081800000, 0x0000000081900000|  0%| F|  |TAMS 0x0000000081800000| PB 0x0000000081800000| Untracked |  0
|  25|0x0000000081900000, 0x0000000081900000, 0x0000000081a00000|  0%| F|  |TAMS 0x0000000081900000| PB 0x0000000081900000| Untracked |  0
|  26|0x0000000081a00000, 0x0000000081a00000, 0x0000000081b00000|  0%| F|  |TAMS 0x0000000081a00000| PB 0x0000000081a00000| Untracked |  0
|  27|0x0000000081b00000, 0x0000000081bf6080, 0x0000000081c00000| 96%| S|CS|TAMS 0x0000000081b00000| PB 0x0000000081b00000| Complete |  0
|  28|0x0000000081c00000, 0x0000000081d00000, 0x0000000081d00000|100%| S|CS|TAMS 0x0000000081c00000| PB 0x0000000081c00000| Complete |  0
|  29|0x0000000081d00000, 0x0000000081e00000, 0x0000000081e00000|100%| S|CS|TAMS 0x0000000081d00000| PB 0x0000000081d00000| Complete |  0
|  30|0x0000000081e00000, 0x0000000081f00000, 0x0000000081f00000|100%| S|CS|TAMS 0x0000000081e00000| PB 0x0000000081e00000| Complete |  0
|  31|0x0000000081f00000, 0x0000000082000000, 0x0000000082000000|100%| S|CS|TAMS 0x0000000081f00000| PB 0x0000000081f00000| Complete |  0
|  32|0x0000000082000000, 0x0000000082000000, 0x0000000082100000|  0%| F|  |TAMS 0x0000000082000000| PB 0x0000000082000000| Untracked |  0
|  33|0x0000000082100000, 0x0000000082100000, 0x0000000082200000|  0%| F|  |TAMS 0x0000000082100000| PB 0x0000000082100000| Untracked |  0
|  34|0x0000000082200000, 0x0000000082200000, 0x0000000082300000|  0%| F|  |TAMS 0x0000000082200000| PB 0x0000000082200000| Untracked |  0
|  35|0x0000000082300000, 0x0000000082300000, 0x0000000082400000|  0%| F|  |TAMS 0x0000000082300000| PB 0x0000000082300000| Untracked |  0
|  36|0x0000000082400000, 0x0000000082400000, 0x0000000082500000|  0%| F|  |TAMS 0x0000000082400000| PB 0x0000000082400000| Untracked |  0
|  37|0x0000000082500000, 0x0000000082500000, 0x0000000082600000|  0%| F|  |TAMS 0x0000000082500000| PB 0x0000000082500000| Untracked |  0
|  38|0x0000000082600000, 0x0000000082600000, 0x0000000082700000|  0%| F|  |TAMS 0x0000000082600000| PB 0x0000000082600000| Untracked |  0
|  39|0x0000000082700000, 0x0000000082700000, 0x0000000082800000|  0%| F|  |TAMS 0x0000000082700000| PB 0x0000000082700000| Untracked |  0
|  40|0x0000000082800000, 0x0000000082800000, 0x0000000082900000|  0%| F|  |TAMS 0x0000000082800000| PB 0x0000000082800000| Untracked |  0
|  41|0x0000000082900000, 0x0000000082900000, 0x0000000082a00000|  0%| F|  |TAMS 0x0000000082900000| PB 0x0000000082900000| Untracked |  0
|  42|0x0000000082a00000, 0x0000000082a00000, 0x0000000082b00000|  0%| F|  |TAMS 0x0000000082a00000| PB 0x0000000082a00000| Untracked |  0
|  43|0x0000000082b00000, 0x0000000082b00000, 0x0000000082c00000|  0%| F|  |TAMS 0x0000000082b00000| PB 0x0000000082b00000| Untracked |  0
|  44|0x0000000082c00000, 0x0000000082c00000, 0x0000000082d00000|  0%| F|  |TAMS 0x0000000082c00000| PB 0x0000000082c00000| Untracked |  0
|  45|0x0000000082d00000, 0x0000000082d00000, 0x0000000082e00000|  0%| F|  |TAMS 0x0000000082d00000| PB 0x0000000082d00000| Untracked |  0
|  46|0x0000000082e00000, 0x0000000082e00000, 0x0000000082f00000|  0%| F|  |TAMS 0x0000000082e00000| PB 0x0000000082e00000| Untracked |  0
|  47|0x0000000082f00000, 0x0000000082f00000, 0x0000000083000000|  0%| F|  |TAMS 0x0000000082f00000| PB 0x0000000082f00000| Untracked |  0
|  48|0x0000000083000000, 0x0000000083000000, 0x0000000083100000|  0%| F|  |TAMS 0x0000000083000000| PB 0x0000000083000000| Untracked |  0
|  49|0x0000000083100000, 0x0000000083100000, 0x0000000083200000|  0%| F|  |TAMS 0x0000000083100000| PB 0x0000000083100000| Untracked |  0
|  50|0x0000000083200000, 0x0000000083200000, 0x0000000083300000|  0%| F|  |TAMS 0x0000000083200000| PB 0x0000000083200000| Untracked |  0
|  51|0x0000000083300000, 0x0000000083300000, 0x0000000083400000|  0%| F|  |TAMS 0x0000000083300000| PB 0x0000000083300000| Untracked |  0
|  52|0x0000000083400000, 0x0000000083400000, 0x0000000083500000|  0%| F|  |TAMS 0x0000000083400000| PB 0x0000000083400000| Untracked |  0
|  53|0x0000000083500000, 0x0000000083500000, 0x0000000083600000|  0%| F|  |TAMS 0x0000000083500000| PB 0x0000000083500000| Untracked |  0
|  54|0x0000000083600000, 0x0000000083600000, 0x0000000083700000|  0%| F|  |TAMS 0x0000000083600000| PB 0x0000000083600000| Untracked |  0
|  55|0x0000000083700000, 0x0000000083700000, 0x0000000083800000|  0%| F|  |TAMS 0x0000000083700000| PB 0x0000000083700000| Untracked |  0
|  56|0x0000000083800000, 0x0000000083800000, 0x0000000083900000|  0%| F|  |TAMS 0x0000000083800000| PB 0x0000000083800000| Untracked |  0
|  57|0x0000000083900000, 0x0000000083a00000, 0x0000000083a00000|100%| E|  |TAMS 0x0000000083900000| PB 0x0000000083900000| Complete |  0
|  58|0x0000000083a00000, 0x0000000083b00000, 0x0000000083b00000|100%| E|CS|TAMS 0x0000000083a00000| PB 0x0000000083a00000| Complete |  0
|  59|0x0000000083b00000, 0x0000000083c00000, 0x0000000083c00000|100%| E|CS|TAMS 0x0000000083b00000| PB 0x0000000083b00000| Complete |  0
|  60|0x0000000083c00000, 0x0000000083d00000, 0x0000000083d00000|100%| E|CS|TAMS 0x0000000083c00000| PB 0x0000000083c00000| Complete |  0
|  61|0x0000000083d00000, 0x0000000083e00000, 0x0000000083e00000|100%| E|CS|TAMS 0x0000000083d00000| PB 0x0000000083d00000| Complete |  0
|  62|0x0000000083e00000, 0x0000000083f00000, 0x0000000083f00000|100%| E|CS|TAMS 0x0000000083e00000| PB 0x0000000083e00000| Complete |  0
|  63|0x0000000083f00000, 0x0000000084000000, 0x0000000084000000|100%| E|CS|TAMS 0x0000000083f00000| PB 0x0000000083f00000| Complete |  0
|  64|0x0000000084000000, 0x0000000084100000, 0x0000000084100000|100%| E|CS|TAMS 0x0000000084000000| PB 0x0000000084000000| Complete |  0
|  65|0x0000000084100000, 0x0000000084200000, 0x0000000084200000|100%| E|CS|TAMS 0x0000000084100000| PB 0x0000000084100000| Complete |  0
|  66|0x0000000084200000, 0x0000000084300000, 0x0000000084300000|100%| E|CS|TAMS 0x0000000084200000| PB 0x0000000084200000| Complete |  0
|  67|0x0000000084300000, 0x0000000084400000, 0x0000000084400000|100%| E|CS|TAMS 0x0000000084300000| PB 0x0000000084300000| Complete |  0
|  68|0x0000000084400000, 0x0000000084500000, 0x0000000084500000|100%| E|CS|TAMS 0x0000000084400000| PB 0x0000000084400000| Complete |  0
|  69|0x0000000084500000, 0x0000000084600000, 0x0000000084600000|100%| E|CS|TAMS 0x0000000084500000| PB 0x0000000084500000| Complete |  0
|  70|0x0000000084600000, 0x0000000084700000, 0x0000000084700000|100%| E|CS|TAMS 0x0000000084600000| PB 0x0000000084600000| Complete |  0
|  71|0x0000000084700000, 0x0000000084800000, 0x0000000084800000|100%| E|CS|TAMS 0x0000000084700000| PB 0x0000000084700000| Complete |  0
|  72|0x0000000084800000, 0x0000000084900000, 0x0000000084900000|100%| E|CS|TAMS 0x0000000084800000| PB 0x0000000084800000| Complete |  0
|  73|0x0000000084900000, 0x0000000084a00000, 0x0000000084a00000|100%| E|CS|TAMS 0x0000000084900000| PB 0x0000000084900000| Complete |  0
|  74|0x0000000084a00000, 0x0000000084b00000, 0x0000000084b00000|100%| E|CS|TAMS 0x0000000084a00000| PB 0x0000000084a00000| Complete |  0
|  75|0x0000000084b00000, 0x0000000084c00000, 0x0000000084c00000|100%| E|CS|TAMS 0x0000000084b00000| PB 0x0000000084b00000| Complete |  0
|  76|0x0000000084c00000, 0x0000000084d00000, 0x0000000084d00000|100%| E|CS|TAMS 0x0000000084c00000| PB 0x0000000084c00000| Complete |  0
| 109|0x0000000086d00000, 0x0000000086e00000, 0x0000000086e00000|100%| E|CS|TAMS 0x0000000086d00000| PB 0x0000000086d00000| Complete |  0
| 110|0x0000000086e00000, 0x0000000086f00000, 0x0000000086f00000|100%| E|CS|TAMS 0x0000000086e00000| PB 0x0000000086e00000| Complete |  0
| 127|0x0000000087f00000, 0x0000000088000000, 0x0000000088000000|100%| E|CS|TAMS 0x0000000087f00000| PB 0x0000000087f00000| Complete |  0

Card table byte_map: [0x000001b75c2d0000,0x000001b75c6d0000] _byte_map_base: 0x000001b75bed0000

Marking Bits: (CMBitMap*) 0x000001b744bde6c0
 Bits: [0x000001b75c6d0000, 0x000001b75e6d0000)

Polling page: 0x000001b742ac0000

Metaspace:

Usage:
  Non-class:     25.74 MB used.
      Class:      4.35 MB used.
       Both:     30.09 MB used.

Virtual space:
  Non-class space:       64.00 MB reserved,      26.38 MB ( 41%) committed,  1 nodes.
      Class space:      416.00 MB reserved,       4.94 MB (  1%) committed,  1 nodes.
             Both:      480.00 MB reserved,      31.31 MB (  7%) committed. 

Chunk freelists:
   Non-Class:  4.84 MB
       Class:  11.03 MB
        Both:  15.88 MB

MaxMetaspaceSize: 512.00 MB
CompressedClassSpaceSize: 416.00 MB
Initial GC threshold: 21.00 MB
Current GC threshold: 35.12 MB
CDS: on
 - commit_granule_bytes: 65536.
 - commit_granule_words: 8192.
 - virtual_space_node_default_size: 8388608.
 - enlarge_chunks_in_place: 1.
 - use_allocation_guard: 0.


Internal statistics:

num_allocs_failed_limit: 3.
num_arena_births: 1904.
num_arena_deaths: 0.
num_vsnodes_births: 2.
num_vsnodes_deaths: 0.
num_space_committed: 501.
num_space_uncommitted: 0.
num_chunks_returned_to_freelist: 3.
num_chunks_taken_from_freelist: 3107.
num_chunk_merges: 3.
num_chunk_splits: 2075.
num_chunks_enlarged: 1356.
num_inconsistent_stats: 0.

CodeHeap 'non-profiled nmethods': size=120000Kb used=2327Kb max_used=2327Kb free=117672Kb
 bounds [0x000001b7549a0000, 0x000001b754c10000, 0x000001b75bed0000]
CodeHeap 'profiled nmethods': size=120000Kb used=7908Kb max_used=7908Kb free=112092Kb
 bounds [0x000001b74ced0000, 0x000001b74d690000, 0x000001b754400000]
CodeHeap 'non-nmethods': size=5760Kb used=1915Kb max_used=1938Kb free=3844Kb
 bounds [0x000001b754400000, 0x000001b754670000, 0x000001b7549a0000]
 total_blobs=4806 nmethods=4118 adapters=592
 compilation: enabled
              stopped_count=0, restarted_count=0
 full_count=0

Compilation events (20 events):
Event: 142.717 Thread 0x000001b760ba4430 nmethod 4120 0x000001b754be2190 code [0x000001b754be2360, 0x000001b754be2af8]
Event: 142.718 Thread 0x000001b760ba4430 4129 %     4       jdk.internal.jrtfs.JrtPath::normalize @ 15 (97 bytes)
Event: 142.721 Thread 0x000001b760ba4430 nmethod 4129% 0x000001b754be2e90 code [0x000001b754be3040, 0x000001b754be3310]
Event: 142.721 Thread 0x000001b760ba4430 4130       4       java.util.Spliterators$1Adapter::accept (11 bytes)
Event: 142.722 Thread 0x000001b760ba7e10 4133       3       java.nio.HeapByteBuffer::<init> (23 bytes)
Event: 142.723 Thread 0x000001b760ba7e10 nmethod 4133 0x000001b74d688190 code [0x000001b74d688340, 0x000001b74d6884c0]
Event: 142.723 Thread 0x000001b760ba4430 nmethod 4130 0x000001b754be3590 code [0x000001b754be3700, 0x000001b754be3870]
Event: 142.723 Thread 0x000001b760ba4430 4126       4       jdk.internal.jimage.ImageLocation::getAttribute (44 bytes)
Event: 142.723 Thread 0x000001b760ba4430 nmethod 4126 0x000001b754be3910 code [0x000001b754be3aa0, 0x000001b754be3b90]
Event: 142.724 Thread 0x000001b760ba4430 4132       4       java.util.ArrayList::<init> (61 bytes)
Event: 142.727 Thread 0x000001b760ba4430 nmethod 4132 0x000001b754be3c90 code [0x000001b754be3e20, 0x000001b754be41c0]
Event: 142.727 Thread 0x000001b760ba4430 4134       4       jdk.internal.jrtfs.JrtPath::normalize (97 bytes)
Event: 142.730 Thread 0x000001b760ba4430 nmethod 4134 0x000001b754be4290 code [0x000001b754be4440, 0x000001b754be46a0]
Event: 142.730 Thread 0x000001b760ba4430 4131       4       jdk.internal.misc.Unsafe::weakCompareAndSetInt (11 bytes)
Event: 142.731 Thread 0x000001b760ba4430 nmethod 4131 0x000001b754be4910 code [0x000001b754be4a80, 0x000001b754be4b18]
Event: 143.138 Thread 0x000001b760ba4430 4135       4       java.nio.Buffer::position (52 bytes)
Event: 143.139 Thread 0x000001b760ba4430 nmethod 4135 0x000001b754be4c10 code [0x000001b754be4da0, 0x000001b754be4ea0]
Event: 143.140 Thread 0x000001b760ba4430 4136       4       java.util.regex.Pattern$Node::study (21 bytes)
Event: 143.141 Thread 0x000001b760ba4430 nmethod 4136 0x000001b754be4f90 code [0x000001b754be5140, 0x000001b754be52a8]
Event: 143.160 Thread 0x000001b760ba4430 4137       4       jdk.internal.jimage.ImageLocation::getFullName (109 bytes)

GC Heap History (12 events):
Event: 9.421 GC heap before
{Heap before GC invocations=0 (full 0):
 garbage-first heap   total reserved 2097152K, committed 131072K, used 17408K [0x0000000080000000, 0x0000000100000000)
  region size 1024K, 14 young (14336K), 0 survivors (0K)
 Metaspace       used 920K, committed 1088K, reserved 491520K
  class space    used 74K, committed 128K, reserved 425984K
}
Event: 10.535 GC heap after
{Heap after GC invocations=1 (full 0):
 garbage-first heap   total reserved 2097152K, committed 131072K, used 8874K [0x0000000080000000, 0x0000000100000000)
  region size 1024K, 2 young (2048K), 2 survivors (2048K)
 Metaspace       used 920K, committed 1088K, reserved 491520K
  class space    used 74K, committed 128K, reserved 425984K
}
Event: 26.444 GC heap before
{Heap before GC invocations=1 (full 0):
 garbage-first heap   total reserved 2097152K, committed 131072K, used 25258K [0x0000000080000000, 0x0000000100000000)
  region size 1024K, 18 young (18432K), 2 survivors (2048K)
 Metaspace       used 3879K, committed 4096K, reserved 491520K
  class space    used 486K, committed 576K, reserved 425984K
}
Event: 26.449 GC heap after
{Heap after GC invocations=2 (full 0):
 garbage-first heap   total reserved 2097152K, committed 131072K, used 10660K [0x0000000080000000, 0x0000000100000000)
  region size 1024K, 2 young (2048K), 2 survivors (2048K)
 Metaspace       used 3879K, committed 4096K, reserved 491520K
  class space    used 486K, committed 576K, reserved 425984K
}
Event: 43.528 GC heap before
{Heap before GC invocations=2 (full 0):
 garbage-first heap   total reserved 2097152K, committed 131072K, used 34212K [0x0000000080000000, 0x0000000100000000)
  region size 1024K, 25 young (25600K), 2 survivors (2048K)
 Metaspace       used 4006K, committed 4224K, reserved 491520K
  class space    used 489K, committed 576K, reserved 425984K
}
Event: 43.533 GC heap after
{Heap after GC invocations=3 (full 0):
 garbage-first heap   total reserved 2097152K, committed 131072K, used 14607K [0x0000000080000000, 0x0000000100000000)
  region size 1024K, 4 young (4096K), 4 survivors (4096K)
 Metaspace       used 4006K, committed 4224K, reserved 491520K
  class space    used 489K, committed 576K, reserved 425984K
}
Event: 108.867 GC heap before
{Heap before GC invocations=3 (full 0):
 garbage-first heap   total reserved 2097152K, committed 131072K, used 88335K [0x0000000080000000, 0x0000000100000000)
  region size 1024K, 76 young (77824K), 4 survivors (4096K)
 Metaspace       used 18334K, committed 18944K, reserved 491520K
  class space    used 2685K, committed 2944K, reserved 425984K
}
Event: 108.887 GC heap after
{Heap after GC invocations=4 (full 0):
 garbage-first heap   total reserved 2097152K, committed 131072K, used 21504K [0x0000000080000000, 0x0000000100000000)
  region size 1024K, 10 young (10240K), 10 survivors (10240K)
 Metaspace       used 18334K, committed 18944K, reserved 491520K
  class space    used 2685K, committed 2944K, reserved 425984K
}
Event: 113.881 GC heap before
{Heap before GC invocations=4 (full 0):
 garbage-first heap   total reserved 2097152K, committed 131072K, used 37888K [0x0000000080000000, 0x0000000100000000)
  region size 1024K, 27 young (27648K), 10 survivors (10240K)
 Metaspace       used 20785K, committed 21504K, reserved 491520K
  class space    used 3095K, committed 3456K, reserved 425984K
}
Event: 113.899 GC heap after
{Heap after GC invocations=5 (full 0):
 garbage-first heap   total reserved 2097152K, committed 131072K, used 23682K [0x0000000080000000, 0x0000000100000000)
  region size 1024K, 2 young (2048K), 2 survivors (2048K)
 Metaspace       used 20785K, committed 21504K, reserved 491520K
  class space    used 3095K, committed 3456K, reserved 425984K
}
Event: 139.539 GC heap before
{Heap before GC invocations=6 (full 0):
 garbage-first heap   total reserved 2097152K, committed 81920K, used 70786K [0x0000000080000000, 0x0000000100000000)
  region size 1024K, 48 young (49152K), 2 survivors (2048K)
 Metaspace       used 29122K, committed 30272K, reserved 491520K
  class space    used 4278K, committed 4800K, reserved 425984K
}
Event: 139.548 GC heap after
{Heap after GC invocations=7 (full 0):
 garbage-first heap   total reserved 2097152K, committed 81920K, used 26993K [0x0000000080000000, 0x0000000100000000)
  region size 1024K, 5 young (5120K), 5 survivors (5120K)
 Metaspace       used 29122K, committed 30272K, reserved 491520K
  class space    used 4278K, committed 4800K, reserved 425984K
}

Dll operation events (13 events):
Event: 0.607 Loaded shared library C:\Program Files\Java\jdk-22\bin\java.dll
Event: 2.843 Loaded shared library C:\Program Files\Java\jdk-22\bin\jsvml.dll
Event: 3.968 Loaded shared library C:\Program Files\Java\jdk-22\bin\net.dll
Event: 3.970 Loaded shared library C:\Program Files\Java\jdk-22\bin\nio.dll
Event: 3.985 Loaded shared library C:\Program Files\Java\jdk-22\bin\zip.dll
Event: 6.408 Loaded shared library C:\Program Files\Java\jdk-22\bin\jimage.dll
Event: 7.686 Loaded shared library C:\Program Files\Java\jdk-22\bin\verify.dll
Event: 12.234 Loaded shared library C:\Users\admin\.gradle\native\68d5fa5c4cc2d200863cafc0d521ce42e7d3e7ee720ec0a83991735586a16f82\windows-amd64\native-platform.dll
Event: 12.245 Loaded shared library C:\Users\admin\.gradle\native\e376f236ea51e6404a007f0833ffe2c6e607c4080706a723a18a27aeea778392\windows-amd64\native-platform-file-events.dll
Event: 48.523 Loaded shared library C:\Program Files\Java\jdk-22\bin\management.dll
Event: 48.529 Loaded shared library C:\Program Files\Java\jdk-22\bin\management_ext.dll
Event: 56.770 Loaded shared library C:\Program Files\Java\jdk-22\bin\extnet.dll
Event: 75.021 Loaded shared library C:\Program Files\Java\jdk-22\bin\sunmscapi.dll

Deoptimization events (20 events):
Event: 141.596 Thread 0x000001b7008bba30 Uncommon trap: trap_request=0xffffffc6 fr.pc=0x000001b754bb4f9c relative=0x000000000000013c
Event: 141.596 Thread 0x000001b7008bba30 Uncommon trap: reason=bimorphic_or_optimized_type_check action=maybe_recompile pc=0x000001b754bb4f9c method=java.util.stream.MatchOps$1MatchSink.accept(Ljava/lang/Object;)V @ 12 c2
Event: 141.596 Thread 0x000001b7008bba30 DEOPT PACKING pc=0x000001b754bb4f9c sp=0x0000009add0f8850
Event: 141.596 Thread 0x000001b7008bba30 DEOPT UNPACKING pc=0x000001b7544546a2 sp=0x0000009add0f87e8 mode 2
Event: 141.596 Thread 0x000001b7008bba30 Uncommon trap: trap_request=0xffffffc6 fr.pc=0x000001b754bb4f9c relative=0x000000000000013c
Event: 141.596 Thread 0x000001b7008bba30 Uncommon trap: reason=bimorphic_or_optimized_type_check action=maybe_recompile pc=0x000001b754bb4f9c method=java.util.stream.MatchOps$1MatchSink.accept(Ljava/lang/Object;)V @ 12 c2
Event: 141.596 Thread 0x000001b7008bba30 DEOPT PACKING pc=0x000001b754bb4f9c sp=0x0000009add0f8850
Event: 141.596 Thread 0x000001b7008bba30 DEOPT UNPACKING pc=0x000001b7544546a2 sp=0x0000009add0f87e8 mode 2
Event: 141.601 Thread 0x000001b7008bba30 Uncommon trap: trap_request=0xffffff45 fr.pc=0x000001b754aaf898 relative=0x00000000000000f8
Event: 141.601 Thread 0x000001b7008bba30 Uncommon trap: reason=unstable_if action=reinterpret pc=0x000001b754aaf898 method=java.lang.ClassLoader.getClassLoadingLock(Ljava/lang/String;)Ljava/lang/Object; @ 6 c2
Event: 141.601 Thread 0x000001b7008bba30 DEOPT PACKING pc=0x000001b754aaf898 sp=0x0000009add0f8e20
Event: 141.601 Thread 0x000001b7008bba30 DEOPT UNPACKING pc=0x000001b7544546a2 sp=0x0000009add0f8db0 mode 2
Event: 141.609 Thread 0x000001b7008bba30 Uncommon trap: trap_request=0xffffff6e fr.pc=0x000001b754bd2228 relative=0x0000000000000628
Event: 141.609 Thread 0x000001b7008bba30 Uncommon trap: reason=loop_limit_check action=maybe_recompile pc=0x000001b754bd2228 method=java.util.regex.Pattern$Start.match(Ljava/util/regex/Matcher;ILjava/lang/CharSequence;)Z @ 34 c2
Event: 141.609 Thread 0x000001b7008bba30 DEOPT PACKING pc=0x000001b754bd2228 sp=0x0000009add0f8b20
Event: 141.609 Thread 0x000001b7008bba30 DEOPT UNPACKING pc=0x000001b7544546a2 sp=0x0000009add0f8af0 mode 2
Event: 142.724 Thread 0x000001b7008bba30 DEOPT PACKING pc=0x000001b74d661f40 sp=0x0000009add0f88f0
Event: 142.724 Thread 0x000001b7008bba30 DEOPT UNPACKING pc=0x000001b754454e42 sp=0x0000009add0f7de0 mode 0
Event: 142.726 Thread 0x000001b7008bba30 DEOPT PACKING pc=0x000001b74d661f40 sp=0x0000009add0f88f0
Event: 142.726 Thread 0x000001b7008bba30 DEOPT UNPACKING pc=0x000001b754454e42 sp=0x0000009add0f7de0 mode 0

Classes loaded (20 events):
Event: 141.616 Loading class jdk/internal/jimage/ImageReader$Directory
Event: 141.616 Loading class jdk/internal/jimage/ImageReader$Node
Event: 141.618 Loading class jdk/internal/jimage/ImageReader$Node done
Event: 141.618 Loading class jdk/internal/jimage/ImageReader$Directory done
Event: 141.618 Loading class jdk/internal/jrtfs/SystemImage$1
Event: 141.618 Loading class jdk/internal/jrtfs/SystemImage$1 done
Event: 141.618 Loading class jdk/internal/jimage/ImageReader$SharedImageReader$LocationVisitor
Event: 141.618 Loading class jdk/internal/jimage/ImageReader$SharedImageReader$LocationVisitor done
Event: 141.619 Loading class java/nio/ByteBufferAsIntBufferL
Event: 141.625 Loading class java/nio/ByteBufferAsIntBufferL done
Event: 142.185 Loading class jdk/internal/jrtfs/JrtFileAttributes
Event: 142.185 Loading class jdk/internal/jrtfs/JrtFileAttributes done
Event: 142.186 Loading class jdk/internal/jrtfs/JrtDirectoryStream
Event: 142.186 Loading class jdk/internal/jrtfs/JrtDirectoryStream done
Event: 142.187 Loading class jdk/internal/jrtfs/JrtDirectoryStream$1
Event: 142.187 Loading class jdk/internal/jrtfs/JrtDirectoryStream$1 done
Event: 142.188 Loading class java/util/function/BooleanSupplier
Event: 142.188 Loading class java/util/function/BooleanSupplier done
Event: 142.188 Loading class jdk/internal/jimage/ImageReader$Resource
Event: 142.189 Loading class jdk/internal/jimage/ImageReader$Resource done

Classes unloaded (0 events):
No events

Classes redefined (0 events):
No events

Internal exceptions (20 events):
Event: 129.872 Thread 0x000001b7008bba30 Exception <a 'java/lang/NoSuchMethodError'{0x0000000083028068}: 'java.lang.Object java.lang.invoke.DelegatingMethodHandle$Holder.reinvoke_L(java.lang.Object, java.lang.Object, java.lang.Object, java.lang.Object, java.lang.Object, java.lang.Object, java.lang.Object, java.lang.Object, java.lang.Object, java.lang.Object, java.lang.Object, java.lang.Object, java.lang.Object, java.lang.Object, java.lang.Object, java.lang.Object, java.lang.Object, java.lang.Object)'> (0x0000000083028068) 
thrown [s\open\src\hots
Event: 130.436 Thread 0x000001b7008bba30 Exception <a 'java/lang/NoSuchMethodError'{0x0000000082e81db0}: 'java.lang.Object java.lang.invoke.DirectMethodHandle$Holder.newInvokeSpecial(java.lang.Object, java.lang.Object, java.lang.Object, java.lang.Object, java.lang.Object, java.lang.Object, java.lang.Object, java.lang.Object, java.lang.Object, java.lang.Object, java.lang.Object, java.lang.Object, java.lang.Object, java.lang.Object)'> (0x0000000082e81db0) 
thrown [s\open\src\hotspot\share\interpreter\linkResolver.cpp, line 774]
Event: 131.675 Thread 0x000001b7008bba30 Exception <a 'java/lang/NoSuchMethodError'{0x0000000082c91718}: 'java.lang.Object java.lang.invoke.DirectMethodHandle$Holder.newInvokeSpecial(java.lang.Object, java.lang.Object, int, int)'> (0x0000000082c91718) 
thrown [s\open\src\hotspot\share\interpreter\linkResolver.cpp, line 774]
Event: 131.682 Thread 0x000001b7008bba30 Exception <a 'java/lang/NoSuchMethodError'{0x0000000082cc4108}: 'void java.lang.invoke.DirectMethodHandle$Holder.invokeSpecial(java.lang.Object, java.lang.Object, int)'> (0x0000000082cc4108) 
thrown [s\open\src\hotspot\share\interpreter\linkResolver.cpp, line 774]
Event: 131.682 Thread 0x000001b7008bba30 Exception <a 'java/lang/NoSuchMethodError'{0x0000000082cc83e8}: 'void java.lang.invoke.Invokers$Holder.invokeExact_MT(java.lang.Object, int, java.lang.Object)'> (0x0000000082cc83e8) 
thrown [s\open\src\hotspot\share\interpreter\linkResolver.cpp, line 774]
Event: 133.994 Thread 0x000001b7008bba30 Implicit null exception at 0x000001b754ad9252 to 0x000001b754ad97b4
Event: 133.994 Thread 0x000001b7008bba30 Implicit null exception at 0x000001b754b696b0 to 0x000001b754b69fd8
Event: 133.995 Thread 0x000001b7008bba30 Exception <a 'java/lang/NoSuchMethodError'{0x00000000828d4c08}: 'java.lang.reflect.Method[] java.lang.Class.getDeclaredMethods(java.lang.Class)'> (0x00000000828d4c08) 
thrown [s\open\src\hotspot\share\interpreter\linkResolver.cpp, line 774]
Event: 135.176 Thread 0x000001b7008bba30 Exception <a 'java/lang/NoSuchMethodError'{0x00000000827e5150}: 'void java.lang.invoke.DirectMethodHandle$Holder.invokeStaticInit(java.lang.Object, java.lang.Object, java.lang.Object)'> (0x00000000827e5150) 
thrown [s\open\src\hotspot\share\interpreter\linkResolver.cpp, line 774]
Event: 135.177 Thread 0x000001b7008bba30 Exception <a 'java/lang/NoSuchMethodError'{0x00000000827ebc68}: 'void java.lang.invoke.DirectMethodHandle$Holder.invokeStaticInit(java.lang.Object, java.lang.Object, java.lang.Object, java.lang.Object)'> (0x00000000827ebc68) 
thrown [s\open\src\hotspot\share\interpreter\linkResolver.cpp, line 774]
Event: 135.183 Thread 0x000001b7008bba30 Exception <a 'java/lang/NoSuchMethodError'{0x000000008260da98}: 'void java.lang.invoke.DirectMethodHandle$Holder.invokeStaticInit(java.lang.Object, java.lang.Object, java.lang.Object, java.lang.Object, java.lang.Object)'> (0x000000008260da98) 
thrown [s\open\src\hotspot\share\interpreter\linkResolver.cpp, line 774]
Event: 135.185 Thread 0x000001b7008bba30 Exception <a 'java/lang/NoSuchMethodError'{0x0000000082614e80}: 'int java.lang.invoke.DirectMethodHandle$Holder.invokeStaticInit(java.lang.Object, java.lang.Object, java.lang.Object)'> (0x0000000082614e80) 
thrown [s\open\src\hotspot\share\interpreter\linkResolver.cpp, line 774]
Event: 135.210 Thread 0x000001b7008bba30 Exception <a 'java/lang/NoSuchMethodError'{0x0000000082669c20}: 'int java.lang.invoke.DirectMethodHandle$Holder.invokeStaticInit(java.lang.Object, java.lang.Object, java.lang.Object, java.lang.Object)'> (0x0000000082669c20) 
thrown [s\open\src\hotspot\share\interpreter\linkResolver.cpp, line 774]
Event: 139.974 Thread 0x000001b7008bba30 Exception <a 'java/lang/ClassNotFoundException'{0x0000000087fc8f78}: groovy/lang/ExpandoMetaClassBeanInfo> (0x0000000087fc8f78) 
thrown [s\open\src\hotspot\share\classfile\systemDictionary.cpp, line 313]
Event: 139.975 Thread 0x000001b7008bba30 Exception <a 'java/lang/ClassNotFoundException'{0x0000000087fd0a90}: groovy/lang/MetaClassImplBeanInfo> (0x0000000087fd0a90) 
thrown [s\open\src\hotspot\share\classfile\systemDictionary.cpp, line 313]
Event: 139.975 Thread 0x000001b7008bba30 Exception <a 'java/lang/ClassNotFoundException'{0x0000000087fd5078}: java/lang/ObjectBeanInfo> (0x0000000087fd5078) 
thrown [s\open\src\hotspot\share\classfile\systemDictionary.cpp, line 313]
Event: 139.976 Thread 0x000001b7008bba30 Exception <a 'java/lang/ClassNotFoundException'{0x0000000087fd9cd8}: java/lang/ObjectCustomizer> (0x0000000087fd9cd8) 
thrown [s\open\src\hotspot\share\classfile\systemDictionary.cpp, line 313]
Event: 139.983 Thread 0x000001b7008bba30 Exception <a 'java/lang/IncompatibleClassChangeError'{0x0000000087fde648}: Found class java.lang.Object, but interface was expected> (0x0000000087fde648) 
thrown [s\open\src\hotspot\share\interpreter\linkResolver.cpp, line 841]
Event: 139.988 Thread 0x000001b7008bba30 Exception <a 'java/lang/ClassNotFoundException'{0x0000000087fef430}: groovy/lang/MetaClassImplCustomizer> (0x0000000087fef430) 
thrown [s\open\src\hotspot\share\classfile\systemDictionary.cpp, line 313]
Event: 139.992 Thread 0x000001b7008bba30 Exception <a 'java/lang/ClassNotFoundException'{0x0000000086e16490}: groovy/lang/ExpandoMetaClassCustomizer> (0x0000000086e16490) 
thrown [s\open\src\hotspot\share\classfile\systemDictionary.cpp, line 313]

ZGC Phase Switch (0 events):
No events

VM Operations (20 events):
Event: 138.516 Executing VM operation: Cleanup
Event: 138.782 Executing VM operation: Cleanup done
Event: 139.185 Executing VM operation: HandshakeAllThreads (Deoptimize)
Event: 139.185 Executing VM operation: HandshakeAllThreads (Deoptimize) done
Event: 139.539 Executing VM operation: G1CollectForAllocation (G1 Evacuation Pause)
Event: 139.548 Executing VM operation: G1CollectForAllocation (G1 Evacuation Pause) done
Event: 140.554 Executing VM operation: Cleanup
Event: 140.868 Executing VM operation: Cleanup done
Event: 140.869 Executing VM operation: HandshakeAllThreads (Deoptimize)
Event: 140.869 Executing VM operation: HandshakeAllThreads (Deoptimize) done
Event: 140.870 Executing VM operation: HandshakeAllThreads (Deoptimize)
Event: 140.870 Executing VM operation: HandshakeAllThreads (Deoptimize) done
Event: 140.876 Executing VM operation: HandshakeAllThreads (Deoptimize)
Event: 140.876 Executing VM operation: HandshakeAllThreads (Deoptimize) done
Event: 140.883 Executing VM operation: HandshakeAllThreads (Deoptimize)
Event: 140.883 Executing VM operation: HandshakeAllThreads (Deoptimize) done
Event: 141.626 Executing VM operation: HandshakeAllThreads (Deoptimize)
Event: 141.626 Executing VM operation: HandshakeAllThreads (Deoptimize) done
Event: 142.638 Executing VM operation: Cleanup
Event: 142.654 Executing VM operation: Cleanup done

Events (20 events):
Event: 68.311 Thread 0x000001b700cf5f20 Thread added: 0x000001b700cf5f20
Event: 75.714 Thread 0x000001b7016b06f0 Thread added: 0x000001b7016b06f0
Event: 76.186 Thread 0x000001b7008ce480 Thread added: 0x000001b7008ce480
Event: 77.544 Thread 0x000001b7008b9ff0 Thread added: 0x000001b7008b9ff0
Event: 82.715 Thread 0x000001b7008bba30 Thread added: 0x000001b7008bba30
Event: 83.946 Thread 0x000001b7008bc0c0 Thread added: 0x000001b7008bc0c0
Event: 83.953 Thread 0x000001b7008ba680 Thread added: 0x000001b7008ba680
Event: 84.622 Thread 0x000001b7008b8c40 Thread added: 0x000001b7008b8c40
Event: 93.832 Thread 0x000001b7008b92d0 Thread added: 0x000001b7008b92d0
Event: 94.486 Thread 0x000001b7008bad10 Thread added: 0x000001b7008bad10
Event: 98.075 Thread 0x000001b7008bb3a0 Thread added: 0x000001b7008bb3a0
Event: 99.082 Thread 0x000001b7008b9960 Thread added: 0x000001b7008b9960
Event: 111.213 Thread 0x000001b700b4b400 Thread added: 0x000001b700b4b400
Event: 111.517 Thread 0x000001b700b4d4d0 Thread added: 0x000001b700b4d4d0
Event: 115.459 Thread 0x000001b700b4e1f0 Thread added: 0x000001b700b4e1f0
Event: 116.562 Thread 0x000001b700b4ba90 Thread added: 0x000001b700b4ba90
Event: 117.288 Thread 0x000001b700b4fc30 Thread added: 0x000001b700b4fc30
Event: 119.938 Thread 0x000001b700b4db60 Thread added: 0x000001b700b4db60
Event: 122.395 Thread 0x000001b700b4e880 Thread added: 0x000001b700b4e880
Event: 124.215 Thread 0x000001b700b502c0 Thread added: 0x000001b700b502c0


Dynamic libraries:
0x00007ff781a10000 - 0x00007ff781a20000 	C:\Program Files\Java\jdk-22\bin\java.exe
0x00007ffb5da70000 - 0x00007ffb5dc68000 	C:\Windows\SYSTEM32\ntdll.dll
0x00007ffb5ce90000 - 0x00007ffb5cf52000 	C:\Windows\System32\KERNEL32.DLL
0x00007ffb5b530000 - 0x00007ffb5b826000 	C:\Windows\System32\KERNELBASE.dll
0x00007ffb5b830000 - 0x00007ffb5b930000 	C:\Windows\System32\ucrtbase.dll
0x00007ffb3b180000 - 0x00007ffb3b197000 	C:\Program Files\Java\jdk-22\bin\jli.dll
0x00007ffb5bd70000 - 0x00007ffb5be21000 	C:\Windows\System32\ADVAPI32.dll
0x00007ffb5cfe0000 - 0x00007ffb5d07e000 	C:\Windows\System32\msvcrt.dll
0x00007ffb5cde0000 - 0x00007ffb5ce7f000 	C:\Windows\System32\sechost.dll
0x00007ffb5bc50000 - 0x00007ffb5bd70000 	C:\Windows\System32\RPCRT4.dll
0x00007ffb5b930000 - 0x00007ffb5b957000 	C:\Windows\System32\bcrypt.dll
0x00007ffb5baa0000 - 0x00007ffb5bc3d000 	C:\Windows\System32\USER32.dll
0x00007ffb5b300000 - 0x00007ffb5b322000 	C:\Windows\System32\win32u.dll
0x00007ffb5d4f0000 - 0x00007ffb5d51b000 	C:\Windows\System32\GDI32.dll
0x00007ffb5b110000 - 0x00007ffb5b229000 	C:\Windows\System32\gdi32full.dll
0x00007ffb5b490000 - 0x00007ffb5b52d000 	C:\Windows\System32\msvcp_win.dll
0x00007ffb44b40000 - 0x00007ffb44b5b000 	C:\Program Files\Java\jdk-22\bin\VCRUNTIME140.dll
0x00007ffb48360000 - 0x00007ffb485fb000 	C:\Windows\WinSxS\amd64_microsoft.windows.common-controls_6595b64144ccf1df_6.0.19041.6280_none_60bc30a171f2f3f3\COMCTL32.dll
0x00007ffb534d0000 - 0x00007ffb534da000 	C:\Windows\SYSTEM32\VERSION.dll
0x00007ffb5cc90000 - 0x00007ffb5ccbf000 	C:\Windows\System32\IMM32.DLL
0x00007ffb44b30000 - 0x00007ffb44b3c000 	C:\Program Files\Java\jdk-22\bin\vcruntime140_1.dll
0x00007ffb2c050000 - 0x00007ffb2c0de000 	C:\Program Files\Java\jdk-22\bin\msvcp140.dll
0x00007ffb23f10000 - 0x00007ffb24c57000 	C:\Program Files\Java\jdk-22\bin\server\jvm.dll
0x00007ffb5ccc0000 - 0x00007ffb5cd2b000 	C:\Windows\System32\WS2_32.dll
0x00007ffb5af70000 - 0x00007ffb5afbb000 	C:\Windows\SYSTEM32\POWRPROF.dll
0x00007ffb4fd90000 - 0x00007ffb4fdb7000 	C:\Windows\SYSTEM32\WINMM.dll
0x00007ffb5af50000 - 0x00007ffb5af62000 	C:\Windows\SYSTEM32\UMPDC.dll
0x00007ffb597a0000 - 0x00007ffb597b2000 	C:\Windows\SYSTEM32\kernel.appcore.dll
0x00007ffb44850000 - 0x00007ffb4485a000 	C:\Program Files\Java\jdk-22\bin\jimage.dll
0x00007ffb58c60000 - 0x00007ffb58e61000 	C:\Windows\SYSTEM32\DBGHELP.DLL
0x00007ffb3c700000 - 0x00007ffb3c734000 	C:\Windows\SYSTEM32\dbgcore.DLL
0x00007ffb5b960000 - 0x00007ffb5b9e2000 	C:\Windows\System32\bcryptPrimitives.dll
0x00007ffb3aeb0000 - 0x00007ffb3aece000 	C:\Program Files\Java\jdk-22\bin\java.dll
0x00007ffb5c320000 - 0x00007ffb5ca90000 	C:\Windows\System32\SHELL32.dll
0x00007ffb5c1f0000 - 0x00007ffb5c31b000 	C:\Windows\System32\ole32.dll
0x00007ffb5d6d0000 - 0x00007ffb5da23000 	C:\Windows\System32\combase.dll
0x00007ffb58e70000 - 0x00007ffb59615000 	C:\Windows\SYSTEM32\windows.storage.dll
0x00007ffb5aa70000 - 0x00007ffb5aa9b000 	C:\Windows\SYSTEM32\Wldp.dll
0x00007ffb5bf70000 - 0x00007ffb5c03d000 	C:\Windows\System32\OLEAUT32.dll
0x00007ffb5ca90000 - 0x00007ffb5cb3d000 	C:\Windows\System32\SHCORE.dll
0x00007ffb5cf80000 - 0x00007ffb5cfdb000 	C:\Windows\System32\shlwapi.dll
0x00007ffb5b040000 - 0x00007ffb5b064000 	C:\Windows\SYSTEM32\profapi.dll
0x00007ffb2bf70000 - 0x00007ffb2c047000 	C:\Program Files\Java\jdk-22\bin\jsvml.dll
0x00007ffb447c0000 - 0x00007ffb447d0000 	C:\Program Files\Java\jdk-22\bin\net.dll
0x00007ffb5a7d0000 - 0x00007ffb5a83a000 	C:\Windows\system32\mswsock.dll
0x00007ffb39bc0000 - 0x00007ffb39bd6000 	C:\Program Files\Java\jdk-22\bin\nio.dll
0x00007ffb37350000 - 0x00007ffb37367000 	C:\Program Files\Java\jdk-22\bin\zip.dll
0x00007ffb42c00000 - 0x00007ffb42c10000 	C:\Program Files\Java\jdk-22\bin\verify.dll
0x00007ffb45380000 - 0x00007ffb453a7000 	C:\Users\admin\.gradle\native\68d5fa5c4cc2d200863cafc0d521ce42e7d3e7ee720ec0a83991735586a16f82\windows-amd64\native-platform.dll
0x00007ffb2bb40000 - 0x00007ffb2bc84000 	C:\Users\admin\.gradle\native\e376f236ea51e6404a007f0833ffe2c6e607c4080706a723a18a27aeea778392\windows-amd64\native-platform-file-events.dll
0x00007ffb400e0000 - 0x00007ffb400ea000 	C:\Program Files\Java\jdk-22\bin\management.dll
0x00007ffb3f580000 - 0x00007ffb3f58b000 	C:\Program Files\Java\jdk-22\bin\management_ext.dll
0x00007ffb5bc40000 - 0x00007ffb5bc48000 	C:\Windows\System32\PSAPI.DLL
0x00007ffb5a9d0000 - 0x00007ffb5a9e8000 	C:\Windows\SYSTEM32\CRYPTSP.dll
0x00007ffb5a0f0000 - 0x00007ffb5a128000 	C:\Windows\system32\rsaenh.dll
0x00007ffb5afc0000 - 0x00007ffb5afee000 	C:\Windows\SYSTEM32\USERENV.dll
0x00007ffb5a9c0000 - 0x00007ffb5a9cc000 	C:\Windows\SYSTEM32\CRYPTBASE.dll
0x00007ffb5a4b0000 - 0x00007ffb5a4eb000 	C:\Windows\SYSTEM32\IPHLPAPI.DLL
0x00007ffb5d640000 - 0x00007ffb5d648000 	C:\Windows\System32\NSI.dll
0x00007ffb3c400000 - 0x00007ffb3c409000 	C:\Program Files\Java\jdk-22\bin\extnet.dll
0x00007ffb3b8e0000 - 0x00007ffb3b8ee000 	C:\Program Files\Java\jdk-22\bin\sunmscapi.dll
0x00007ffb5b330000 - 0x00007ffb5b48d000 	C:\Windows\System32\CRYPT32.dll
0x00007ffb5aae0000 - 0x00007ffb5ab07000 	C:\Windows\SYSTEM32\ncrypt.dll
0x00007ffb5aaa0000 - 0x00007ffb5aadb000 	C:\Windows\SYSTEM32\NTASN1.dll
0x00007ffb46010000 - 0x00007ffb46017000 	C:\Windows\system32\wshunix.dll

dbghelp: loaded successfully - version: 4.0.5 - missing functions: none
symbol engine: initialized successfully - sym options: 0x614 - pdb path: .;C:\Program Files\Java\jdk-22\bin;C:\Windows\SYSTEM32;C:\Windows\WinSxS\amd64_microsoft.windows.common-controls_6595b64144ccf1df_6.0.19041.6280_none_60bc30a171f2f3f3;C:\Program Files\Java\jdk-22\bin\server;C:\Users\admin\.gradle\native\68d5fa5c4cc2d200863cafc0d521ce42e7d3e7ee720ec0a83991735586a16f82\windows-amd64;C:\Users\admin\.gradle\native\e376f236ea51e6404a007f0833ffe2c6e607c4080706a723a18a27aeea778392\windows-amd64

VM Arguments:
jvm_args: -XX:MaxMetaspaceSize=512m --add-opens=java.base/java.util=ALL-UNNAMED --add-opens=java.base/java.lang=ALL-UNNAMED --add-opens=java.base/java.lang.invoke=ALL-UNNAMED --add-opens=java.prefs/java.util.prefs=ALL-UNNAMED --add-opens=java.base/java.nio.charset=ALL-UNNAMED --add-opens=java.base/java.net=ALL-UNNAMED --add-opens=java.base/java.util.concurrent.atomic=ALL-UNNAMED -Xmx2048m -Dfile.encoding=UTF-8 -Duser.country=US -Duser.language=en -Duser.variant 
java_command: org.gradle.launcher.daemon.bootstrap.GradleDaemon 8.0.1
java_class_path (initial): C:\Users\admin\.gradle\wrapper\dists\gradle-8.0.1-all\aro4hu1c3oeioove7l0i4i14o\gradle-8.0.1\lib\gradle-launcher-8.0.1.jar
Launcher Type: SUN_STANDARD

[Global flags]
     intx CICompilerCount                          = 3                                         {product} {ergonomic}
   size_t CompressedClassSpaceSize                 = 436207616                                 {product} {ergonomic}
     uint ConcGCThreads                            = 1                                         {product} {ergonomic}
     uint G1ConcRefinementThreads                  = 4                                         {product} {ergonomic}
   size_t G1HeapRegionSize                         = 1048576                                   {product} {ergonomic}
   size_t InitialHeapSize                          = 134217728                                 {product} {ergonomic}
   size_t MarkStackSize                            = 4194304                                   {product} {ergonomic}
   size_t MaxHeapSize                              = 2147483648                                {product} {command line}
   size_t MaxMetaspaceSize                         = 536870912                                 {product} {command line}
   size_t MaxNewSize                               = 1287651328                                {product} {ergonomic}
   size_t MinHeapDeltaBytes                        = 1048576                                   {product} {ergonomic}
   size_t MinHeapSize                              = 8388608                                   {product} {ergonomic}
    uintx NonNMethodCodeHeapSize                   = 5832780                                {pd product} {ergonomic}
    uintx NonProfiledCodeHeapSize                  = 122912730                              {pd product} {ergonomic}
    uintx ProfiledCodeHeapSize                     = 122912730                              {pd product} {ergonomic}
    uintx ReservedCodeCacheSize                    = 251658240                              {pd product} {ergonomic}
     bool SegmentedCodeCache                       = true                                      {product} {ergonomic}
   size_t SoftMaxHeapSize                          = 2147483648                             {manageable} {ergonomic}
     bool UseCompressedOops                        = true                           {product lp64_product} {ergonomic}
     bool UseG1GC                                  = true                                      {product} {ergonomic}
     bool UseLargePagesIndividualAllocation        = false                                  {pd product} {ergonomic}

Logging:
Log output configuration:
 #0: stdout all=warning uptime,level,tags foldmultilines=false
 #1: stderr all=off uptime,level,tags foldmultilines=false

Environment Variables:
CLASSPATH=D:\LearnReactNative\android\\gradle\wrapper\gradle-wrapper.jar
PATH=D:\LearnReactNative\node_modules\.bin;D:\LearnReactNative\node_modules\.bin;D:\node_modules\.bin;C:\Program Files\nodejs\node_modules\npm\node_modules\@npmcli\run-script\lib\node-gyp-bin;D:\LearnReactNative\node_modules\.bin;D:\node_modules\.bin;C:\Program Files\nodejs\node_modules\npm\node_modules\@npmcli\run-script\lib\node-gyp-bin;C:\Users\admin\bin;C:\Program Files\Git\mingw64\bin;C:\Program Files\Git\usr\local\bin;C:\Program Files\Git\usr\bin;C:\Program Files\Git\usr\bin;C:\Program Files\Git\mingw64\bin;C:\Program Files\Git\usr\bin;C:\Users\admin\bin;C:\Program Files\Common Files\Oracle\Java\javapath;C:\Windows\system32;C:\Windows;C:\Windows\System32\Wbem;C:\Windows\System32\WindowsPowerShell\v1.0;C:\Windows\System32\OpenSSH;C:\xampp\php;C:\composer;C:\Program Files\Git\cmd;C:\Program Files\nodejs;C:\Users\admin\AppData\Local\Programs\Python\Python312\Scripts;C:\Users\admin\AppData\Local\Programs\Python\Python312;C:\Users\admin\AppData\Local\Programs\Python\Launcher;C:\Users\admin\AppData\Local\Microsoft\WindowsApps;C:\Users\admin\AppData\Local\Programs\Microsoft VS Code\bin;C:\Users\admin\AppData\Roaming\Composer\vendor\bin;C:\Users\admin\AppData\Local\Microsoft\WinGet\Packages\Schniz.fnm_Microsoft.Winget.Source_8wekyb3d8bbwe;C:\Users\admin\AppData\Roaming\npm;C:\Program Files\Git\usr\bin\vendor_perl;C:\Program Files\Git\usr\bin\core_perl
USERNAME=admin
SHELL=C:\Program Files\Git\usr\bin\bash.exe
DISPLAY=needs-to-be-defined
LANG=en_US.UTF-8
TERM=xterm-256color
TMPDIR=C:\Users\admin\AppData\Local\Temp
OS=Windows_NT
PROCESSOR_IDENTIFIER=Intel64 Family 6 Model 142 Stepping 9, GenuineIntel
TMP=C:\Users\admin\AppData\Local\Temp
TEMP=C:\Users\admin\AppData\Local\Temp




Periodic native trim disabled

---------------  S Y S T E M  ---------------

OS:
 Windows 10 , 64 bit Build 19041 (10.0.19041.5915)
OS uptime: 3 days 17:31 hours

CPU: total 4 (initial active 4) (2 cores per cpu, 2 threads per core) family 6 model 142 stepping 9 microcode 0xf6, cx8, cmov, fxsr, ht, mmx, 3dnowpref, sse, sse2, sse3, ssse3, sse4.1, sse4.2, popcnt, lzcnt, tsc, tscinvbit, avx, avx2, aes, erms, clmul, bmi1, bmi2, rtm, adx, fma, vzeroupper, clflush, clflushopt, rdtscp, f16c
Processor Information for all 4 processors :
  Max Mhz: 2701, Current Mhz: 2701, Mhz Limit: 2701

Memory: 4k page, system-wide physical 8073M (154M free)
TotalPageFile size 32649M (AvailPageFile size 4M)
current process WorkingSet (physical memory assigned to process): 164M, peak: 185M
current process commit charge ("private bytes"): 228M, peak: 275M

vm_info: Java HotSpot(TM) 64-Bit Server VM (22.0.1+8-16) for windows-amd64 JRE (22.0.1+8-16), built on 2024-03-12T10:33:16Z by "mach5one" with MS VC++ 17.6 (VS2022)

END.
