#
# There is insufficient memory for the Java Runtime Environment to continue.
# Native memory allocation (malloc) failed to allocate 237264 bytes. Error detail: Chunk::new
# Possible reasons:
#   The system is out of physical RAM or swap space
#   This process is running with CompressedOops enabled, and the Java Heap may be blocking the growth of the native heap
# Possible solutions:
#   Reduce memory load on the system
#   Increase physical memory or swap space
#   Check if swap backing store is full
#   Decrease Java heap size (-Xmx/-Xms)
#   Decrease number of Java threads
#   Decrease Java thread stack sizes (-Xss)
#   Set larger code cache with -XX:ReservedCodeCacheSize=
#   JVM is running with Unscaled Compressed Oops mode in which the Java heap is
#     placed in the first 4GB address space. The Java Heap base address is the
#     maximum limit for the native heap growth. Please use -XX:HeapBaseMinAddress
#     to set the Java Heap base and to place the Java Heap above 4GB virtual address.
# This output file may be truncated or incomplete.
#
#  Out of Memory Error (arena.cpp:150), pid=1796, tid=31760
#
# JRE version: Java(TM) SE Runtime Environment (22.0.1+8) (build 22.0.1+8-16)
# Java VM: Java HotSpot(TM) 64-Bit Server VM (22.0.1+8-16, mixed mode, sharing, tiered, compressed oops, compressed class ptrs, g1 gc, windows-amd64)
# No core dump will be written. Minidumps are not enabled by default on client versions of Windows
#

---------------  S U M M A R Y ------------

Command Line: -Xmx64m -Xms64m -Dorg.gradle.appname=gradlew org.gradle.wrapper.GradleWrapperMain app:installDebug -PreactNativeDevServerPort=8081

Host: Intel(R) Core(TM) i5-7300U CPU @ 2.60GHz, 4 cores, 7G,  Windows 10 , 64 bit Build 19041 (10.0.19041.5915)
Time: Mon Sep 29 09:08:17 2025 SE Asia Standard Time elapsed time: 37.547445 seconds (0d 0h 0m 37s)

---------------  T H R E A D  ---------------

Current thread (0x00000283411154c0):  JavaThread "C2 CompilerThread0" daemon [_thread_in_native, id=31760, stack(0x000000b66f800000,0x000000b66f900000) (1024K)]


Current CompileTask:
C2:37547  960   !   4       java.util.concurrent.ConcurrentHashMap::putVal (432 bytes)

Stack: [0x000000b66f800000,0x000000b66f900000]
Native frames: (J=compiled Java code, j=interpreted, Vv=VM code, C=native code)
V  [jvm.dll+0x6e2279]  (no source info available)
V  [jvm.dll+0x874e33]  (no source info available)
V  [jvm.dll+0x87725e]  (no source info available)
V  [jvm.dll+0x877933]  (no source info available)
V  [jvm.dll+0x27fd76]  (no source info available)
V  [jvm.dll+0xc3d0f]  (no source info available)
V  [jvm.dll+0xc3f6b]  (no source info available)
V  [jvm.dll+0x3bb10c]  (no source info available)
V  [jvm.dll+0x387b6b]  (no source info available)
V  [jvm.dll+0x386fda]  (no source info available)
V  [jvm.dll+0x247918]  (no source info available)
V  [jvm.dll+0x246fbf]  (no source info available)
V  [jvm.dll+0x1c4e90]  (no source info available)
V  [jvm.dll+0x2569fe]  (no source info available)
V  [jvm.dll+0x254cba]  (no source info available)
V  [jvm.dll+0x3f5336]  (no source info available)
V  [jvm.dll+0x81d44b]  (no source info available)
V  [jvm.dll+0x6e0915]  (no source info available)
C  [ucrtbase.dll+0x21bb2]  (no source info available)
C  [KERNEL32.DLL+0x17374]  (no source info available)
C  [ntdll.dll+0x4cc91]  (no source info available)


---------------  P R O C E S S  ---------------

Threads class SMR info:
_java_thread_list=0x0000028341575930, length=12, elements={
0x0000028347f126f0, 0x00000283411098a0, 0x000002834110a970, 0x0000028341112810,
0x0000028341113270, 0x0000028341113cd0, 0x0000028341114730, 0x00000283411154c0,
0x00000283411197b0, 0x000002834118cff0, 0x0000028341192280, 0x0000028341b4d040
}

Java Threads: ( => current thread )
  0x0000028347f126f0 JavaThread "main"                              [_thread_in_vm, id=20084, stack(0x000000b66ea00000,0x000000b66eb00000) (1024K)]
  0x00000283411098a0 JavaThread "Reference Handler"          daemon [_thread_blocked, id=31276, stack(0x000000b66f200000,0x000000b66f300000) (1024K)]
  0x000002834110a970 JavaThread "Finalizer"                  daemon [_thread_blocked, id=32244, stack(0x000000b66f300000,0x000000b66f400000) (1024K)]
  0x0000028341112810 JavaThread "Signal Dispatcher"          daemon [_thread_blocked, id=6880, stack(0x000000b66f400000,0x000000b66f500000) (1024K)]
  0x0000028341113270 JavaThread "Attach Listener"            daemon [_thread_blocked, id=12500, stack(0x000000b66f500000,0x000000b66f600000) (1024K)]
  0x0000028341113cd0 JavaThread "Service Thread"             daemon [_thread_blocked, id=28824, stack(0x000000b66f600000,0x000000b66f700000) (1024K)]
  0x0000028341114730 JavaThread "Monitor Deflation Thread"   daemon [_thread_blocked, id=7236, stack(0x000000b66f700000,0x000000b66f800000) (1024K)]
=>0x00000283411154c0 JavaThread "C2 CompilerThread0"         daemon [_thread_in_native, id=31760, stack(0x000000b66f800000,0x000000b66f900000) (1024K)]
  0x00000283411197b0 JavaThread "C1 CompilerThread0"         daemon [_thread_in_native, id=15216, stack(0x000000b66f900000,0x000000b66fa00000) (1024K)]
  0x000002834118cff0 JavaThread "Notification Thread"        daemon [_thread_blocked, id=14104, stack(0x000000b66fa00000,0x000000b66fb00000) (1024K)]
  0x0000028341192280 JavaThread "Common-Cleaner"             daemon [_thread_blocked, id=3804, stack(0x000000b66fb00000,0x000000b66fc00000) (1024K)]
  0x0000028341b4d040 JavaThread "pool-1-thread-1"                   [_thread_blocked, id=17620, stack(0x000000b66ff00000,0x000000b670000000) (1024K)]
Total: 12

Other Threads:
  0x00000283410eed80 VMThread "VM Thread"                           [id=13856, stack(0x000000b66f100000,0x000000b66f200000) (1024K)]
  0x000002834a269950 WatcherThread "VM Periodic Task Thread"        [id=13288, stack(0x000000b66f000000,0x000000b66f100000) (1024K)]
  0x000002834a1beb40 WorkerThread "GC Thread#0"                     [id=10028, stack(0x000000b66eb00000,0x000000b66ec00000) (1024K)]
  0x0000028341614480 WorkerThread "GC Thread#1"                     [id=14356, stack(0x000000b66fc00000,0x000000b66fd00000) (1024K)]
  0x0000028341404930 WorkerThread "GC Thread#2"                     [id=11252, stack(0x000000b66fd00000,0x000000b66fe00000) (1024K)]
  0x0000028341404ce0 WorkerThread "GC Thread#3"                     [id=30196, stack(0x000000b66fe00000,0x000000b66ff00000) (1024K)]
  0x000002834a1c0330 ConcurrentGCThread "G1 Main Marker"            [id=25544, stack(0x000000b66ec00000,0x000000b66ed00000) (1024K)]
  0x000002834a1c2810 WorkerThread "G1 Conc#0"                       [id=21552, stack(0x000000b66ed00000,0x000000b66ee00000) (1024K)]
  0x000002834a219f20 ConcurrentGCThread "G1 Refine#0"               [id=10260, stack(0x000000b66ee00000,0x000000b66ef00000) (1024K)]
  0x000002834a21ac50 ConcurrentGCThread "G1 Service"                [id=26008, stack(0x000000b66ef00000,0x000000b66f000000) (1024K)]
Total: 10

Threads with active compile tasks:
C2 CompilerThread0  38494  960   !   4       java.util.concurrent.ConcurrentHashMap::putVal (432 bytes)
C1 CompilerThread0  38494 1039       3       java.lang.ClassLoader::checkCerts (121 bytes)
Total: 2

VM state: not at safepoint (normal execution)

VM Mutex/Monitor currently owned by a thread: None

Heap address: 0x00000000fc000000, size: 64 MB, Compressed Oops mode: 32-bit

CDS archive(s) mapped at: [0x0000028300000000-0x0000028300c60000-0x0000028300c60000), size 12976128, SharedBaseAddress: 0x0000028300000000, ArchiveRelocationMode: 1.
Compressed class space mapped at: 0x0000028301000000-0x0000028341000000, reserved size: 1073741824
Narrow klass base: 0x0000028300000000, Narrow klass shift: 0, Narrow klass range: 0x41000000

GC Precious Log:
 CardTable entry size: 512
 Card Set container configuration: InlinePtr #cards 5 size 8 Array Of Cards #cards 12 size 40 Howl #buckets 4 coarsen threshold 1843 Howl Bitmap #cards 512 size 80 coarsen threshold 460 Card regions per heap region 1 cards per card region 2048
 CPUs: 4 total, 4 available
 Memory: 8073M
 Large Page Support: Disabled
 NUMA Support: Disabled
 Compressed Oops: Enabled (32-bit)
 Heap Region Size: 1M
 Heap Min Capacity: 64M
 Heap Initial Capacity: 64M
 Heap Max Capacity: 64M
 Pre-touch: Disabled
 Parallel Workers: 4
 Concurrent Workers: 1
 Concurrent Refinement Workers: 4
 Periodic GC: Disabled

Heap:
 garbage-first heap   total reserved 65536K, committed 65536K, used 16896K [0x00000000fc000000, 0x0000000100000000)
  region size 1024K, 13 young (13312K), 2 survivors (2048K)
 Metaspace       used 4474K, committed 4672K, reserved 1114112K
  class space    used 610K, committed 704K, reserved 1048576K

Heap Regions: E=young(eden), S=young(survivor), O=old, HS=humongous(starts), HC=humongous(continues), CS=collection set, F=free, TAMS=top-at-mark-start, PB=parsable bottom
|   0|0x00000000fc000000, 0x00000000fc100000, 0x00000000fc100000|100%| O|  |TAMS 0x00000000fc000000| PB 0x00000000fc000000| Untracked |  0
|   1|0x00000000fc100000, 0x00000000fc180000, 0x00000000fc200000| 50%| O|  |TAMS 0x00000000fc100000| PB 0x00000000fc100000| Untracked |  0
|   2|0x00000000fc200000, 0x00000000fc300000, 0x00000000fc300000|100%|HS|  |TAMS 0x00000000fc200000| PB 0x00000000fc200000| Complete |  0
|   3|0x00000000fc300000, 0x00000000fc400000, 0x00000000fc400000|100%|HC|  |TAMS 0x00000000fc300000| PB 0x00000000fc300000| Complete |  0
|   4|0x00000000fc400000, 0x00000000fc500000, 0x00000000fc500000|100%|HC|  |TAMS 0x00000000fc400000| PB 0x00000000fc400000| Complete |  0
|   5|0x00000000fc500000, 0x00000000fc600000, 0x00000000fc600000|100%|HC|  |TAMS 0x00000000fc500000| PB 0x00000000fc500000| Complete |  0
|   6|0x00000000fc600000, 0x00000000fc600000, 0x00000000fc700000|  0%| F|  |TAMS 0x00000000fc600000| PB 0x00000000fc600000| Untracked |  0
|   7|0x00000000fc700000, 0x00000000fc700000, 0x00000000fc800000|  0%| F|  |TAMS 0x00000000fc700000| PB 0x00000000fc700000| Untracked |  0
|   8|0x00000000fc800000, 0x00000000fc800000, 0x00000000fc900000|  0%| F|  |TAMS 0x00000000fc800000| PB 0x00000000fc800000| Untracked |  0
|   9|0x00000000fc900000, 0x00000000fc900000, 0x00000000fca00000|  0%| F|  |TAMS 0x00000000fc900000| PB 0x00000000fc900000| Untracked |  0
|  10|0x00000000fca00000, 0x00000000fca00000, 0x00000000fcb00000|  0%| F|  |TAMS 0x00000000fca00000| PB 0x00000000fca00000| Untracked |  0
|  11|0x00000000fcb00000, 0x00000000fcb00000, 0x00000000fcc00000|  0%| F|  |TAMS 0x00000000fcb00000| PB 0x00000000fcb00000| Untracked |  0
|  12|0x00000000fcc00000, 0x00000000fcc00000, 0x00000000fcd00000|  0%| F|  |TAMS 0x00000000fcc00000| PB 0x00000000fcc00000| Untracked |  0
|  13|0x00000000fcd00000, 0x00000000fcd00000, 0x00000000fce00000|  0%| F|  |TAMS 0x00000000fcd00000| PB 0x00000000fcd00000| Untracked |  0
|  14|0x00000000fce00000, 0x00000000fce00000, 0x00000000fcf00000|  0%| F|  |TAMS 0x00000000fce00000| PB 0x00000000fce00000| Untracked |  0
|  15|0x00000000fcf00000, 0x00000000fcf00000, 0x00000000fd000000|  0%| F|  |TAMS 0x00000000fcf00000| PB 0x00000000fcf00000| Untracked |  0
|  16|0x00000000fd000000, 0x00000000fd000000, 0x00000000fd100000|  0%| F|  |TAMS 0x00000000fd000000| PB 0x00000000fd000000| Untracked |  0
|  17|0x00000000fd100000, 0x00000000fd100000, 0x00000000fd200000|  0%| F|  |TAMS 0x00000000fd100000| PB 0x00000000fd100000| Untracked |  0
|  18|0x00000000fd200000, 0x00000000fd200000, 0x00000000fd300000|  0%| F|  |TAMS 0x00000000fd200000| PB 0x00000000fd200000| Untracked |  0
|  19|0x00000000fd300000, 0x00000000fd300000, 0x00000000fd400000|  0%| F|  |TAMS 0x00000000fd300000| PB 0x00000000fd300000| Untracked |  0
|  20|0x00000000fd400000, 0x00000000fd400000, 0x00000000fd500000|  0%| F|  |TAMS 0x00000000fd400000| PB 0x00000000fd400000| Untracked |  0
|  21|0x00000000fd500000, 0x00000000fd500000, 0x00000000fd600000|  0%| F|  |TAMS 0x00000000fd500000| PB 0x00000000fd500000| Untracked |  0
|  22|0x00000000fd600000, 0x00000000fd600000, 0x00000000fd700000|  0%| F|  |TAMS 0x00000000fd600000| PB 0x00000000fd600000| Untracked |  0
|  23|0x00000000fd700000, 0x00000000fd700000, 0x00000000fd800000|  0%| F|  |TAMS 0x00000000fd700000| PB 0x00000000fd700000| Untracked |  0
|  24|0x00000000fd800000, 0x00000000fd800000, 0x00000000fd900000|  0%| F|  |TAMS 0x00000000fd800000| PB 0x00000000fd800000| Untracked |  0
|  25|0x00000000fd900000, 0x00000000fd900000, 0x00000000fda00000|  0%| F|  |TAMS 0x00000000fd900000| PB 0x00000000fd900000| Untracked |  0
|  26|0x00000000fda00000, 0x00000000fda00000, 0x00000000fdb00000|  0%| F|  |TAMS 0x00000000fda00000| PB 0x00000000fda00000| Untracked |  0
|  27|0x00000000fdb00000, 0x00000000fdb00000, 0x00000000fdc00000|  0%| F|  |TAMS 0x00000000fdb00000| PB 0x00000000fdb00000| Untracked |  0
|  28|0x00000000fdc00000, 0x00000000fdc00000, 0x00000000fdd00000|  0%| F|  |TAMS 0x00000000fdc00000| PB 0x00000000fdc00000| Untracked |  0
|  29|0x00000000fdd00000, 0x00000000fdd00000, 0x00000000fde00000|  0%| F|  |TAMS 0x00000000fdd00000| PB 0x00000000fdd00000| Untracked |  0
|  30|0x00000000fde00000, 0x00000000fde00000, 0x00000000fdf00000|  0%| F|  |TAMS 0x00000000fde00000| PB 0x00000000fde00000| Untracked |  0
|  31|0x00000000fdf00000, 0x00000000fdf00000, 0x00000000fe000000|  0%| F|  |TAMS 0x00000000fdf00000| PB 0x00000000fdf00000| Untracked |  0
|  32|0x00000000fe000000, 0x00000000fe000000, 0x00000000fe100000|  0%| F|  |TAMS 0x00000000fe000000| PB 0x00000000fe000000| Untracked |  0
|  33|0x00000000fe100000, 0x00000000fe100000, 0x00000000fe200000|  0%| F|  |TAMS 0x00000000fe100000| PB 0x00000000fe100000| Untracked |  0
|  34|0x00000000fe200000, 0x00000000fe200000, 0x00000000fe300000|  0%| F|  |TAMS 0x00000000fe200000| PB 0x00000000fe200000| Untracked |  0
|  35|0x00000000fe300000, 0x00000000fe300000, 0x00000000fe400000|  0%| F|  |TAMS 0x00000000fe300000| PB 0x00000000fe300000| Untracked |  0
|  36|0x00000000fe400000, 0x00000000fe400000, 0x00000000fe500000|  0%| F|  |TAMS 0x00000000fe400000| PB 0x00000000fe400000| Untracked |  0
|  37|0x00000000fe500000, 0x00000000fe500000, 0x00000000fe600000|  0%| F|  |TAMS 0x00000000fe500000| PB 0x00000000fe500000| Untracked |  0
|  38|0x00000000fe600000, 0x00000000fe600000, 0x00000000fe700000|  0%| F|  |TAMS 0x00000000fe600000| PB 0x00000000fe600000| Untracked |  0
|  39|0x00000000fe700000, 0x00000000fe700000, 0x00000000fe800000|  0%| F|  |TAMS 0x00000000fe700000| PB 0x00000000fe700000| Untracked |  0
|  40|0x00000000fe800000, 0x00000000fe800000, 0x00000000fe900000|  0%| F|  |TAMS 0x00000000fe800000| PB 0x00000000fe800000| Untracked |  0
|  41|0x00000000fe900000, 0x00000000fe900000, 0x00000000fea00000|  0%| F|  |TAMS 0x00000000fe900000| PB 0x00000000fe900000| Untracked |  0
|  42|0x00000000fea00000, 0x00000000fea00000, 0x00000000feb00000|  0%| F|  |TAMS 0x00000000fea00000| PB 0x00000000fea00000| Untracked |  0
|  43|0x00000000feb00000, 0x00000000feb00000, 0x00000000fec00000|  0%| F|  |TAMS 0x00000000feb00000| PB 0x00000000feb00000| Untracked |  0
|  44|0x00000000fec00000, 0x00000000fec00000, 0x00000000fed00000|  0%| F|  |TAMS 0x00000000fec00000| PB 0x00000000fec00000| Untracked |  0
|  45|0x00000000fed00000, 0x00000000fed00000, 0x00000000fee00000|  0%| F|  |TAMS 0x00000000fed00000| PB 0x00000000fed00000| Untracked |  0
|  46|0x00000000fee00000, 0x00000000fee00000, 0x00000000fef00000|  0%| F|  |TAMS 0x00000000fee00000| PB 0x00000000fee00000| Untracked |  0
|  47|0x00000000fef00000, 0x00000000fef00000, 0x00000000ff000000|  0%| F|  |TAMS 0x00000000fef00000| PB 0x00000000fef00000| Untracked |  0
|  48|0x00000000ff000000, 0x00000000ff100000, 0x00000000ff100000|100%| S|CS|TAMS 0x00000000ff000000| PB 0x00000000ff000000| Complete |  0
|  49|0x00000000ff100000, 0x00000000ff200000, 0x00000000ff200000|100%| S|CS|TAMS 0x00000000ff100000| PB 0x00000000ff100000| Complete |  0
|  50|0x00000000ff200000, 0x00000000ff200000, 0x00000000ff300000|  0%| F|  |TAMS 0x00000000ff200000| PB 0x00000000ff200000| Untracked |  0
|  51|0x00000000ff300000, 0x00000000ff300000, 0x00000000ff400000|  0%| F|  |TAMS 0x00000000ff300000| PB 0x00000000ff300000| Untracked |  0
|  52|0x00000000ff400000, 0x00000000ff400000, 0x00000000ff500000|  0%| F|  |TAMS 0x00000000ff400000| PB 0x00000000ff400000| Untracked |  0
|  53|0x00000000ff500000, 0x00000000ff5b0af8, 0x00000000ff600000| 69%| E|  |TAMS 0x00000000ff500000| PB 0x00000000ff500000| Complete |  0
|  54|0x00000000ff600000, 0x00000000ff700000, 0x00000000ff700000|100%| E|CS|TAMS 0x00000000ff600000| PB 0x00000000ff600000| Complete |  0
|  55|0x00000000ff700000, 0x00000000ff800000, 0x00000000ff800000|100%| E|CS|TAMS 0x00000000ff700000| PB 0x00000000ff700000| Complete |  0
|  56|0x00000000ff800000, 0x00000000ff900000, 0x00000000ff900000|100%| E|CS|TAMS 0x00000000ff800000| PB 0x00000000ff800000| Complete |  0
|  57|0x00000000ff900000, 0x00000000ffa00000, 0x00000000ffa00000|100%| E|CS|TAMS 0x00000000ff900000| PB 0x00000000ff900000| Complete |  0
|  58|0x00000000ffa00000, 0x00000000ffb00000, 0x00000000ffb00000|100%| E|CS|TAMS 0x00000000ffa00000| PB 0x00000000ffa00000| Complete |  0
|  59|0x00000000ffb00000, 0x00000000ffc00000, 0x00000000ffc00000|100%| E|CS|TAMS 0x00000000ffb00000| PB 0x00000000ffb00000| Complete |  0
|  60|0x00000000ffc00000, 0x00000000ffd00000, 0x00000000ffd00000|100%| E|CS|TAMS 0x00000000ffc00000| PB 0x00000000ffc00000| Complete |  0
|  61|0x00000000ffd00000, 0x00000000ffe00000, 0x00000000ffe00000|100%| E|CS|TAMS 0x00000000ffd00000| PB 0x00000000ffd00000| Complete |  0
|  62|0x00000000ffe00000, 0x00000000fff00000, 0x00000000fff00000|100%| E|  |TAMS 0x00000000ffe00000| PB 0x00000000ffe00000| Complete |  0
|  63|0x00000000fff00000, 0x0000000100000000, 0x0000000100000000|100%| E|CS|TAMS 0x00000000fff00000| PB 0x00000000fff00000| Complete |  0

Card table byte_map: [0x0000028348150000,0x0000028348170000] _byte_map_base: 0x0000028347970000

Marking Bits: (CMBitMap*) 0x000002834a1bf250
 Bits: [0x0000028349f90000, 0x000002834a090000)

Polling page: 0x0000028348100000

Metaspace:

Usage:
  Non-class:      3.77 MB used.
      Class:    610.52 KB used.
       Both:      4.37 MB used.

Virtual space:
  Non-class space:       64.00 MB reserved,       3.88 MB (  6%) committed,  1 nodes.
      Class space:        1.00 GB reserved,     704.00 KB ( <1%) committed,  1 nodes.
             Both:        1.06 GB reserved,       4.56 MB ( <1%) committed. 

Chunk freelists:
   Non-Class:  10.12 MB
       Class:  15.29 MB
        Both:  25.41 MB

MaxMetaspaceSize: unlimited
CompressedClassSpaceSize: 1.00 GB
Initial GC threshold: 21.00 MB
Current GC threshold: 21.00 MB
CDS: on
 - commit_granule_bytes: 65536.
 - commit_granule_words: 8192.
 - virtual_space_node_default_size: 8388608.
 - enlarge_chunks_in_place: 1.
 - use_allocation_guard: 0.


Internal statistics:

num_allocs_failed_limit: 0.
num_arena_births: 126.
num_arena_deaths: 0.
num_vsnodes_births: 2.
num_vsnodes_deaths: 0.
num_space_committed: 73.
num_space_uncommitted: 0.
num_chunks_returned_to_freelist: 0.
num_chunks_taken_from_freelist: 257.
num_chunk_merges: 0.
num_chunk_splits: 159.
num_chunks_enlarged: 115.
num_inconsistent_stats: 0.

CodeHeap 'non-profiled nmethods': size=120000Kb used=366Kb max_used=366Kb free=119634Kb
 bounds [0x0000028359fc0000, 0x000002835a230000, 0x00000283614f0000]
CodeHeap 'profiled nmethods': size=120000Kb used=1924Kb max_used=1924Kb free=118075Kb
 bounds [0x00000283524f0000, 0x0000028352760000, 0x0000028359a20000]
CodeHeap 'non-nmethods': size=5760Kb used=1334Kb max_used=1349Kb free=4425Kb
 bounds [0x0000028359a20000, 0x0000028359c90000, 0x0000028359fc0000]
 total_blobs=1476 nmethods=1034 adapters=347
 compilation: enabled
              stopped_count=0, restarted_count=0
 full_count=0

Compilation events (20 events):
Event: 37.525 Thread 0x00000283411197b0 nmethod 957 0x00000283526a9b90 code [0x00000283526a9d60, 0x00000283526aa008]
Event: 37.526 Thread 0x00000283411197b0  958       3       java.lang.invoke.MethodType::basicType (8 bytes)
Event: 37.526 Thread 0x00000283411197b0 nmethod 958 0x00000283526aa110 code [0x00000283526aa2a0, 0x00000283526aa3d0]
Event: 37.527 Thread 0x00000283411154c0  959       4       jdk.internal.util.ArraysSupport::mismatch (103 bytes)
Event: 37.530 Thread 0x00000283411197b0  961       3       java.lang.invoke.LambdaForm::uncustomize (57 bytes)
Event: 37.530 Thread 0x00000283411197b0 nmethod 961 0x00000283526aa490 code [0x00000283526aa640, 0x00000283526aa930]
Event: 37.531 Thread 0x00000283411197b0  963       3       java.lang.invoke.LambdaForm$NamedFunction::returnType (11 bytes)
Event: 37.531 Thread 0x00000283411197b0 nmethod 963 0x00000283526aaa10 code [0x00000283526aac20, 0x00000283526ab170]
Event: 37.531 Thread 0x00000283411154c0 nmethod 959 0x000002835a018810 code [0x000002835a0189a0, 0x000002835a018c48]
Event: 37.532 Thread 0x00000283411154c0  960   !   4       java.util.concurrent.ConcurrentHashMap::putVal (432 bytes)
Event: 37.532 Thread 0x00000283411197b0  964       3       java.lang.invoke.MemberName::<init> (50 bytes)
Event: 37.532 Thread 0x00000283411197b0 nmethod 964 0x00000283526ab390 code [0x00000283526ab580, 0x00000283526ab8a0]
Event: 37.532 Thread 0x00000283411197b0  965       3       java.lang.invoke.InvokerBytecodeGenerator::emitPushArgument (150 bytes)
Event: 37.533 Thread 0x00000283411197b0 nmethod 965 0x00000283526aba10 code [0x00000283526abce0, 0x00000283526ac9f8]
Event: 37.533 Thread 0x00000283411197b0  966       3       java.lang.invoke.InvokerBytecodeGenerator::emitLoadInsn (21 bytes)
Event: 37.533 Thread 0x00000283411197b0 nmethod 966 0x00000283526acd90 code [0x00000283526acf40, 0x00000283526ad198]
Event: 37.533 Thread 0x00000283411197b0  967       3       java.lang.invoke.InvokerBytecodeGenerator::getInternalName (103 bytes)
Event: 37.534 Thread 0x00000283411197b0 nmethod 967 0x00000283526ad310 code [0x00000283526ad520, 0x00000283526ada38]
Event: 37.534 Thread 0x00000283411197b0  968       1       java.lang.invoke.MethodType::rtype (5 bytes)
Event: 37.534 Thread 0x00000283411197b0 nmethod 968 0x000002835a018e10 code [0x000002835a018fa0, 0x000002835a019068]

GC Heap History (2 events):
Event: 26.865 GC heap before
{Heap before GC invocations=0 (full 0):
 garbage-first heap   total reserved 65536K, committed 65536K, used 13312K [0x00000000fc000000, 0x0000000100000000)
  region size 1024K, 14 young (14336K), 0 survivors (0K)
 Metaspace       used 1918K, committed 2112K, reserved 1114112K
  class space    used 191K, committed 256K, reserved 1048576K
}
Event: 28.348 GC heap after
{Heap after GC invocations=1 (full 0):
 garbage-first heap   total reserved 65536K, committed 65536K, used 3584K [0x00000000fc000000, 0x0000000100000000)
  region size 1024K, 2 young (2048K), 2 survivors (2048K)
 Metaspace       used 1918K, committed 2112K, reserved 1114112K
  class space    used 191K, committed 256K, reserved 1048576K
}

Dll operation events (8 events):
Event: 7.438 Loaded shared library C:\Program Files\Java\jdk-22\bin\java.dll
Event: 18.069 Loaded shared library C:\Program Files\Java\jdk-22\bin\jsvml.dll
Event: 18.601 Loaded shared library C:\Program Files\Java\jdk-22\bin\net.dll
Event: 18.605 Loaded shared library C:\Program Files\Java\jdk-22\bin\nio.dll
Event: 18.612 Loaded shared library C:\Program Files\Java\jdk-22\bin\zip.dll
Event: 24.964 Loaded shared library C:\Program Files\Java\jdk-22\bin\jimage.dll
Event: 26.781 Loaded shared library C:\Program Files\Java\jdk-22\bin\verify.dll
Event: 36.456 Loaded shared library C:\Users\admin\.gradle\native\68d5fa5c4cc2d200863cafc0d521ce42e7d3e7ee720ec0a83991735586a16f82\windows-amd64\native-platform.dll

Deoptimization events (20 events):
Event: 32.312 Thread 0x0000028347f126f0 Uncommon trap: trap_request=0xffffff45 fr.pc=0x0000028359fff360 relative=0x0000000000000680
Event: 32.312 Thread 0x0000028347f126f0 Uncommon trap: reason=unstable_if action=reinterpret pc=0x0000028359fff360 method=java.lang.StringLatin1.newString([BII)Ljava/lang/String; @ 1 c2
Event: 32.312 Thread 0x0000028347f126f0 DEOPT PACKING pc=0x0000028359fff360 sp=0x000000b66eafd900
Event: 32.312 Thread 0x0000028347f126f0 DEOPT UNPACKING pc=0x0000028359a746a2 sp=0x000000b66eafd860 mode 2
Event: 32.327 Thread 0x0000028347f126f0 DEOPT PACKING pc=0x0000028352628249 sp=0x000000b66eaf9fd0
Event: 32.327 Thread 0x0000028347f126f0 DEOPT UNPACKING pc=0x0000028359a74e42 sp=0x000000b66eaf9458 mode 0
Event: 33.127 Thread 0x0000028347f126f0 DEOPT PACKING pc=0x0000028352628249 sp=0x000000b66eafd0c0
Event: 33.127 Thread 0x0000028347f126f0 DEOPT UNPACKING pc=0x0000028359a74e42 sp=0x000000b66eafc530 mode 0
Event: 33.131 Thread 0x0000028347f126f0 Uncommon trap: trap_request=0xffffff45 fr.pc=0x000002835a009d80 relative=0x0000000000001780
Event: 33.131 Thread 0x0000028347f126f0 Uncommon trap: reason=unstable_if action=reinterpret pc=0x000002835a009d80 method=java.io.WinNTFileSystem.normalize(Ljava/lang/String;)Ljava/lang/String; @ 45 c2
Event: 33.131 Thread 0x0000028347f126f0 DEOPT PACKING pc=0x000002835a009d80 sp=0x000000b66eafdf20
Event: 33.131 Thread 0x0000028347f126f0 DEOPT UNPACKING pc=0x0000028359a746a2 sp=0x000000b66eafdef8 mode 2
Event: 35.262 Thread 0x0000028347f126f0 Uncommon trap: trap_request=0xffffff45 fr.pc=0x0000028359fcdf64 relative=0x0000000000000064
Event: 35.262 Thread 0x0000028347f126f0 Uncommon trap: reason=unstable_if action=reinterpret pc=0x0000028359fcdf64 method=java.util.regex.Pattern.has(I)Z @ 6 c2
Event: 35.262 Thread 0x0000028347f126f0 DEOPT PACKING pc=0x0000028359fcdf64 sp=0x000000b66eafe210
Event: 35.262 Thread 0x0000028347f126f0 DEOPT UNPACKING pc=0x0000028359a746a2 sp=0x000000b66eafe1a0 mode 2
Event: 35.902 Thread 0x0000028347f126f0 DEOPT PACKING pc=0x0000028352628249 sp=0x000000b66eaf94d0
Event: 35.902 Thread 0x0000028347f126f0 DEOPT UNPACKING pc=0x0000028359a74e42 sp=0x000000b66eaf8940 mode 0
Event: 37.036 Thread 0x0000028347f126f0 DEOPT PACKING pc=0x0000028352628249 sp=0x000000b66eaf9be0
Event: 37.036 Thread 0x0000028347f126f0 DEOPT UNPACKING pc=0x0000028359a74e42 sp=0x000000b66eaf9050 mode 0

Classes loaded (20 events):
Event: 37.026 Loading class java/lang/invoke/VarHandleInts$FieldInstanceReadWrite
Event: 37.026 Loading class java/lang/invoke/VarHandleInts$FieldInstanceReadOnly
Event: 37.026 Loading class java/lang/invoke/VarHandleInts$FieldInstanceReadOnly done
Event: 37.026 Loading class java/lang/invoke/VarHandleInts$FieldInstanceReadWrite done
Event: 37.026 Loading class java/util/concurrent/FutureTask$WaitNode
Event: 37.026 Loading class java/util/concurrent/FutureTask$WaitNode done
Event: 37.026 Loading class java/util/concurrent/Executors$RunnableAdapter
Event: 37.026 Loading class java/util/concurrent/Executors$RunnableAdapter done
Event: 37.026 Loading class java/util/concurrent/ThreadPoolExecutor$Worker
Event: 37.026 Loading class java/util/concurrent/ThreadPoolExecutor$Worker done
Event: 37.055 Loading class sun/reflect/generics/scope/MethodScope
Event: 37.055 Loading class sun/reflect/generics/scope/MethodScope done
Event: 37.055 Loading class sun/reflect/generics/repository/MethodRepository
Event: 37.055 Loading class sun/reflect/generics/repository/ConstructorRepository
Event: 37.055 Loading class sun/reflect/generics/repository/ConstructorRepository done
Event: 37.055 Loading class sun/reflect/generics/repository/MethodRepository done
Event: 37.055 Loading class sun/reflect/generics/tree/MethodTypeSignature
Event: 37.055 Loading class sun/reflect/generics/tree/MethodTypeSignature done
Event: 37.535 Loading class java/util/ArrayList$ListItr
Event: 37.535 Loading class java/util/ArrayList$ListItr done

Classes unloaded (0 events):
No events

Classes redefined (0 events):
No events

Internal exceptions (11 events):
Event: 19.953 Thread 0x0000028347f126f0 Exception <a 'java/lang/NoSuchMethodError'{0x00000000ffc37288}: 'void java.lang.invoke.DirectMethodHandle$Holder.invokeStatic(java.lang.Object, java.lang.Object)'> (0x00000000ffc37288) 
thrown [s\open\src\hotspot\share\interpreter\linkResolver.cpp, line 774]
Event: 19.954 Thread 0x0000028347f126f0 Exception <a 'java/lang/NoSuchMethodError'{0x00000000ffc3af28}: 'void java.lang.invoke.DirectMethodHandle$Holder.invokeSpecial(java.lang.Object, java.lang.Object, java.lang.Object)'> (0x00000000ffc3af28) 
thrown [s\open\src\hotspot\share\interpreter\linkResolver.cpp, line 774]
Event: 20.487 Thread 0x0000028347f126f0 Exception <a 'java/lang/NoSuchMethodError'{0x00000000ffc8dde8}: 'void java.lang.invoke.DirectMethodHandle$Holder.invokeStatic(java.lang.Object, java.lang.Object, java.lang.Object)'> (0x00000000ffc8dde8) 
thrown [s\open\src\hotspot\share\interpreter\linkResolver.cpp, line 774]
Event: 20.492 Thread 0x0000028347f126f0 Exception <a 'java/lang/NoSuchMethodError'{0x00000000ffcde570}: 'java.lang.Object java.lang.invoke.Invokers$Holder.invokeExact_MT(java.lang.Object, java.lang.Object, java.lang.Object, java.lang.Object, java.lang.Object)'> (0x00000000ffcde570) 
thrown [s\open\src\hotspot\share\interpreter\linkResolver.cpp, line 774]
Event: 20.504 Thread 0x0000028347f126f0 Exception <a 'java/lang/NoSuchMethodError'{0x00000000ffb0c378}: 'int java.lang.invoke.DirectMethodHandle$Holder.invokeStaticInit(java.lang.Object, java.lang.Object)'> (0x00000000ffb0c378) 
thrown [s\open\src\hotspot\share\interpreter\linkResolver.cpp, line 774]
Event: 35.596 Thread 0x0000028347f126f0 Exception <a 'java/lang/NoClassDefFoundError'{0x00000000ff9bef38}: org/slf4j/impl/StaticMarkerBinder> (0x00000000ff9bef38) 
thrown [s\open\src\hotspot\share\classfile\systemDictionary.cpp, line 302]
Event: 35.907 Thread 0x0000028347f126f0 Exception <a 'java/lang/NoSuchMethodError'{0x00000000ff845370}: 'java.lang.Object java.lang.invoke.DirectMethodHandle$Holder.invokeVirtual(java.lang.Object, java.lang.Object, java.lang.Object, java.lang.Object, java.lang.Object, java.lang.Object, java.lang.Object)'> (0x00000000ff845370) 
thrown [s\open\src\hotspot\share\interpreter\linkResolver.cpp, line 774]
Event: 35.914 Thread 0x0000028347f126f0 Exception <a 'java/lang/NoSuchMethodError'{0x00000000ff8584a0}: 'java.lang.Object java.lang.invoke.DirectMethodHandle$Holder.invokeStatic(java.lang.Object, java.lang.Object, int)'> (0x00000000ff8584a0) 
thrown [s\open\src\hotspot\share\interpreter\linkResolver.cpp, line 774]
Event: 35.918 Thread 0x0000028347f126f0 Exception <a 'java/lang/NoSuchMethodError'{0x00000000ff863c20}: 'void java.lang.invoke.DelegatingMethodHandle$Holder.delegate(java.lang.Object, java.lang.Object, int, java.lang.Object)'> (0x00000000ff863c20) 
thrown [s\open\src\hotspot\share\interpreter\linkResolver.cpp, line 774]
Event: 35.919 Thread 0x0000028347f126f0 Exception <a 'java/lang/NoSuchMethodError'{0x00000000ff867b20}: 'int java.lang.invoke.DirectMethodHandle$Holder.invokeSpecial(java.lang.Object, java.lang.Object, java.lang.Object)'> (0x00000000ff867b20) 
thrown [s\open\src\hotspot\share\interpreter\linkResolver.cpp, line 774]
Event: 36.469 Thread 0x0000028347f126f0 Exception <a 'java/lang/NoSuchMethodError'{0x00000000ff8ff328}: 'java.lang.Object java.lang.invoke.DirectMethodHandle$Holder.invokeVirtual(java.lang.Object, java.lang.Object, java.lang.Object)'> (0x00000000ff8ff328) 
thrown [s\open\src\hotspot\share\interpreter\linkResolver.cpp, line 774]

ZGC Phase Switch (0 events):
No events

VM Operations (20 events):
Event: 29.874 Executing VM operation: Cleanup done
Event: 30.876 Executing VM operation: Cleanup
Event: 31.078 Executing VM operation: Cleanup done
Event: 31.925 Executing VM operation: HandshakeAllThreads (Deoptimize)
Event: 31.925 Executing VM operation: HandshakeAllThreads (Deoptimize) done
Event: 31.939 Executing VM operation: HandshakeAllThreads (Deoptimize)
Event: 31.939 Executing VM operation: HandshakeAllThreads (Deoptimize) done
Event: 32.940 Executing VM operation: Cleanup
Event: 33.109 Executing VM operation: Cleanup done
Event: 35.590 Executing VM operation: HandshakeAllThreads (Deoptimize)
Event: 35.590 Executing VM operation: HandshakeAllThreads (Deoptimize) done
Event: 35.590 Executing VM operation: Cleanup
Event: 35.590 Executing VM operation: Cleanup done
Event: 35.590 Executing VM operation: HandshakeAllThreads (Deoptimize)
Event: 35.590 Executing VM operation: HandshakeAllThreads (Deoptimize) done
Event: 35.913 Executing VM operation: HandshakeAllThreads (Deoptimize)
Event: 35.913 Executing VM operation: HandshakeAllThreads (Deoptimize) done
Event: 36.922 Executing VM operation: Cleanup
Event: 36.999 Executing VM operation: Cleanup done
Event: 37.536 Executing VM operation: HandshakeAllThreads (Deoptimize)

Events (12 events):
Event: 10.239 Thread 0x0000028347f126f0 Thread added: 0x0000028347f126f0
Event: 13.354 Thread 0x00000283411098a0 Thread added: 0x00000283411098a0
Event: 13.354 Thread 0x000002834110a970 Thread added: 0x000002834110a970
Event: 13.355 Thread 0x0000028341112810 Thread added: 0x0000028341112810
Event: 13.355 Thread 0x0000028341113270 Thread added: 0x0000028341113270
Event: 13.356 Thread 0x0000028341113cd0 Thread added: 0x0000028341113cd0
Event: 13.356 Thread 0x0000028341114730 Thread added: 0x0000028341114730
Event: 13.356 Thread 0x00000283411154c0 Thread added: 0x00000283411154c0
Event: 13.628 Thread 0x00000283411197b0 Thread added: 0x00000283411197b0
Event: 14.007 Thread 0x000002834118cff0 Thread added: 0x000002834118cff0
Event: 14.015 Thread 0x0000028341192280 Thread added: 0x0000028341192280
Event: 37.027 Thread 0x0000028341b4d040 Thread added: 0x0000028341b4d040


Dynamic libraries:
0x00007ff781a10000 - 0x00007ff781a20000 	C:\Program Files\Java\jdk-22\bin\java.exe
0x00007ffb5da70000 - 0x00007ffb5dc68000 	C:\Windows\SYSTEM32\ntdll.dll
0x00007ffb5ce90000 - 0x00007ffb5cf52000 	C:\Windows\System32\KERNEL32.DLL
0x00007ffb5b530000 - 0x00007ffb5b826000 	C:\Windows\System32\KERNELBASE.dll
0x00007ffb5b830000 - 0x00007ffb5b930000 	C:\Windows\System32\ucrtbase.dll
0x00007ffb3b180000 - 0x00007ffb3b197000 	C:\Program Files\Java\jdk-22\bin\jli.dll
0x00007ffb5bd70000 - 0x00007ffb5be21000 	C:\Windows\System32\ADVAPI32.dll
0x00007ffb5cfe0000 - 0x00007ffb5d07e000 	C:\Windows\System32\msvcrt.dll
0x00007ffb5cde0000 - 0x00007ffb5ce7f000 	C:\Windows\System32\sechost.dll
0x00007ffb5bc50000 - 0x00007ffb5bd70000 	C:\Windows\System32\RPCRT4.dll
0x00007ffb5b930000 - 0x00007ffb5b957000 	C:\Windows\System32\bcrypt.dll
0x00007ffb5baa0000 - 0x00007ffb5bc3d000 	C:\Windows\System32\USER32.dll
0x00007ffb5b300000 - 0x00007ffb5b322000 	C:\Windows\System32\win32u.dll
0x00007ffb5d4f0000 - 0x00007ffb5d51b000 	C:\Windows\System32\GDI32.dll
0x00007ffb5b110000 - 0x00007ffb5b229000 	C:\Windows\System32\gdi32full.dll
0x00007ffb5b490000 - 0x00007ffb5b52d000 	C:\Windows\System32\msvcp_win.dll
0x00007ffb44b40000 - 0x00007ffb44b5b000 	C:\Program Files\Java\jdk-22\bin\VCRUNTIME140.dll
0x00007ffb48360000 - 0x00007ffb485fb000 	C:\Windows\WinSxS\amd64_microsoft.windows.common-controls_6595b64144ccf1df_6.0.19041.6280_none_60bc30a171f2f3f3\COMCTL32.dll
0x00007ffb534d0000 - 0x00007ffb534da000 	C:\Windows\SYSTEM32\VERSION.dll
0x00007ffb5cc90000 - 0x00007ffb5ccbf000 	C:\Windows\System32\IMM32.DLL
0x00007ffb44b30000 - 0x00007ffb44b3c000 	C:\Program Files\Java\jdk-22\bin\vcruntime140_1.dll
0x00007ffb2c050000 - 0x00007ffb2c0de000 	C:\Program Files\Java\jdk-22\bin\msvcp140.dll
0x00007ffb23f10000 - 0x00007ffb24c57000 	C:\Program Files\Java\jdk-22\bin\server\jvm.dll
0x00007ffb5ccc0000 - 0x00007ffb5cd2b000 	C:\Windows\System32\WS2_32.dll
0x00007ffb5af70000 - 0x00007ffb5afbb000 	C:\Windows\SYSTEM32\POWRPROF.dll
0x00007ffb4fd90000 - 0x00007ffb4fdb7000 	C:\Windows\SYSTEM32\WINMM.dll
0x00007ffb5af50000 - 0x00007ffb5af62000 	C:\Windows\SYSTEM32\UMPDC.dll
0x00007ffb597a0000 - 0x00007ffb597b2000 	C:\Windows\SYSTEM32\kernel.appcore.dll
0x00007ffb44850000 - 0x00007ffb4485a000 	C:\Program Files\Java\jdk-22\bin\jimage.dll
0x00007ffb58c60000 - 0x00007ffb58e61000 	C:\Windows\SYSTEM32\DBGHELP.DLL
0x00007ffb3c700000 - 0x00007ffb3c734000 	C:\Windows\SYSTEM32\dbgcore.DLL
0x00007ffb5b960000 - 0x00007ffb5b9e2000 	C:\Windows\System32\bcryptPrimitives.dll
0x00007ffb3aeb0000 - 0x00007ffb3aece000 	C:\Program Files\Java\jdk-22\bin\java.dll
0x00007ffb5c320000 - 0x00007ffb5ca90000 	C:\Windows\System32\SHELL32.dll
0x00007ffb5c1f0000 - 0x00007ffb5c31b000 	C:\Windows\System32\ole32.dll
0x00007ffb5d6d0000 - 0x00007ffb5da23000 	C:\Windows\System32\combase.dll
0x00007ffb58e70000 - 0x00007ffb59615000 	C:\Windows\SYSTEM32\windows.storage.dll
0x00007ffb5aa70000 - 0x00007ffb5aa9b000 	C:\Windows\SYSTEM32\Wldp.dll
0x00007ffb5bf70000 - 0x00007ffb5c03d000 	C:\Windows\System32\OLEAUT32.dll
0x00007ffb5ca90000 - 0x00007ffb5cb3d000 	C:\Windows\System32\SHCORE.dll
0x00007ffb5cf80000 - 0x00007ffb5cfdb000 	C:\Windows\System32\shlwapi.dll
0x00007ffb5b040000 - 0x00007ffb5b064000 	C:\Windows\SYSTEM32\profapi.dll
0x00007ffb2bf70000 - 0x00007ffb2c047000 	C:\Program Files\Java\jdk-22\bin\jsvml.dll
0x00007ffb447c0000 - 0x00007ffb447d0000 	C:\Program Files\Java\jdk-22\bin\net.dll
0x00007ffb5a7d0000 - 0x00007ffb5a83a000 	C:\Windows\system32\mswsock.dll
0x00007ffb39bc0000 - 0x00007ffb39bd6000 	C:\Program Files\Java\jdk-22\bin\nio.dll
0x00007ffb37350000 - 0x00007ffb37367000 	C:\Program Files\Java\jdk-22\bin\zip.dll
0x00007ffb42c00000 - 0x00007ffb42c10000 	C:\Program Files\Java\jdk-22\bin\verify.dll
0x00007ffb45380000 - 0x00007ffb453a7000 	C:\Users\admin\.gradle\native\68d5fa5c4cc2d200863cafc0d521ce42e7d3e7ee720ec0a83991735586a16f82\windows-amd64\native-platform.dll

dbghelp: loaded successfully - version: 4.0.5 - missing functions: none
symbol engine: initialized successfully - sym options: 0x614 - pdb path: .;C:\Program Files\Java\jdk-22\bin;C:\Windows\SYSTEM32;C:\Windows\WinSxS\amd64_microsoft.windows.common-controls_6595b64144ccf1df_6.0.19041.6280_none_60bc30a171f2f3f3;C:\Program Files\Java\jdk-22\bin\server;C:\Users\admin\.gradle\native\68d5fa5c4cc2d200863cafc0d521ce42e7d3e7ee720ec0a83991735586a16f82\windows-amd64

VM Arguments:
jvm_args: -Xmx64m -Xms64m -Dorg.gradle.appname=gradlew 
java_command: org.gradle.wrapper.GradleWrapperMain app:installDebug -PreactNativeDevServerPort=8081
java_class_path (initial): D:\LearnReactNative\android\\gradle\wrapper\gradle-wrapper.jar
Launcher Type: SUN_STANDARD

[Global flags]
     intx CICompilerCount                          = 3                                         {product} {ergonomic}
     uint ConcGCThreads                            = 1                                         {product} {ergonomic}
     uint G1ConcRefinementThreads                  = 4                                         {product} {ergonomic}
   size_t G1HeapRegionSize                         = 1048576                                   {product} {ergonomic}
   size_t InitialHeapSize                          = 67108864                                  {product} {command line}
   size_t MarkStackSize                            = 4194304                                   {product} {ergonomic}
   size_t MaxHeapSize                              = 67108864                                  {product} {command line}
   size_t MaxNewSize                               = 39845888                                  {product} {ergonomic}
   size_t MinHeapDeltaBytes                        = 1048576                                   {product} {ergonomic}
   size_t MinHeapSize                              = 67108864                                  {product} {command line}
    uintx NonNMethodCodeHeapSize                   = 5832780                                {pd product} {ergonomic}
    uintx NonProfiledCodeHeapSize                  = 122912730                              {pd product} {ergonomic}
    uintx ProfiledCodeHeapSize                     = 122912730                              {pd product} {ergonomic}
    uintx ReservedCodeCacheSize                    = 251658240                              {pd product} {ergonomic}
     bool SegmentedCodeCache                       = true                                      {product} {ergonomic}
   size_t SoftMaxHeapSize                          = 67108864                               {manageable} {ergonomic}
     bool UseCompressedOops                        = true                           {product lp64_product} {ergonomic}
     bool UseG1GC                                  = true                                      {product} {ergonomic}
     bool UseLargePagesIndividualAllocation        = false                                  {pd product} {ergonomic}

Logging:
Log output configuration:
 #0: stdout all=warning uptime,level,tags foldmultilines=false
 #1: stderr all=off uptime,level,tags foldmultilines=false

Environment Variables:
CLASSPATH=D:\LearnReactNative\android\\gradle\wrapper\gradle-wrapper.jar
PATH=D:\LearnReactNative\node_modules\.bin;D:\LearnReactNative\node_modules\.bin;D:\node_modules\.bin;C:\Program Files\nodejs\node_modules\npm\node_modules\@npmcli\run-script\lib\node-gyp-bin;D:\LearnReactNative\node_modules\.bin;D:\node_modules\.bin;C:\Program Files\nodejs\node_modules\npm\node_modules\@npmcli\run-script\lib\node-gyp-bin;C:\Users\admin\bin;C:\Program Files\Git\mingw64\bin;C:\Program Files\Git\usr\local\bin;C:\Program Files\Git\usr\bin;C:\Program Files\Git\usr\bin;C:\Program Files\Git\mingw64\bin;C:\Program Files\Git\usr\bin;C:\Users\admin\bin;C:\Program Files\Common Files\Oracle\Java\javapath;C:\Windows\system32;C:\Windows;C:\Windows\System32\Wbem;C:\Windows\System32\WindowsPowerShell\v1.0;C:\Windows\System32\OpenSSH;C:\xampp\php;C:\composer;C:\Program Files\Git\cmd;C:\Program Files\nodejs;C:\Users\admin\AppData\Local\Programs\Python\Python312\Scripts;C:\Users\admin\AppData\Local\Programs\Python\Python312;C:\Users\admin\AppData\Local\Programs\Python\Launcher;C:\Users\admin\AppData\Local\Microsoft\WindowsApps;C:\Users\admin\AppData\Local\Programs\Microsoft VS Code\bin;C:\Users\admin\AppData\Roaming\Composer\vendor\bin;C:\Users\admin\AppData\Local\Microsoft\WinGet\Packages\Schniz.fnm_Microsoft.Winget.Source_8wekyb3d8bbwe;C:\Users\admin\AppData\Roaming\npm;C:\Program Files\Git\usr\bin\vendor_perl;C:\Program Files\Git\usr\bin\core_perl
USERNAME=admin
SHELL=C:\Program Files\Git\usr\bin\bash.exe
DISPLAY=needs-to-be-defined
LANG=en_US.UTF-8
TERM=xterm-256color
TMPDIR=C:\Users\admin\AppData\Local\Temp
OS=Windows_NT
PROCESSOR_IDENTIFIER=Intel64 Family 6 Model 142 Stepping 9, GenuineIntel
TMP=C:\Users\admin\AppData\Local\Temp
TEMP=C:\Users\admin\AppData\Local\Temp




Periodic native trim disabled

---------------  S Y S T E M  ---------------

OS:
 Windows 10 , 64 bit Build 19041 (10.0.19041.5915)
OS uptime: 3 days 17:31 hours

CPU: total 4 (initial active 4) (2 cores per cpu, 2 threads per core) family 6 model 142 stepping 9 microcode 0xf6, cx8, cmov, fxsr, ht, mmx, 3dnowpref, sse, sse2, sse3, ssse3, sse4.1, sse4.2, popcnt, lzcnt, tsc, tscinvbit, avx, avx2, aes, erms, clmul, bmi1, bmi2, rtm, adx, fma, vzeroupper, clflush, clflushopt, rdtscp, f16c
Processor Information for all 4 processors :
  Max Mhz: 2701, Current Mhz: 2701, Mhz Limit: 2701

Memory: 4k page, system-wide physical 8073M (187M free)
TotalPageFile size 32649M (AvailPageFile size 242M)
current process WorkingSet (physical memory assigned to process): 68M, peak: 68M
current process commit charge ("private bytes"): 148M, peak: 148M

vm_info: Java HotSpot(TM) 64-Bit Server VM (22.0.1+8-16) for windows-amd64 JRE (22.0.1+8-16), built on 2024-03-12T10:33:16Z by "mach5one" with MS VC++ 17.6 (VS2022)

END.
