#
# There is insufficient memory for the Java Runtime Environment to continue.
# Native memory allocation (mmap) failed to map 134217728 bytes. Error detail: G1 virtual space
# Possible reasons:
#   The system is out of physical RAM or swap space
#   This process is running with CompressedOops enabled, and the Java Heap may be blocking the growth of the native heap
# Possible solutions:
#   Reduce memory load on the system
#   Increase physical memory or swap space
#   Check if swap backing store is full
#   Decrease Java heap size (-Xmx/-Xms)
#   Decrease number of Java threads
#   Decrease Java thread stack sizes (-Xss)
#   Set larger code cache with -XX:ReservedCodeCacheSize=
#   JVM is running with Unscaled Compressed Oops mode in which the Java heap is
#     placed in the first 4GB address space. The Java Heap base address is the
#     maximum limit for the native heap growth. Please use -XX:HeapBaseMinAddress
#     to set the Java Heap base and to place the Java Heap above 4GB virtual address.
# This output file may be truncated or incomplete.
#
#  Out of Memory Error (os_windows.cpp:3631), pid=23140, tid=30708
#
# JRE version:  (22.0.1+8) (build )
# Java VM: Java HotSpot(TM) 64-Bit Server VM (22.0.1+8-16, mixed mode, sharing, tiered, compressed oops, compressed class ptrs, g1 gc, windows-amd64)
# No core dump will be written. Minidumps are not enabled by default on client versions of Windows
#

---------------  S U M M A R Y ------------

Command Line: 

Host: Intel(R) Core(TM) i5-7300U CPU @ 2.60GHz, 4 cores, 7G,  Windows 10 , 64 bit Build 19041 (10.0.19041.5915)
Time: Mon Sep 29 09:08:00 2025 SE Asia Standard Time elapsed time: 4.539082 seconds (0d 0h 0m 4s)

---------------  T H R E A D  ---------------

Current thread (0x000001eb87b53860):  JavaThread "Unknown thread" [_thread_in_vm, id=30708, stack(0x0000009e19700000,0x0000009e19800000) (1024K)]

Stack: [0x0000009e19700000,0x0000009e19800000]
Native frames: (J=compiled Java code, j=interpreted, Vv=VM code, C=native code)
V  [jvm.dll+0x6e2279]  (no source info available)
V  [jvm.dll+0x874e33]  (no source info available)
V  [jvm.dll+0x87725e]  (no source info available)
V  [jvm.dll+0x877933]  (no source info available)
V  [jvm.dll+0x27fd76]  (no source info available)
V  [jvm.dll+0x6de915]  (no source info available)
V  [jvm.dll+0x6d341a]  (no source info available)
V  [jvm.dll+0x3589da]  (no source info available)
V  [jvm.dll+0x360f06]  (no source info available)
V  [jvm.dll+0x3b3e2e]  (no source info available)
V  [jvm.dll+0x3b40d8]  (no source info available)
V  [jvm.dll+0x32c59c]  (no source info available)
V  [jvm.dll+0x32d158]  (no source info available)
V  [jvm.dll+0x83ccdc]  (no source info available)
V  [jvm.dll+0x3c0d71]  (no source info available)
V  [jvm.dll+0x825ccc]  (no source info available)
V  [jvm.dll+0x45b8fe]  (no source info available)
V  [jvm.dll+0x45d781]  (no source info available)
C  [jli.dll+0x52a3]  (no source info available)
C  [ucrtbase.dll+0x21bb2]  (no source info available)
C  [KERNEL32.DLL+0x17374]  (no source info available)
C  [ntdll.dll+0x4cc91]  (no source info available)


---------------  P R O C E S S  ---------------

Threads class SMR info:
_java_thread_list=0x00007ffb24afb1c8, length=0, elements={
}

Java Threads: ( => current thread )
Total: 0

Other Threads:
  0x000001eb87ba77f0 WorkerThread "GC Thread#0"                     [id=33020, stack(0x0000009e19800000,0x0000009e19900000) (1024K)]
  0x000001eb87bb8460 ConcurrentGCThread "G1 Main Marker"            [id=33024, stack(0x0000009e19900000,0x0000009e19a00000) (1024K)]
  0x000001eb87bb8f70 WorkerThread "G1 Conc#0"                       [id=33028, stack(0x0000009e19a00000,0x0000009e19b00000) (1024K)]

[error occurred during error reporting (printing all threads), id 0xc0000005, EXCEPTION_ACCESS_VIOLATION (0xc0000005) at pc=0x00007ffb2424f367]
VM state: not at safepoint (not fully initialized)

VM Mutex/Monitor currently owned by a thread:  ([mutex/lock_event])
[0x00007ffb24b7bcb8] Heap_lock - owner thread: 0x000001eb87b53860

Heap address: 0x0000000081c00000, size: 2020 MB, Compressed Oops mode: 32-bit

CDS archive(s) mapped at: [0x0000000000000000-0x0000000000000000-0x0000000000000000), size 0, SharedBaseAddress: 0x0000000800000000, ArchiveRelocationMode: 1.
Narrow klass base: 0x0000000000000000, Narrow klass shift: 0, Narrow klass range: 0x0

GC Precious Log:
 CardTable entry size: 512
 Card Set container configuration: InlinePtr #cards 5 size 8 Array Of Cards #cards 12 size 40 Howl #buckets 4 coarsen threshold 1843 Howl Bitmap #cards 512 size 80 coarsen threshold 460 Card regions per heap region 1 cards per card region 2048

Heap:
 garbage-first heap   total reserved 2068480K, committed 0K, used 0K [0x0000000081c00000, 0x0000000100000000)
  region size 1024K, 0 young (0K), 0 survivors (0K)

[error occurred during error reporting (printing heap information), id 0xc0000005, EXCEPTION_ACCESS_VIOLATION (0xc0000005) at pc=0x00007ffb2464e429]
GC Heap History (0 events):
No events

Dll operation events (1 events):
Event: 4.095 Loaded shared library C:\Program Files\Java\jdk-22\bin\java.dll

Deoptimization events (0 events):
No events

Classes loaded (0 events):
No events

Classes unloaded (0 events):
No events

Classes redefined (0 events):
No events

Internal exceptions (0 events):
No events

ZGC Phase Switch (0 events):
No events

VM Operations (0 events):
No events

Events (0 events):
No events


Dynamic libraries:
0x00007ff781a10000 - 0x00007ff781a20000 	C:\Program Files\Java\jdk-22\bin\java.exe
0x00007ffb5da70000 - 0x00007ffb5dc68000 	C:\Windows\SYSTEM32\ntdll.dll
0x00007ffb5ce90000 - 0x00007ffb5cf52000 	C:\Windows\System32\KERNEL32.DLL
0x00007ffb5b530000 - 0x00007ffb5b826000 	C:\Windows\System32\KERNELBASE.dll
0x00007ffb5b830000 - 0x00007ffb5b930000 	C:\Windows\System32\ucrtbase.dll
0x00007ffb3b180000 - 0x00007ffb3b197000 	C:\Program Files\Java\jdk-22\bin\jli.dll
0x00007ffb5bd70000 - 0x00007ffb5be21000 	C:\Windows\System32\ADVAPI32.dll
0x00007ffb5cfe0000 - 0x00007ffb5d07e000 	C:\Windows\System32\msvcrt.dll
0x00007ffb5cde0000 - 0x00007ffb5ce7f000 	C:\Windows\System32\sechost.dll
0x00007ffb5bc50000 - 0x00007ffb5bd70000 	C:\Windows\System32\RPCRT4.dll
0x00007ffb5b930000 - 0x00007ffb5b957000 	C:\Windows\System32\bcrypt.dll
0x00007ffb5baa0000 - 0x00007ffb5bc3d000 	C:\Windows\System32\USER32.dll
0x00007ffb5b300000 - 0x00007ffb5b322000 	C:\Windows\System32\win32u.dll
0x00007ffb5d4f0000 - 0x00007ffb5d51b000 	C:\Windows\System32\GDI32.dll
0x00007ffb5b110000 - 0x00007ffb5b229000 	C:\Windows\System32\gdi32full.dll
0x00007ffb5b490000 - 0x00007ffb5b52d000 	C:\Windows\System32\msvcp_win.dll
0x00007ffb44b40000 - 0x00007ffb44b5b000 	C:\Program Files\Java\jdk-22\bin\VCRUNTIME140.dll
0x00007ffb48360000 - 0x00007ffb485fb000 	C:\Windows\WinSxS\amd64_microsoft.windows.common-controls_6595b64144ccf1df_6.0.19041.6280_none_60bc30a171f2f3f3\COMCTL32.dll
0x00007ffb534d0000 - 0x00007ffb534da000 	C:\Windows\SYSTEM32\VERSION.dll
0x00007ffb5cc90000 - 0x00007ffb5ccbf000 	C:\Windows\System32\IMM32.DLL
0x00007ffb44b30000 - 0x00007ffb44b3c000 	C:\Program Files\Java\jdk-22\bin\vcruntime140_1.dll
0x00007ffb2c050000 - 0x00007ffb2c0de000 	C:\Program Files\Java\jdk-22\bin\msvcp140.dll
0x00007ffb23f10000 - 0x00007ffb24c57000 	C:\Program Files\Java\jdk-22\bin\server\jvm.dll
0x00007ffb5ccc0000 - 0x00007ffb5cd2b000 	C:\Windows\System32\WS2_32.dll
0x00007ffb5af70000 - 0x00007ffb5afbb000 	C:\Windows\SYSTEM32\POWRPROF.dll
0x00007ffb4fd90000 - 0x00007ffb4fdb7000 	C:\Windows\SYSTEM32\WINMM.dll
0x00007ffb5af50000 - 0x00007ffb5af62000 	C:\Windows\SYSTEM32\UMPDC.dll
0x00007ffb597a0000 - 0x00007ffb597b2000 	C:\Windows\SYSTEM32\kernel.appcore.dll
0x00007ffb44850000 - 0x00007ffb4485a000 	C:\Program Files\Java\jdk-22\bin\jimage.dll
0x00007ffb58c60000 - 0x00007ffb58e61000 	C:\Windows\SYSTEM32\DBGHELP.DLL
0x00007ffb3c700000 - 0x00007ffb3c734000 	C:\Windows\SYSTEM32\dbgcore.DLL
0x00007ffb5b960000 - 0x00007ffb5b9e2000 	C:\Windows\System32\bcryptPrimitives.dll
0x00007ffb3aeb0000 - 0x00007ffb3aece000 	C:\Program Files\Java\jdk-22\bin\java.dll
0x00007ffb5c320000 - 0x00007ffb5ca90000 	C:\Windows\System32\SHELL32.dll
0x00007ffb5c1f0000 - 0x00007ffb5c31b000 	C:\Windows\System32\ole32.dll
0x00007ffb5d6d0000 - 0x00007ffb5da23000 	C:\Windows\System32\combase.dll

dbghelp: loaded successfully - version: 4.0.5 - missing functions: none
symbol engine: initialized successfully - sym options: 0x614 - pdb path: .;C:\Program Files\Java\jdk-22\bin;C:\Windows\SYSTEM32;C:\Windows\WinSxS\amd64_microsoft.windows.common-controls_6595b64144ccf1df_6.0.19041.6280_none_60bc30a171f2f3f3;C:\Program Files\Java\jdk-22\bin\server

VM Arguments:
java_command: <unknown>
java_class_path (initial): <not set>
Launcher Type: SUN_STANDARD

[Global flags]
     intx CICompilerCount                          = 3                                         {product} {ergonomic}
     uint ConcGCThreads                            = 1                                         {product} {ergonomic}
     uint G1ConcRefinementThreads                  = 4                                         {product} {ergonomic}
   size_t G1HeapRegionSize                         = 1048576                                   {product} {ergonomic}
   size_t InitialHeapSize                          = 134217728                                 {product} {ergonomic}
   size_t MarkStackSize                            = 4194304                                   {product} {ergonomic}
   size_t MaxHeapSize                              = 2118123520                                {product} {ergonomic}
   size_t MinHeapDeltaBytes                        = 1048576                                   {product} {ergonomic}
   size_t MinHeapSize                              = 8388608                                   {product} {ergonomic}
    uintx NonNMethodCodeHeapSize                   = 5832780                                {pd product} {ergonomic}
    uintx NonProfiledCodeHeapSize                  = 122912730                              {pd product} {ergonomic}
    uintx ProfiledCodeHeapSize                     = 122912730                              {pd product} {ergonomic}
    uintx ReservedCodeCacheSize                    = 251658240                              {pd product} {ergonomic}
     bool SegmentedCodeCache                       = true                                      {product} {ergonomic}
   size_t SoftMaxHeapSize                          = 2118123520                             {manageable} {ergonomic}
     bool UseCompressedOops                        = true                           {product lp64_product} {ergonomic}
     bool UseG1GC                                  = true                                      {product} {ergonomic}
     bool UseLargePagesIndividualAllocation        = false                                  {pd product} {ergonomic}

Logging:
Log output configuration:
 #0: stdout all=warning uptime,level,tags foldmultilines=false
 #1: stderr all=off uptime,level,tags foldmultilines=false

Environment Variables:
PATH=D:\LearnReactNative\node_modules\.bin;D:\LearnReactNative\node_modules\.bin;D:\node_modules\.bin;C:\Program Files\nodejs\node_modules\npm\node_modules\@npmcli\run-script\lib\node-gyp-bin;D:\LearnReactNative\node_modules\.bin;D:\node_modules\.bin;C:\Program Files\nodejs\node_modules\npm\node_modules\@npmcli\run-script\lib\node-gyp-bin;C:\Users\admin\bin;C:\Program Files\Git\mingw64\bin;C:\Program Files\Git\usr\local\bin;C:\Program Files\Git\usr\bin;C:\Program Files\Git\usr\bin;C:\Program Files\Git\mingw64\bin;C:\Program Files\Git\usr\bin;C:\Users\admin\bin;C:\Program Files\Common Files\Oracle\Java\javapath;C:\Windows\system32;C:\Windows;C:\Windows\System32\Wbem;C:\Windows\System32\WindowsPowerShell\v1.0;C:\Windows\System32\OpenSSH;C:\xampp\php;C:\composer;C:\Program Files\Git\cmd;C:\Program Files\nodejs;C:\Users\admin\AppData\Local\Programs\Python\Python312\Scripts;C:\Users\admin\AppData\Local\Programs\Python\Python312;C:\Users\admin\AppData\Local\Programs\Python\Launcher;C:\Users\admin\AppData\Local\Microsoft\WindowsApps;C:\Users\admin\AppData\Local\Programs\Microsoft VS Code\bin;C:\Users\admin\AppData\Roaming\Composer\vendor\bin;C:\Users\admin\AppData\Local\Microsoft\WinGet\Packages\Schniz.fnm_Microsoft.Winget.Source_8wekyb3d8bbwe;C:\Users\admin\AppData\Roaming\npm;C:\Program Files\Git\usr\bin\vendor_perl;C:\Program Files\Git\usr\bin\core_perl
USERNAME=admin
SHELL=C:\Program Files\Git\usr\bin\bash.exe
DISPLAY=needs-to-be-defined
LANG=en_US.UTF-8
TERM=xterm-256color
TMPDIR=C:\Users\admin\AppData\Local\Temp
OS=Windows_NT
PROCESSOR_IDENTIFIER=Intel64 Family 6 Model 142 Stepping 9, GenuineIntel
TMP=C:\Users\admin\AppData\Local\Temp
TEMP=C:\Users\admin\AppData\Local\Temp




Periodic native trim disabled

---------------  S Y S T E M  ---------------

OS:
 Windows 10 , 64 bit Build 19041 (10.0.19041.5915)
OS uptime: 3 days 17:30 hours

CPU: total 4 (initial active 4) (2 cores per cpu, 2 threads per core) family 6 model 142 stepping 9 microcode 0xf6, cx8, cmov, fxsr, ht, mmx, 3dnowpref, sse, sse2, sse3, ssse3, sse4.1, sse4.2, popcnt, lzcnt, tsc, tscinvbit, avx, avx2, aes, erms, clmul, bmi1, bmi2, rtm, adx, fma, vzeroupper, clflush, clflushopt, rdtscp, f16c
Processor Information for all 4 processors :
  Max Mhz: 2701, Current Mhz: 2701, Mhz Limit: 2701

Memory: 4k page, system-wide physical 8073M (244M free)
TotalPageFile size 32649M (AvailPageFile size 307M)
current process WorkingSet (physical memory assigned to process): 10M, peak: 10M
current process commit charge ("private bytes"): 52M, peak: 180M

vm_info: Java HotSpot(TM) 64-Bit Server VM (22.0.1+8-16) for windows-amd64 JRE (22.0.1+8-16), built on 2024-03-12T10:33:16Z by "mach5one" with MS VC++ 17.6 (VS2022)

END.
